<?xml version="1.0" encoding="UTF-8"?>
<robot generator="Robot 6.0.2 (Python 3.9.2 on win32)" generated="20241008 22:13:34.739" rpa="false" schemaversion="3">
<suite id="s1" name="Testcases" source="C:\Users\Home-Few\Documents\GitHub\all-speedy-automated\testcases">
<suite id="s1-s1" name="E2E" source="C:\Users\Home-Few\Documents\GitHub\all-speedy-automated\testcases\e2e">
<suite id="s1-s1-s1" name="Booking" source="C:\Users\Home-Few\Documents\GitHub\all-speedy-automated\testcases\e2e\booking.robot">
<test id="s1-s1-s1-t1" name="Booking_S001" line="9">
<kw name="Run Keywords" library="BuiltIn" type="SETUP">
<arg>Open Chrome Browser</arg>
<arg>headlesschrome</arg>
<arg>AND</arg>
<arg>Set Folder Result with date</arg>
<doc>Executes all the given keywords in a sequence.</doc>
<kw name="Open Chrome Browser" library="common">
<arg>headlesschrome</arg>
<kw name="Evaluate" library="BuiltIn">
<var>${chrome_options}</var>
<arg>sys.modules['selenium.webdriver'].ChromeOptions()</arg>
<arg>sys, selenium.webdriver</arg>
<doc>Evaluates the given expression in Python and returns the result.</doc>
<msg timestamp="20241008 22:13:35.224" level="INFO">${chrome_options} = &lt;selenium.webdriver.chrome.options.Options object at 0x00000154229F8EB0&gt;</msg>
<status status="PASS" starttime="20241008 22:13:35.224" endtime="20241008 22:13:35.224"/>
</kw>
<kw name="Call Method" library="BuiltIn">
<arg>${chrome_options}</arg>
<arg>add_argument</arg>
<arg>--disable-extensions</arg>
<doc>Calls the named method of the given object with the provided arguments.</doc>
<status status="PASS" starttime="20241008 22:13:35.224" endtime="20241008 22:13:35.225"/>
</kw>
<kw name="Call Method" library="BuiltIn">
<arg>${chrome_options}</arg>
<arg>add_argument</arg>
<arg>--disable-gpu</arg>
<doc>Calls the named method of the given object with the provided arguments.</doc>
<status status="PASS" starttime="20241008 22:13:35.225" endtime="20241008 22:13:35.225"/>
</kw>
<kw name="Call Method" library="BuiltIn">
<arg>${chrome_options}</arg>
<arg>add_argument</arg>
<arg>--no-sandbox</arg>
<doc>Calls the named method of the given object with the provided arguments.</doc>
<status status="PASS" starttime="20241008 22:13:35.225" endtime="20241008 22:13:35.225"/>
</kw>
<kw name="Call Method" library="BuiltIn">
<arg>${chrome_options}</arg>
<arg>add_argument</arg>
<arg>--window-size\=1920,1080</arg>
<doc>Calls the named method of the given object with the provided arguments.</doc>
<status status="PASS" starttime="20241008 22:13:35.225" endtime="20241008 22:13:35.225"/>
</kw>
<kw name="Open Browser" library="SeleniumLibrary">
<arg>about:blank</arg>
<arg>${chrome}</arg>
<arg>options=${chrome_options}</arg>
<doc>Opens a new browser instance to the optional ``url``.</doc>
<msg timestamp="20241008 22:13:35.226" level="INFO">Opening browser 'headlesschrome' to base url 'about:blank'.</msg>
<status status="PASS" starttime="20241008 22:13:35.225" endtime="20241008 22:13:36.528"/>
</kw>
<kw name="Set Selenium Speed" library="SeleniumLibrary">
<arg>0.2</arg>
<doc>Sets the delay that is waited after each Selenium command.</doc>
<status status="PASS" starttime="20241008 22:13:36.528" endtime="20241008 22:13:36.528"/>
</kw>
<status status="PASS" starttime="20241008 22:13:35.224" endtime="20241008 22:13:36.528"/>
</kw>
<kw name="Set Folder Result with date" library="common">
<kw name="Get Current Date" library="DateTime">
<var>${date_YYYY_MM_DD}</var>
<doc>Returns current local or UTC time with an optional increment.</doc>
<msg timestamp="20241008 22:13:36.529" level="INFO">${date_YYYY_MM_DD} = 2024-10-08 22:13:36.529</msg>
<status status="PASS" starttime="20241008 22:13:36.529" endtime="20241008 22:13:36.529"/>
</kw>
<kw name="Convert Date" library="DateTime">
<var>${date_YYYY_MM_DD}</var>
<arg>${date_YYYY_MM_DD}</arg>
<arg>result_format=%Y-%m-%d</arg>
<doc>Converts between supported `date formats`.</doc>
<msg timestamp="20241008 22:13:36.531" level="INFO">${date_YYYY_MM_DD} = 2024-10-08</msg>
<status status="PASS" starttime="20241008 22:13:36.529" endtime="20241008 22:13:36.531"/>
</kw>
<kw name="Set Variable" library="BuiltIn">
<var>${FOlDER_RESULT}</var>
<arg>../results/${date_YYYY_MM_DD}</arg>
<doc>Returns the given values which can then be assigned to a variables.</doc>
<msg timestamp="20241008 22:13:36.531" level="INFO">${FOlDER_RESULT} = ../results/2024-10-08</msg>
<status status="PASS" starttime="20241008 22:13:36.531" endtime="20241008 22:13:36.531"/>
</kw>
<kw name="Set Global Variable" library="BuiltIn">
<arg>${FOlDER_RESULT}</arg>
<doc>Makes a variable available globally in all tests and suites.</doc>
<msg timestamp="20241008 22:13:36.532" level="INFO">${FOlDER_RESULT} = ../results/2024-10-08</msg>
<status status="PASS" starttime="20241008 22:13:36.532" endtime="20241008 22:13:36.532"/>
</kw>
<status status="PASS" starttime="20241008 22:13:36.529" endtime="20241008 22:13:36.532"/>
</kw>
<status status="PASS" starttime="20241008 22:13:35.224" endtime="20241008 22:13:36.532"/>
</kw>
<kw name="Log" library="BuiltIn">
<arg>Step No.1 Tap ลงทะเบียนลูกค้าธุระกิจ</arg>
<doc>Logs the given message with the given level.</doc>
<msg timestamp="20241008 22:13:36.532" level="INFO">Step No.1 Tap ลงทะเบียนลูกค้าธุระกิจ</msg>
<status status="PASS" starttime="20241008 22:13:36.532" endtime="20241008 22:13:36.533"/>
</kw>
<kw name="Open URL" library="common">
<arg>${B2C_UAT_URL}</arg>
<kw name="Go To" library="SeleniumLibrary">
<arg>${url}</arg>
<doc>Navigates the current browser window to the provided ``url``.</doc>
<msg timestamp="20241008 22:13:36.533" level="INFO">Opening url 'https://www-uat.allspeedy.co.th/auth/login'</msg>
<status status="PASS" starttime="20241008 22:13:36.533" endtime="20241008 22:13:37.651"/>
</kw>
<status status="PASS" starttime="20241008 22:13:36.533" endtime="20241008 22:13:37.651"/>
</kw>
<kw name="Select Business Customers Tab" library="register_general_customers_page">
<kw name="Click When Ready" library="common">
<arg>${register_btn_business_customers_tab_general_customers_page}</arg>
<kw name="Wait Until Element Is Visible" library="SeleniumLibrary">
<arg>${locator}</arg>
<arg>${DEFAULT_TIMEOUT}</arg>
<doc>Waits until the element ``locator`` is visible.</doc>
<status status="PASS" starttime="20241008 22:13:37.653" endtime="20241008 22:13:38.103"/>
</kw>
<kw name="Click Element" library="SeleniumLibrary">
<arg>${locator}</arg>
<doc>Click the element identified by ``locator``.</doc>
<msg timestamp="20241008 22:13:38.104" level="INFO">Clicking element '//div[text()='ลูกค้าธุรกิจ'][@id='rc-tabs-2-tab-business']/..'.</msg>
<status status="PASS" starttime="20241008 22:13:38.103" endtime="20241008 22:13:38.568"/>
</kw>
<status status="PASS" starttime="20241008 22:13:37.652" endtime="20241008 22:13:38.568"/>
</kw>
<status status="PASS" starttime="20241008 22:13:37.652" endtime="20241008 22:13:38.568"/>
</kw>
<kw name="Verify Capture Screenshot" library="common">
<arg>Booking_S001</arg>
<arg>Verify Login Page</arg>
<kw name="Get Current Date" library="DateTime">
<var>${date_YYYY_MM_DD}</var>
<doc>Returns current local or UTC time with an optional increment.</doc>
<msg timestamp="20241008 22:13:38.569" level="INFO">${date_YYYY_MM_DD} = 2024-10-08 22:13:38.569</msg>
<status status="PASS" starttime="20241008 22:13:38.569" endtime="20241008 22:13:38.569"/>
</kw>
<kw name="Convert Date" library="DateTime">
<var>${date_YYYY_MM_DD}</var>
<arg>${date_YYYY_MM_DD}</arg>
<arg>result_format=%Y-%m-%d</arg>
<doc>Converts between supported `date formats`.</doc>
<msg timestamp="20241008 22:13:38.569" level="INFO">${date_YYYY_MM_DD} = 2024-10-08</msg>
<status status="PASS" starttime="20241008 22:13:38.569" endtime="20241008 22:13:38.569"/>
</kw>
<kw name="Evaluate" library="BuiltIn">
<arg>os.makedirs('${FOlDER_RESULT}/${folder}', exist_ok=True)</arg>
<arg>modules=os</arg>
<doc>Evaluates the given expression in Python and returns the result.</doc>
<status status="PASS" starttime="20241008 22:13:38.570" endtime="20241008 22:13:38.570"/>
</kw>
<kw name="Capture Page Screenshot" library="SeleniumLibrary">
<arg>../results/${FOlDER_RESULT}/${folder}/${img_name}.png</arg>
<doc>Takes a screenshot of the current page and embeds it into a log file.</doc>
<msg timestamp="20241008 22:13:39.019" level="INFO" html="true">&lt;/td&gt;&lt;/tr&gt;&lt;tr&gt;&lt;td colspan="3"&gt;&lt;a href="../results/2024-10-08/Booking_S001/Verify%20Login%20Page.png"&gt;&lt;img src="../results/2024-10-08/Booking_S001/Verify%20Login%20Page.png" width="800px"&gt;&lt;/a&gt;</msg>
<status status="PASS" starttime="20241008 22:13:38.570" endtime="20241008 22:13:39.020"/>
</kw>
<status status="PASS" starttime="20241008 22:13:38.568" endtime="20241008 22:13:39.020"/>
</kw>
<kw name="Log" library="BuiltIn">
<arg>Step No.2 Login</arg>
<doc>Logs the given message with the given level.</doc>
<msg timestamp="20241008 22:13:39.020" level="INFO">Step No.2 Login</msg>
<status status="PASS" starttime="20241008 22:13:39.020" endtime="20241008 22:13:39.020"/>
</kw>
<kw name="Input Email" library="b2c_login_page">
<arg>${b2c_login_user_01['username']}</arg>
<kw name="Wait Until Element Is Visible" library="SeleniumLibrary">
<arg>${b2c_txtbox_email}</arg>
<arg>timeout=${DEFAULT_TIMEOUT}</arg>
<doc>Waits until the element ``locator`` is visible.</doc>
<status status="PASS" starttime="20241008 22:13:39.024" endtime="20241008 22:13:39.450"/>
</kw>
<kw name="Input Text" library="SeleniumLibrary">
<arg>${b2c_txtbox_email}</arg>
<arg>${value}</arg>
<doc>Types the given ``text`` into the text field identified by ``locator``.</doc>
<msg timestamp="20241008 22:13:39.450" level="INFO">Typing text 'idc@gmail.com' into text field '//input[@id='emailBusiness']'.</msg>
<status status="PASS" starttime="20241008 22:13:39.450" endtime="20241008 22:13:40.188"/>
</kw>
<status status="PASS" starttime="20241008 22:13:39.021" endtime="20241008 22:13:40.188"/>
</kw>
<kw name="Input Password" library="b2c_login_page">
<arg>${b2c_login_user_01['password']}</arg>
<kw name="Wait Until Element Is Visible" library="SeleniumLibrary">
<arg>${b2c_txtbox_password}</arg>
<doc>Waits until the element ``locator`` is visible.</doc>
<status status="PASS" starttime="20241008 22:13:40.191" endtime="20241008 22:13:40.627"/>
</kw>
<kw name="Input Text" library="SeleniumLibrary">
<arg>${b2c_txtbox_password}</arg>
<arg>${value}</arg>
<doc>Types the given ``text`` into the text field identified by ``locator``.</doc>
<msg timestamp="20241008 22:13:40.627" level="INFO">Typing text 'P@ssw0rd' into text field '//input[@id='passwordBusiness']'.</msg>
<status status="PASS" starttime="20241008 22:13:40.627" endtime="20241008 22:13:41.310"/>
</kw>
<status status="PASS" starttime="20241008 22:13:40.188" endtime="20241008 22:13:41.310"/>
</kw>
<kw name="Click Log On Button" library="b2c_login_page">
<kw name="Wait Until Element Is Visible" library="SeleniumLibrary">
<arg>${b2c_btn_log_on}</arg>
<doc>Waits until the element ``locator`` is visible.</doc>
<status status="PASS" starttime="20241008 22:13:41.311" endtime="20241008 22:13:41.751"/>
</kw>
<kw name="Click Element" library="SeleniumLibrary">
<arg>${b2c_btn_log_on}</arg>
<doc>Click the element identified by ``locator``.</doc>
<msg timestamp="20241008 22:13:41.751" level="INFO">Clicking element '//*[@id="rc-tabs-2-panel-business"]/div/div/form/div[3]/div/div/div/div/div[1]/div/button/b'.</msg>
<status status="PASS" starttime="20241008 22:13:41.751" endtime="20241008 22:13:42.204"/>
</kw>
<kw name="Wait Until Profile Page Loaded" library="b2c_home_page">
<kw name="Wait Until Element Is Visible" library="SeleniumLibrary">
<arg>${b2c_txt_business_profile_title_home_page}</arg>
<arg>timeout=${DEFAULT_TIMEOUT}</arg>
<doc>Waits until the element ``locator`` is visible.</doc>
<status status="PASS" starttime="20241008 22:13:42.204" endtime="20241008 22:13:43.496"/>
</kw>
<kw name="Wait Until Page Contains Element" library="SeleniumLibrary">
<arg>${b2c_btn_edit_profile_info_home_page}</arg>
<arg>timeout=${DEFAULT_TIMEOUT}</arg>
<doc>Waits until the element ``locator`` appears on the current page.</doc>
<status status="PASS" starttime="20241008 22:13:43.496" endtime="20241008 22:13:43.718"/>
</kw>
<kw name="Sleep" library="BuiltIn">
<arg>3s</arg>
<doc>Pauses the test executed for the given time.</doc>
<msg timestamp="20241008 22:13:46.724" level="INFO">Slept 3 seconds</msg>
<status status="PASS" starttime="20241008 22:13:43.718" endtime="20241008 22:13:46.724"/>
</kw>
<status status="PASS" starttime="20241008 22:13:42.204" endtime="20241008 22:13:46.724"/>
</kw>
<status status="PASS" starttime="20241008 22:13:41.310" endtime="20241008 22:13:46.724"/>
</kw>
<kw name="Verify My Profile Page" library="b2c_home_page">
<arg>${Booking['text_company_profile']}</arg>
<arg>${Booking['text_profile']}</arg>
<arg>${Booking['text_profile_name']}</arg>
<arg>${Booking['text_profile_phone']}</arg>
<arg>${Booking['text_profile_mail']}</arg>
<arg>${Booking['text_profile_position']}</arg>
<arg>${Booking_S001['sir_name']}</arg>
<arg>${Booking_S001['company_name']}</arg>
<arg>${Booking_S001['name']}</arg>
<arg>${Booking_S001['phone']}</arg>
<arg>${Booking_S001['email']}</arg>
<arg>${Booking_S001['position']}</arg>
<kw name="Wait Until Element Is Visible" library="SeleniumLibrary">
<arg>${b2c_txt_company_profile}</arg>
<doc>Waits until the element ``locator`` is visible.</doc>
<status status="PASS" starttime="20241008 22:13:46.765" endtime="20241008 22:13:47.189"/>
</kw>
<kw name="Get Text" library="SeleniumLibrary">
<var>${actual_company_profile}</var>
<arg>${b2c_txt_company_profile}</arg>
<doc>Returns the text value of the element identified by ``locator``.</doc>
<msg timestamp="20241008 22:13:47.625" level="INFO">${actual_company_profile} = โปรไฟล์บริษัท</msg>
<status status="PASS" starttime="20241008 22:13:47.189" endtime="20241008 22:13:47.625"/>
</kw>
<kw name="Replace String" library="String">
<var>${b2c_txt_sir_name}</var>
<arg>${b2c_txt_sir_name}</arg>
<arg>{value}</arg>
<arg>${sir_name}</arg>
<doc>Replaces ``search_for`` in the given ``string`` with ``replace_with``.</doc>
<msg timestamp="20241008 22:13:47.625" level="INFO">${b2c_txt_sir_name} = //h1[@class='text-[30px] font-bold'][normalize-space()='คุณ ไอดีซี']</msg>
<status status="PASS" starttime="20241008 22:13:47.625" endtime="20241008 22:13:47.625"/>
</kw>
<kw name="Get Text" library="SeleniumLibrary">
<var>${actual_sir_name}</var>
<arg>${b2c_txt_sir_name}</arg>
<doc>Returns the text value of the element identified by ``locator``.</doc>
<msg timestamp="20241008 22:13:48.061" level="INFO">${actual_sir_name} = คุณ ไอดีซี</msg>
<status status="PASS" starttime="20241008 22:13:47.625" endtime="20241008 22:13:48.061"/>
</kw>
<kw name="Replace String" library="String">
<var>${b2c_txt_company_name}</var>
<arg>${b2c_txt_company_name}</arg>
<arg>{value}</arg>
<arg>${company_name}</arg>
<doc>Replaces ``search_for`` in the given ``string`` with ``replace_with``.</doc>
<msg timestamp="20241008 22:13:48.061" level="INFO">${b2c_txt_company_name} = //h1[@class='text-[23px] font-bold'][normalize-space()='Admin']</msg>
<status status="PASS" starttime="20241008 22:13:48.061" endtime="20241008 22:13:48.061"/>
</kw>
<kw name="Get Text" library="SeleniumLibrary">
<var>${actual_company_name}</var>
<arg>${b2c_txt_company_name}</arg>
<doc>Returns the text value of the element identified by ``locator``.</doc>
<msg timestamp="20241008 22:13:48.500" level="INFO">${actual_company_name} = Admin</msg>
<status status="PASS" starttime="20241008 22:13:48.061" endtime="20241008 22:13:48.500"/>
</kw>
<kw name="Get Text" library="SeleniumLibrary">
<var>${actual_profile}</var>
<arg>${b2c_txt_profile}</arg>
<doc>Returns the text value of the element identified by ``locator``.</doc>
<msg timestamp="20241008 22:13:48.936" level="INFO">${actual_profile} = ข้อมูลส่วนตัว</msg>
<status status="PASS" starttime="20241008 22:13:48.500" endtime="20241008 22:13:48.936"/>
</kw>
<kw name="Get Text" library="SeleniumLibrary">
<var>${actual_profile_name}</var>
<arg>${b2c_txt_profile_name}</arg>
<doc>Returns the text value of the element identified by ``locator``.</doc>
<msg timestamp="20241008 22:13:49.356" level="INFO">${actual_profile_name} = ชื่อ</msg>
<status status="PASS" starttime="20241008 22:13:48.936" endtime="20241008 22:13:49.356"/>
</kw>
<kw name="Get Text" library="SeleniumLibrary">
<var>${actual_profile_phone}</var>
<arg>${b2c_txt_profile_phone}</arg>
<doc>Returns the text value of the element identified by ``locator``.</doc>
<msg timestamp="20241008 22:13:49.794" level="INFO">${actual_profile_phone} = เบอร์โทรศัพท์</msg>
<status status="PASS" starttime="20241008 22:13:49.356" endtime="20241008 22:13:49.794"/>
</kw>
<kw name="Get Text" library="SeleniumLibrary">
<var>${actual_profile_mail}</var>
<arg>${b2c_txt_profile_mail}</arg>
<doc>Returns the text value of the element identified by ``locator``.</doc>
<msg timestamp="20241008 22:13:50.230" level="INFO">${actual_profile_mail} = E-mail</msg>
<status status="PASS" starttime="20241008 22:13:49.794" endtime="20241008 22:13:50.230"/>
</kw>
<kw name="Get Text" library="SeleniumLibrary">
<var>${actual_profile_position}</var>
<arg>${b2c_txt_profile_position}</arg>
<doc>Returns the text value of the element identified by ``locator``.</doc>
<msg timestamp="20241008 22:13:50.652" level="INFO">${actual_profile_position} = ตำแหน่งงาน</msg>
<status status="PASS" starttime="20241008 22:13:50.230" endtime="20241008 22:13:50.652"/>
</kw>
<kw name="Replace String" library="String">
<var>${b2c_txt_name}</var>
<arg>${b2c_txt_name}</arg>
<arg>{value}</arg>
<arg>${name}</arg>
<doc>Replaces ``search_for`` in the given ``string`` with ``replace_with``.</doc>
<msg timestamp="20241008 22:13:50.652" level="INFO">${b2c_txt_name} = //h1[@class='ml-20 w-full text-[25px]'][normalize-space()='ไอดีซี']</msg>
<status status="PASS" starttime="20241008 22:13:50.652" endtime="20241008 22:13:50.652"/>
</kw>
<kw name="Get Text" library="SeleniumLibrary">
<var>${actual_name}</var>
<arg>${b2c_txt_name}</arg>
<doc>Returns the text value of the element identified by ``locator``.</doc>
<msg timestamp="20241008 22:13:51.090" level="INFO">${actual_name} = ไอดีซี</msg>
<status status="PASS" starttime="20241008 22:13:50.652" endtime="20241008 22:13:51.090"/>
</kw>
<kw name="Replace String" library="String">
<var>${b2c_txt_phone}</var>
<arg>${b2c_txt_phone}</arg>
<arg>{value}</arg>
<arg>${phone}</arg>
<doc>Replaces ``search_for`` in the given ``string`` with ``replace_with``.</doc>
<msg timestamp="20241008 22:13:51.090" level="INFO">${b2c_txt_phone} = //h1[@class='ml-20 w-full text-[25px]'][normalize-space()='0871000000']</msg>
<status status="PASS" starttime="20241008 22:13:51.090" endtime="20241008 22:13:51.090"/>
</kw>
<kw name="Get Text" library="SeleniumLibrary">
<var>${actual_phone}</var>
<arg>${b2c_txt_phone}</arg>
<doc>Returns the text value of the element identified by ``locator``.</doc>
<msg timestamp="20241008 22:13:51.518" level="INFO">${actual_phone} = 0871000000</msg>
<status status="PASS" starttime="20241008 22:13:51.090" endtime="20241008 22:13:51.518"/>
</kw>
<kw name="Replace String" library="String">
<var>${b2c_txt_email}</var>
<arg>${b2c_txt_email}</arg>
<arg>{value}</arg>
<arg>${email}</arg>
<doc>Replaces ``search_for`` in the given ``string`` with ``replace_with``.</doc>
<msg timestamp="20241008 22:13:51.518" level="INFO">${b2c_txt_email} = //h1[@class='ml-20 w-full text-[25px]'][normalize-space()='idc@gmail.com']</msg>
<status status="PASS" starttime="20241008 22:13:51.518" endtime="20241008 22:13:51.518"/>
</kw>
<kw name="Get Text" library="SeleniumLibrary">
<var>${actual_email}</var>
<arg>${b2c_txt_email}</arg>
<doc>Returns the text value of the element identified by ``locator``.</doc>
<msg timestamp="20241008 22:13:51.958" level="INFO">${actual_email} = idc@gmail.com</msg>
<status status="PASS" starttime="20241008 22:13:51.518" endtime="20241008 22:13:51.958"/>
</kw>
<kw name="Replace String" library="String">
<var>${b2c_txt_position}</var>
<arg>${b2c_txt_position}</arg>
<arg>{value}</arg>
<arg>${position}</arg>
<doc>Replaces ``search_for`` in the given ``string`` with ``replace_with``.</doc>
<msg timestamp="20241008 22:13:51.958" level="INFO">${b2c_txt_position} = //h1[@class='ml-20 w-full text-[25px]'][normalize-space()='หัวหน้าฝ่ายขาย']</msg>
<status status="PASS" starttime="20241008 22:13:51.958" endtime="20241008 22:13:51.958"/>
</kw>
<kw name="Get Text" library="SeleniumLibrary">
<var>${actual_position}</var>
<arg>${b2c_txt_position}</arg>
<doc>Returns the text value of the element identified by ``locator``.</doc>
<msg timestamp="20241008 22:13:52.398" level="INFO">${actual_position} = หัวหน้าฝ่ายขาย</msg>
<status status="PASS" starttime="20241008 22:13:51.958" endtime="20241008 22:13:52.398"/>
</kw>
<kw name="Should Be Equal" library="BuiltIn">
<arg>${company_profile}</arg>
<arg>${actual_company_profile}</arg>
<doc>Fails if the given objects are unequal.</doc>
<status status="PASS" starttime="20241008 22:13:52.398" endtime="20241008 22:13:52.398"/>
</kw>
<kw name="Should Be Equal" library="BuiltIn">
<arg>${profile}</arg>
<arg>${actual_profile}</arg>
<doc>Fails if the given objects are unequal.</doc>
<status status="PASS" starttime="20241008 22:13:52.399" endtime="20241008 22:13:52.399"/>
</kw>
<kw name="Should Be Equal" library="BuiltIn">
<arg>${profile_name}</arg>
<arg>${actual_profile_name}</arg>
<doc>Fails if the given objects are unequal.</doc>
<status status="PASS" starttime="20241008 22:13:52.399" endtime="20241008 22:13:52.399"/>
</kw>
<kw name="Should Be Equal" library="BuiltIn">
<arg>${profile_phone}</arg>
<arg>${actual_profile_phone}</arg>
<doc>Fails if the given objects are unequal.</doc>
<status status="PASS" starttime="20241008 22:13:52.399" endtime="20241008 22:13:52.399"/>
</kw>
<kw name="Should Be Equal" library="BuiltIn">
<arg>${profile_email}</arg>
<arg>${actual_profile_mail}</arg>
<doc>Fails if the given objects are unequal.</doc>
<status status="PASS" starttime="20241008 22:13:52.399" endtime="20241008 22:13:52.400"/>
</kw>
<kw name="Should Be Equal" library="BuiltIn">
<arg>${profile_position}</arg>
<arg>${actual_profile_position}</arg>
<doc>Fails if the given objects are unequal.</doc>
<status status="PASS" starttime="20241008 22:13:52.400" endtime="20241008 22:13:52.400"/>
</kw>
<kw name="Should Be Equal" library="BuiltIn">
<arg>${sir_name}</arg>
<arg>${actual_sir_name}</arg>
<doc>Fails if the given objects are unequal.</doc>
<status status="PASS" starttime="20241008 22:13:52.400" endtime="20241008 22:13:52.400"/>
</kw>
<kw name="Should Be Equal" library="BuiltIn">
<arg>${company_name}</arg>
<arg>${actual_company_name}</arg>
<doc>Fails if the given objects are unequal.</doc>
<status status="PASS" starttime="20241008 22:13:52.400" endtime="20241008 22:13:52.400"/>
</kw>
<kw name="Should Be Equal" library="BuiltIn">
<arg>${name}</arg>
<arg>${actual_name}</arg>
<doc>Fails if the given objects are unequal.</doc>
<status status="PASS" starttime="20241008 22:13:52.400" endtime="20241008 22:13:52.401"/>
</kw>
<kw name="Should Be Equal" library="BuiltIn">
<arg>${phone}</arg>
<arg>${actual_phone}</arg>
<doc>Fails if the given objects are unequal.</doc>
<status status="PASS" starttime="20241008 22:13:52.401" endtime="20241008 22:13:52.401"/>
</kw>
<kw name="Should Be Equal" library="BuiltIn">
<arg>${email}</arg>
<arg>${actual_email}</arg>
<doc>Fails if the given objects are unequal.</doc>
<status status="PASS" starttime="20241008 22:13:52.401" endtime="20241008 22:13:52.401"/>
</kw>
<kw name="Should Be Equal" library="BuiltIn">
<arg>${position}</arg>
<arg>${actual_position}</arg>
<doc>Fails if the given objects are unequal.</doc>
<status status="PASS" starttime="20241008 22:13:52.401" endtime="20241008 22:13:52.401"/>
</kw>
<status status="PASS" starttime="20241008 22:13:46.725" endtime="20241008 22:13:52.401"/>
</kw>
<kw name="Verify Capture Screenshot" library="common">
<arg>Booking_S001</arg>
<arg>Verify Home Page</arg>
<kw name="Get Current Date" library="DateTime">
<var>${date_YYYY_MM_DD}</var>
<doc>Returns current local or UTC time with an optional increment.</doc>
<msg timestamp="20241008 22:13:52.402" level="INFO">${date_YYYY_MM_DD} = 2024-10-08 22:13:52.402</msg>
<status status="PASS" starttime="20241008 22:13:52.402" endtime="20241008 22:13:52.402"/>
</kw>
<kw name="Convert Date" library="DateTime">
<var>${date_YYYY_MM_DD}</var>
<arg>${date_YYYY_MM_DD}</arg>
<arg>result_format=%Y-%m-%d</arg>
<doc>Converts between supported `date formats`.</doc>
<msg timestamp="20241008 22:13:52.403" level="INFO">${date_YYYY_MM_DD} = 2024-10-08</msg>
<status status="PASS" starttime="20241008 22:13:52.402" endtime="20241008 22:13:52.403"/>
</kw>
<kw name="Evaluate" library="BuiltIn">
<arg>os.makedirs('${FOlDER_RESULT}/${folder}', exist_ok=True)</arg>
<arg>modules=os</arg>
<doc>Evaluates the given expression in Python and returns the result.</doc>
<status status="PASS" starttime="20241008 22:13:52.403" endtime="20241008 22:13:52.403"/>
</kw>
<kw name="Capture Page Screenshot" library="SeleniumLibrary">
<arg>../results/${FOlDER_RESULT}/${folder}/${img_name}.png</arg>
<doc>Takes a screenshot of the current page and embeds it into a log file.</doc>
<msg timestamp="20241008 22:13:52.774" level="INFO" html="true">&lt;/td&gt;&lt;/tr&gt;&lt;tr&gt;&lt;td colspan="3"&gt;&lt;a href="../results/2024-10-08/Booking_S001/Verify%20Home%20Page.png"&gt;&lt;img src="../results/2024-10-08/Booking_S001/Verify%20Home%20Page.png" width="800px"&gt;&lt;/a&gt;</msg>
<status status="PASS" starttime="20241008 22:13:52.403" endtime="20241008 22:13:52.774"/>
</kw>
<status status="PASS" starttime="20241008 22:13:52.402" endtime="20241008 22:13:52.774"/>
</kw>
<kw name="Close Browser" library="SeleniumLibrary" type="TEARDOWN">
<doc>Closes the current browser.</doc>
<status status="PASS" starttime="20241008 22:13:52.775" endtime="20241008 22:13:55.032"/>
</kw>
<doc>Log-In เข้าใช้งานระบบ สำหรับ ลูกค้า Business</doc>
<tag>Booking</tag>
<tag>Review-Pass</tag>
<tag>UAT</tag>
<status status="PASS" starttime="20241008 22:13:35.223" endtime="20241008 22:13:55.032"/>
</test>
<status status="PASS" starttime="20241008 22:13:34.758" endtime="20241008 22:13:55.033"/>
</suite>
<status status="PASS" starttime="20241008 22:13:34.757" endtime="20241008 22:13:55.034"/>
</suite>
<status status="PASS" starttime="20241008 22:13:34.741" endtime="20241008 22:13:55.035"/>
</suite>
<statistics>
<total>
<stat pass="1" fail="0" skip="0">All Tests</stat>
</total>
<tag>
<stat pass="1" fail="0" skip="0">Booking</stat>
<stat pass="1" fail="0" skip="0">Review-Pass</stat>
<stat pass="1" fail="0" skip="0">UAT</stat>
</tag>
<suite>
<stat pass="1" fail="0" skip="0" id="s1" name="Testcases">Testcases</stat>
<stat pass="1" fail="0" skip="0" id="s1-s1" name="E2E">Testcases.E2E</stat>
<stat pass="1" fail="0" skip="0" id="s1-s1-s1" name="Booking">Testcases.E2E.Booking</stat>
</suite>
</statistics>
<errors>
</errors>
</robot>
