<?xml version="1.0" encoding="UTF-8"?>
<robot generator="Robot 7.0.1 (Python 3.9.6 on darwin)" generated="2024-10-09T14:54:11.923882" rpa="false" schemaversion="5">
<suite id="s1" name="booking S004" source="/Users/perasu/Desktop/vasup/speedy/all-speedy-automated/testcases/e2e/booking_S004.robot">
<test id="s1-t1" name="Booking_S004" line="9">
<kw name="Run Keywords" owner="BuiltIn" type="SETUP">
<kw name="Open Chrome Browser" owner="common">
<kw name="Evaluate" owner="BuiltIn">
<msg time="2024-10-09T14:54:12.368553" level="INFO">${chrome_options} = &lt;selenium.webdriver.chrome.options.Options object at 0x103b92790&gt;</msg>
<var>${chrome_options}</var>
<arg>sys.modules['selenium.webdriver'].ChromeOptions()</arg>
<arg>sys, selenium.webdriver</arg>
<doc>Evaluates the given expression in Python and returns the result.</doc>
<status status="PASS" start="2024-10-09T14:54:12.368308" elapsed="0.000276"/>
</kw>
<kw name="Call Method" owner="BuiltIn">
<arg>${chrome_options}</arg>
<arg>add_argument</arg>
<arg>--disable-extensions</arg>
<doc>Calls the named method of the given object with the provided arguments.</doc>
<status status="PASS" start="2024-10-09T14:54:12.368809" elapsed="0.000137"/>
</kw>
<kw name="Call Method" owner="BuiltIn">
<arg>${chrome_options}</arg>
<arg>add_argument</arg>
<arg>--disable-gpu</arg>
<doc>Calls the named method of the given object with the provided arguments.</doc>
<status status="PASS" start="2024-10-09T14:54:12.369143" elapsed="0.000118"/>
</kw>
<kw name="Call Method" owner="BuiltIn">
<arg>${chrome_options}</arg>
<arg>add_argument</arg>
<arg>--no-sandbox</arg>
<doc>Calls the named method of the given object with the provided arguments.</doc>
<status status="PASS" start="2024-10-09T14:54:12.369452" elapsed="0.000115"/>
</kw>
<kw name="Call Method" owner="BuiltIn">
<arg>${chrome_options}</arg>
<arg>add_argument</arg>
<arg>--window-size\=1920,1080</arg>
<doc>Calls the named method of the given object with the provided arguments.</doc>
<status status="PASS" start="2024-10-09T14:54:12.369753" elapsed="0.000132"/>
</kw>
<kw name="Open Browser" owner="SeleniumLibrary">
<msg time="2024-10-09T14:54:12.370342" level="INFO">Opening browser 'chrome' to base url 'about:blank'.</msg>
<arg>about:blank</arg>
<arg>${chrome}</arg>
<arg>options=${chrome_options}</arg>
<doc>Opens a new browser instance to the optional ``url``.</doc>
<status status="PASS" start="2024-10-09T14:54:12.370111" elapsed="1.605302"/>
</kw>
<kw name="Set Selenium Speed" owner="SeleniumLibrary">
<arg>0.2</arg>
<doc>Sets the delay that is waited after each Selenium command.</doc>
<status status="PASS" start="2024-10-09T14:54:13.976608" elapsed="0.000862"/>
</kw>
<arg>chrome</arg>
<status status="PASS" start="2024-10-09T14:54:12.367952" elapsed="1.609644"/>
</kw>
<kw name="Set Folder Result with date" owner="common">
<kw name="Get Current Date" owner="DateTime">
<msg time="2024-10-09T14:54:13.979222" level="INFO">${date_YYYY_MM_DD} = 2024-10-09 14:54:13.979</msg>
<var>${date_YYYY_MM_DD}</var>
<doc>Returns current local or UTC time with an optional increment.</doc>
<status status="PASS" start="2024-10-09T14:54:13.978997" elapsed="0.000256"/>
</kw>
<kw name="Convert Date" owner="DateTime">
<msg time="2024-10-09T14:54:13.983249" level="INFO">${date_YYYY_MM_DD} = 2024-10-09</msg>
<var>${date_YYYY_MM_DD}</var>
<arg>${date_YYYY_MM_DD}</arg>
<arg>result_format=%Y-%m-%d</arg>
<doc>Converts between supported `date formats`.</doc>
<status status="PASS" start="2024-10-09T14:54:13.979468" elapsed="0.004172"/>
</kw>
<kw name="Set Variable" owner="BuiltIn">
<msg time="2024-10-09T14:54:13.985247" level="INFO">${FOlDER_RESULT} = ../results/2024-10-09</msg>
<var>${FOlDER_RESULT}</var>
<arg>../results/${date_YYYY_MM_DD}</arg>
<doc>Returns the given values which can then be assigned to a variables.</doc>
<status status="PASS" start="2024-10-09T14:54:13.984714" elapsed="0.000566"/>
</kw>
<kw name="Set Global Variable" owner="BuiltIn">
<msg time="2024-10-09T14:54:13.986053" level="INFO">${FOlDER_RESULT} = ../results/2024-10-09</msg>
<arg>${FOlDER_RESULT}</arg>
<doc>Makes a variable available globally in all tests and suites.</doc>
<status status="PASS" start="2024-10-09T14:54:13.985806" elapsed="0.000288"/>
</kw>
<status status="PASS" start="2024-10-09T14:54:13.978105" elapsed="0.008061"/>
</kw>
<arg>Open Chrome Browser</arg>
<arg>chrome</arg>
<arg>AND</arg>
<arg>Set Folder Result with date</arg>
<doc>Executes all the given keywords in a sequence.</doc>
<status status="PASS" start="2024-10-09T14:54:12.367575" elapsed="1.618644"/>
</kw>
<kw name="Log" owner="BuiltIn">
<msg time="2024-10-09T14:54:13.986972" level="INFO">Login</msg>
<arg>Login</arg>
<doc>Logs the given message with the given level.</doc>
<status status="PASS" start="2024-10-09T14:54:13.986848" elapsed="0.000170"/>
</kw>
<kw name="Open URL" owner="common">
<kw name="Go To" owner="SeleniumLibrary">
<msg time="2024-10-09T14:54:13.987839" level="INFO">Opening url 'https://www-uat.allspeedy.co.th/auth/login'</msg>
<arg>${url}</arg>
<doc>Navigates the current browser window to the provided ``url``.</doc>
<status status="PASS" start="2024-10-09T14:54:13.987719" elapsed="1.048566"/>
</kw>
<arg>${B2C_UAT_URL}</arg>
<status status="PASS" start="2024-10-09T14:54:13.987330" elapsed="1.049162"/>
</kw>
<kw name="Select Business Customers Tab" owner="register_general_customers_page">
<kw name="Click When Ready" owner="common">
<kw name="Wait Until Element Is Visible" owner="SeleniumLibrary">
<arg>${locator}</arg>
<arg>${DEFAULT_TIMEOUT}</arg>
<doc>Waits until the element ``locator`` is visible.</doc>
<status status="PASS" start="2024-10-09T14:54:15.037995" elapsed="0.868009"/>
</kw>
<kw name="Click Element" owner="SeleniumLibrary">
<msg time="2024-10-09T14:54:15.908778" level="INFO">Clicking element '//div[text()='ลูกค้าธุรกิจ'][@id='rc-tabs-2-tab-business']/..'.</msg>
<arg>${locator}</arg>
<doc>Click the element identified by ``locator``.</doc>
<status status="PASS" start="2024-10-09T14:54:15.907692" elapsed="0.464777"/>
</kw>
<arg>${register_btn_business_customers_tab_general_customers_page}</arg>
<status status="PASS" start="2024-10-09T14:54:15.037542" elapsed="1.335087"/>
</kw>
<status status="PASS" start="2024-10-09T14:54:15.037054" elapsed="1.335668"/>
</kw>
<kw name="Input Email" owner="b2c_login_page">
<kw name="Wait Until Element Is Visible" owner="SeleniumLibrary">
<arg>${b2c_txtbox_email}</arg>
<arg>timeout=${DEFAULT_TIMEOUT}</arg>
<doc>Waits until the element ``locator`` is visible.</doc>
<status status="PASS" start="2024-10-09T14:54:16.378759" elapsed="0.429521"/>
</kw>
<kw name="Input Text" owner="SeleniumLibrary">
<msg time="2024-10-09T14:54:16.811505" level="INFO">Typing text 'idc@gmail.com' into text field '//input[@id='emailBusiness']'.</msg>
<arg>${b2c_txtbox_email}</arg>
<arg>${value}</arg>
<doc>Types the given ``text`` into the text field identified by ``locator``.</doc>
<status status="PASS" start="2024-10-09T14:54:16.810202" elapsed="0.841949"/>
</kw>
<arg>${b2c_login_user_01['username']}</arg>
<status status="PASS" start="2024-10-09T14:54:16.373233" elapsed="1.279665"/>
</kw>
<kw name="Input Password" owner="b2c_login_page">
<kw name="Wait Until Element Is Visible" owner="SeleniumLibrary">
<arg>${b2c_txtbox_password}</arg>
<doc>Waits until the element ``locator`` is visible.</doc>
<status status="PASS" start="2024-10-09T14:54:17.665719" elapsed="0.435830"/>
</kw>
<kw name="Input Text" owner="SeleniumLibrary">
<msg time="2024-10-09T14:54:18.105003" level="INFO">Typing text 'P@ssw0rd' into text field '//input[@id='passwordBusiness']'.</msg>
<arg>${b2c_txtbox_password}</arg>
<arg>${value}</arg>
<doc>Types the given ``text`` into the text field identified by ``locator``.</doc>
<status status="PASS" start="2024-10-09T14:54:18.103602" elapsed="0.714213"/>
</kw>
<arg>${b2c_login_user_01['password']}</arg>
<status status="PASS" start="2024-10-09T14:54:17.654521" elapsed="1.163463"/>
</kw>
<kw name="Click Log On Button" owner="b2c_login_page">
<kw name="Wait Until Element Is Visible" owner="SeleniumLibrary">
<arg>${b2c_btn_log_on}</arg>
<doc>Waits until the element ``locator`` is visible.</doc>
<status status="PASS" start="2024-10-09T14:54:18.818956" elapsed="0.430661"/>
</kw>
<kw name="Click Element" owner="SeleniumLibrary">
<msg time="2024-10-09T14:54:19.252768" level="INFO">Clicking element '//*[@id="rc-tabs-2-panel-business"]/div/div/form/div[3]/div/div/div/div/div[1]/div/button/b'.</msg>
<arg>${b2c_btn_log_on}</arg>
<doc>Click the element identified by ``locator``.</doc>
<status status="PASS" start="2024-10-09T14:54:19.251624" elapsed="0.468955"/>
</kw>
<kw name="Wait Until Profile Page Loaded" owner="b2c_home_page">
<kw name="Wait Until Element Is Visible" owner="SeleniumLibrary">
<arg>${b2c_txt_business_profile_title_home_page}</arg>
<arg>timeout=${DEFAULT_TIMEOUT}</arg>
<doc>Waits until the element ``locator`` is visible.</doc>
<status status="PASS" start="2024-10-09T14:54:19.722184" elapsed="1.278219"/>
</kw>
<kw name="Wait Until Page Contains Element" owner="SeleniumLibrary">
<arg>${b2c_btn_edit_profile_info_home_page}</arg>
<arg>timeout=${DEFAULT_TIMEOUT}</arg>
<doc>Waits until the element ``locator`` appears on the current page.</doc>
<status status="PASS" start="2024-10-09T14:54:21.000801" elapsed="0.213819"/>
</kw>
<kw name="Sleep" owner="BuiltIn">
<msg time="2024-10-09T14:54:24.218063" level="INFO">Slept 3 seconds.</msg>
<arg>3s</arg>
<doc>Pauses the test executed for the given time.</doc>
<status status="PASS" start="2024-10-09T14:54:21.216661" elapsed="3.001568"/>
</kw>
<status status="PASS" start="2024-10-09T14:54:19.721333" elapsed="4.497003"/>
</kw>
<status status="PASS" start="2024-10-09T14:54:18.818459" elapsed="5.399932"/>
</kw>
<kw name="Log" owner="BuiltIn">
<msg time="2024-10-09T14:54:24.218824" level="INFO">Step No.1 กดเมนู "จองการจัดส่งพัสดุ"</msg>
<arg>Step No.1 กดเมนู "จองการจัดส่งพัสดุ"</arg>
<doc>Logs the given message with the given level.</doc>
<status status="PASS" start="2024-10-09T14:54:24.218694" elapsed="0.000173"/>
</kw>
<kw name="Click Book Parcel Delivery" owner="b2c_home_page">
<kw name="Click When Ready" owner="common">
<kw name="Wait Until Element Is Visible" owner="SeleniumLibrary">
<arg>${locator}</arg>
<arg>${DEFAULT_TIMEOUT}</arg>
<doc>Waits until the element ``locator`` is visible.</doc>
<status status="PASS" start="2024-10-09T14:54:24.219946" elapsed="0.425811"/>
</kw>
<kw name="Click Element" owner="SeleniumLibrary">
<msg time="2024-10-09T14:54:24.649342" level="INFO">Clicking element '//div[@class='ant-space-item']//a[@href='/booking' and text()='จองการจัดส่งพัสดุ']'.</msg>
<arg>${locator}</arg>
<doc>Click the element identified by ``locator``.</doc>
<status status="PASS" start="2024-10-09T14:54:24.647960" elapsed="0.456454"/>
</kw>
<arg>${b2c_mnu_book_parcel_delivery_home_page}</arg>
<status status="PASS" start="2024-10-09T14:54:24.219566" elapsed="0.885301"/>
</kw>
<status status="PASS" start="2024-10-09T14:54:24.219185" elapsed="0.885785"/>
</kw>
<kw name="Verify Booking Page" owner="b2c_booking_delivery_page">
<kw name="Wait Until Element Is Not Visible" owner="SeleniumLibrary">
<msg time="2024-10-09T14:54:44.116481" level="INFO">Suppressing StaleElementReferenceException from Selenium.</msg>
<arg>${b2c_img_loading}</arg>
<arg>timeout=${DEFAULT_TIMEOUT}</arg>
<doc>Waits until the element ``locator`` is not visible.</doc>
<status status="PASS" start="2024-10-09T14:54:25.115177" elapsed="19.440114"/>
</kw>
<kw name="Wait Until Element Is Visible" owner="SeleniumLibrary">
<arg>${b2c_btn_add}</arg>
<arg>timeout=30s</arg>
<doc>Waits until the element ``locator`` is visible.</doc>
<status status="PASS" start="2024-10-09T14:54:44.557456" elapsed="0.452448"/>
</kw>
<kw name="Get Text" owner="SeleniumLibrary">
<msg time="2024-10-09T14:54:45.482537" level="INFO">${title} = จองการจัดส่งพัสดุ สาขาหลัก</msg>
<var>${title}</var>
<arg>${txt_title_booking}</arg>
<doc>Returns the text value of the element identified by ``locator``.</doc>
<status status="PASS" start="2024-10-09T14:54:45.011969" elapsed="0.470764"/>
</kw>
<kw name="Should Be Equal" owner="BuiltIn">
<arg>${title}</arg>
<arg>${txt_title}</arg>
<doc>Fails if the given objects are unequal.</doc>
<status status="PASS" start="2024-10-09T14:54:45.484140" elapsed="0.000849"/>
</kw>
<arg>${Booking['text_title_booking']}</arg>
<status status="PASS" start="2024-10-09T14:54:25.105597" elapsed="20.379581"/>
</kw>
<kw name="Verify Capture Screenshot" owner="common">
<kw name="Get Current Date" owner="DateTime">
<msg time="2024-10-09T14:54:45.487445" level="INFO">${date_YYYY_MM_DD} = 2024-10-09 14:54:45.487</msg>
<var>${date_YYYY_MM_DD}</var>
<doc>Returns current local or UTC time with an optional increment.</doc>
<status status="PASS" start="2024-10-09T14:54:45.486982" elapsed="0.000525"/>
</kw>
<kw name="Convert Date" owner="DateTime">
<msg time="2024-10-09T14:54:45.488669" level="INFO">${date_YYYY_MM_DD} = 2024-10-09</msg>
<var>${date_YYYY_MM_DD}</var>
<arg>${date_YYYY_MM_DD}</arg>
<arg>result_format=%Y-%m-%d</arg>
<doc>Converts between supported `date formats`.</doc>
<status status="PASS" start="2024-10-09T14:54:45.487993" elapsed="0.000720"/>
</kw>
<kw name="Evaluate" owner="BuiltIn">
<arg>os.makedirs('${FOlDER_RESULT}/${folder}', exist_ok=True)</arg>
<arg>modules=os</arg>
<doc>Evaluates the given expression in Python and returns the result.</doc>
<status status="PASS" start="2024-10-09T14:54:45.489155" elapsed="0.000984"/>
</kw>
<kw name="Capture Page Screenshot" owner="SeleniumLibrary">
<msg time="2024-10-09T14:54:46.053063" level="INFO" html="true">&lt;/td&gt;&lt;/tr&gt;&lt;tr&gt;&lt;td colspan="3"&gt;&lt;a href="../results/2024-10-09/Booking_S004/Verify%20Booking%20Page.png"&gt;&lt;img src="../results/2024-10-09/Booking_S004/Verify%20Booking%20Page.png" width="800px"&gt;&lt;/a&gt;</msg>
<arg>../results/${FOlDER_RESULT}/${folder}/${img_name}.png</arg>
<doc>Takes a screenshot of the current page and embeds it into a log file.</doc>
<status status="PASS" start="2024-10-09T14:54:45.490775" elapsed="0.562452"/>
</kw>
<arg>Booking_S004</arg>
<arg>Verify Booking Page</arg>
<status status="PASS" start="2024-10-09T14:54:45.486007" elapsed="0.567396"/>
</kw>
<kw name="Log" owner="BuiltIn">
<msg time="2024-10-09T14:54:46.054126" level="INFO">Step No.2 กดปุ่ม "+ เพิ่ม"</msg>
<arg>Step No.2 กดปุ่ม "+ เพิ่ม"</arg>
<doc>Logs the given message with the given level.</doc>
<status status="PASS" start="2024-10-09T14:54:46.053910" elapsed="0.000297"/>
</kw>
<kw name="Click Button To Add" owner="b2c_booking_delivery_page">
<kw name="Sleep" owner="BuiltIn">
<msg time="2024-10-09T14:54:50.058143" level="INFO">Slept 4 seconds.</msg>
<arg>4s</arg>
<doc>Pauses the test executed for the given time.</doc>
<status status="PASS" start="2024-10-09T14:54:46.055339" elapsed="4.003373"/>
</kw>
<kw name="Wait Until Element Is Visible" owner="SeleniumLibrary">
<arg>${b2c_btn_add}</arg>
<arg>timeout=30s</arg>
<doc>Waits until the element ``locator`` is visible.</doc>
<status status="PASS" start="2024-10-09T14:54:50.060659" elapsed="0.446528"/>
</kw>
<kw name="Click Element" owner="SeleniumLibrary">
<msg time="2024-10-09T14:54:50.510603" level="INFO">Clicking element '//button[contains(@class, 'ant-btn') and span[text()='เพิ่ม']]'.</msg>
<arg>${b2c_btn_add}</arg>
<doc>Click the element identified by ``locator``.</doc>
<status status="PASS" start="2024-10-09T14:54:50.509317" elapsed="3.627443"/>
</kw>
<status status="PASS" start="2024-10-09T14:54:46.054767" elapsed="8.082147"/>
</kw>
<kw name="Verify Term &amp; Condition" owner="b2c_booking_delivery_page">
<kw name="Wait Until Element Is Visible" owner="SeleniumLibrary">
<arg>${btn_accept_terms_service}</arg>
<arg>timeout=30s</arg>
<doc>Waits until the element ``locator`` is visible.</doc>
<status status="PASS" start="2024-10-09T14:54:54.143344" elapsed="3.692193"/>
</kw>
<kw name="Get Text" owner="SeleniumLibrary">
<msg time="2024-10-09T14:54:58.286481" level="INFO">${text} = ข้อกำหนดและเงื่อนไขการใช้บริการขนส่งพัสดุ SPEED-D (สปีด ดี) ณ วันที่ 9 ตุลาคม 2024 (Version 2)</msg>
<var>${text}</var>
<arg>${txt_term_and_condition}</arg>
<doc>Returns the text value of the element identified by ``locator``.</doc>
<status status="PASS" start="2024-10-09T14:54:57.837352" elapsed="0.450483"/>
</kw>
<kw name="Should Be Equal" owner="BuiltIn">
<arg>${text}</arg>
<arg>${text_accept}</arg>
<doc>Fails if the given objects are unequal.</doc>
<status status="PASS" start="2024-10-09T14:54:58.288978" elapsed="0.000995"/>
</kw>
<arg>${txt_term_and_condition}</arg>
<arg>${Booking['text_term_and_condition']}</arg>
<status status="PASS" start="2024-10-09T14:54:54.137334" elapsed="4.152920"/>
</kw>
<kw name="Verify Capture Screenshot" owner="common">
<kw name="Get Current Date" owner="DateTime">
<msg time="2024-10-09T14:54:58.293666" level="INFO">${date_YYYY_MM_DD} = 2024-10-09 14:54:58.293</msg>
<var>${date_YYYY_MM_DD}</var>
<doc>Returns current local or UTC time with an optional increment.</doc>
<status status="PASS" start="2024-10-09T14:54:58.292971" elapsed="0.000831"/>
</kw>
<kw name="Convert Date" owner="DateTime">
<msg time="2024-10-09T14:54:58.295379" level="INFO">${date_YYYY_MM_DD} = 2024-10-09</msg>
<var>${date_YYYY_MM_DD}</var>
<arg>${date_YYYY_MM_DD}</arg>
<arg>result_format=%Y-%m-%d</arg>
<doc>Converts between supported `date formats`.</doc>
<status status="PASS" start="2024-10-09T14:54:58.294548" elapsed="0.000890"/>
</kw>
<kw name="Evaluate" owner="BuiltIn">
<arg>os.makedirs('${FOlDER_RESULT}/${folder}', exist_ok=True)</arg>
<arg>modules=os</arg>
<doc>Evaluates the given expression in Python and returns the result.</doc>
<status status="PASS" start="2024-10-09T14:54:58.295843" elapsed="0.000990"/>
</kw>
<kw name="Capture Page Screenshot" owner="SeleniumLibrary">
<msg time="2024-10-09T14:54:58.908190" level="INFO" html="true">&lt;/td&gt;&lt;/tr&gt;&lt;tr&gt;&lt;td colspan="3"&gt;&lt;a href="../results/2024-10-09/Booking_S004/Verify%20Term%20%26%20Condition.png"&gt;&lt;img src="../results/2024-10-09/Booking_S004/Verify%20Term%20%26%20Condition.png" width="800px"&gt;&lt;/a&gt;</msg>
<arg>../results/${FOlDER_RESULT}/${folder}/${img_name}.png</arg>
<doc>Takes a screenshot of the current page and embeds it into a log file.</doc>
<status status="PASS" start="2024-10-09T14:54:58.297290" elapsed="0.611074"/>
</kw>
<arg>Booking_S004</arg>
<arg>Verify Term &amp; Condition</arg>
<status status="PASS" start="2024-10-09T14:54:58.291665" elapsed="0.616882"/>
</kw>
<kw name="Log" owner="BuiltIn">
<msg time="2024-10-09T14:54:58.909329" level="INFO">Step No.3 กดปุ่ม "ยอมรับเงื่อนไขการใช้บริการ"</msg>
<arg>Step No.3 กดปุ่ม "ยอมรับเงื่อนไขการใช้บริการ"</arg>
<doc>Logs the given message with the given level.</doc>
<status status="PASS" start="2024-10-09T14:54:58.909098" elapsed="0.000313"/>
</kw>
<kw name="Click Accept Terms of Service" owner="b2c_booking_delivery_page">
<kw name="Wait Until Element Is Visible" owner="SeleniumLibrary">
<arg>${btn_accept_terms_service}</arg>
<arg>timeout=30s</arg>
<doc>Waits until the element ``locator`` is visible.</doc>
<status status="PASS" start="2024-10-09T14:54:58.910625" elapsed="0.443797"/>
</kw>
<kw name="Click Element" owner="SeleniumLibrary">
<msg time="2024-10-09T14:54:59.356418" level="INFO">Clicking element '//button[.//span[text()='ยอมรับเงื่อนไขการใช้บริการ']]'.</msg>
<arg>${btn_accept_terms_service}</arg>
<doc>Click the element identified by ``locator``.</doc>
<status status="PASS" start="2024-10-09T14:54:59.355631" elapsed="0.474472"/>
</kw>
<status status="PASS" start="2024-10-09T14:54:58.909977" elapsed="0.920320"/>
</kw>
<kw name="Verify Select Parcel Type" owner="b2c_booking_delivery_page">
<kw name="Wait Until Element Is Enabled" owner="SeleniumLibrary">
<arg>${btn_parcel_type_dry}</arg>
<arg>timeout=30s</arg>
<doc>Waits until the element ``locator`` is enabled.</doc>
<status status="PASS" start="2024-10-09T14:54:59.831293" elapsed="21.756273"/>
</kw>
<kw name="Element Should Be Visible" owner="SeleniumLibrary">
<msg time="2024-10-09T14:55:22.033542" level="INFO">Element '//img[@alt='Dry']' is displayed.</msg>
<arg>${btn_parcel_type_dry}</arg>
<doc>Verifies that the element identified by ``locator`` is visible.</doc>
<status status="PASS" start="2024-10-09T14:55:21.591790" elapsed="0.442436"/>
</kw>
<kw name="Element Should Be Visible" owner="SeleniumLibrary">
<msg time="2024-10-09T14:55:22.486714" level="INFO">Element '//img[@alt='Chill']' is displayed.</msg>
<arg>${btn_parcel_type_chill}</arg>
<doc>Verifies that the element identified by ``locator`` is visible.</doc>
<status status="PASS" start="2024-10-09T14:55:22.036244" elapsed="0.451087"/>
</kw>
<status status="PASS" start="2024-10-09T14:54:59.830823" elapsed="22.657243"/>
</kw>
<kw name="Verify Capture Screenshot" owner="common">
<kw name="Get Current Date" owner="DateTime">
<msg time="2024-10-09T14:55:22.494428" level="INFO">${date_YYYY_MM_DD} = 2024-10-09 14:55:22.494</msg>
<var>${date_YYYY_MM_DD}</var>
<doc>Returns current local or UTC time with an optional increment.</doc>
<status status="PASS" start="2024-10-09T14:55:22.493650" elapsed="0.000857"/>
</kw>
<kw name="Convert Date" owner="DateTime">
<msg time="2024-10-09T14:55:22.495783" level="INFO">${date_YYYY_MM_DD} = 2024-10-09</msg>
<var>${date_YYYY_MM_DD}</var>
<arg>${date_YYYY_MM_DD}</arg>
<arg>result_format=%Y-%m-%d</arg>
<doc>Converts between supported `date formats`.</doc>
<status status="PASS" start="2024-10-09T14:55:22.495095" elapsed="0.000746"/>
</kw>
<kw name="Evaluate" owner="BuiltIn">
<arg>os.makedirs('${FOlDER_RESULT}/${folder}', exist_ok=True)</arg>
<arg>modules=os</arg>
<doc>Evaluates the given expression in Python and returns the result.</doc>
<status status="PASS" start="2024-10-09T14:55:22.496449" elapsed="0.001115"/>
</kw>
<kw name="Capture Page Screenshot" owner="SeleniumLibrary">
<msg time="2024-10-09T14:55:23.095194" level="INFO" html="true">&lt;/td&gt;&lt;/tr&gt;&lt;tr&gt;&lt;td colspan="3"&gt;&lt;a href="../results/2024-10-09/Booking_S004/Verify%20Select%20Parcel%20Type.png"&gt;&lt;img src="../results/2024-10-09/Booking_S004/Verify%20Select%20Parcel%20Type.png" width="800px"&gt;&lt;/a&gt;</msg>
<arg>../results/${FOlDER_RESULT}/${folder}/${img_name}.png</arg>
<doc>Takes a screenshot of the current page and embeds it into a log file.</doc>
<status status="PASS" start="2024-10-09T14:55:22.498009" elapsed="0.597601"/>
</kw>
<arg>Booking_S004</arg>
<arg>Verify Select Parcel Type</arg>
<status status="PASS" start="2024-10-09T14:55:22.490789" elapsed="0.605192"/>
</kw>
<kw name="Log" owner="BuiltIn">
<msg time="2024-10-09T14:55:23.097536" level="INFO">Step No.4 กดปุ่ม "พัสดุทั่วไป"</msg>
<arg>Step No.4 กดปุ่ม "พัสดุทั่วไป"</arg>
<doc>Logs the given message with the given level.</doc>
<status status="PASS" start="2024-10-09T14:55:23.097036" elapsed="0.000576"/>
</kw>
<kw name="Select Parcel Type" owner="b2c_booking_delivery_page">
<if>
<branch type="IF" condition="'${parcel_type}' == 'พัสดุทั่วไป'">
<kw name="Click General Parcel" owner="b2c_booking_delivery_page">
<kw name="Wait Until Element Is Visible" owner="SeleniumLibrary">
<arg>${parcel_type_dry_btn}</arg>
<arg>timeout=30s</arg>
<doc>Waits until the element ``locator`` is visible.</doc>
<status status="PASS" start="2024-10-09T14:55:23.110281" elapsed="0.437212"/>
</kw>
<kw name="Click Element" owner="SeleniumLibrary">
<msg time="2024-10-09T14:55:23.548198" level="INFO">Clicking element '//img[@alt='Dry']'.</msg>
<arg>${parcel_type_dry_btn}</arg>
<doc>Click the element identified by ``locator``.</doc>
<status status="PASS" start="2024-10-09T14:55:23.547906" elapsed="0.585142"/>
</kw>
<kw name="Wait Until Element Is Visible" owner="SeleniumLibrary">
<arg>${close_noti_btn}</arg>
<arg>timeout=30s</arg>
<doc>Waits until the element ``locator`` is visible.</doc>
<status status="PASS" start="2024-10-09T14:55:24.133420" elapsed="2.014200"/>
</kw>
<status status="PASS" start="2024-10-09T14:55:23.109736" elapsed="3.038917"/>
</kw>
<status status="PASS" start="2024-10-09T14:55:23.109122" elapsed="3.039573"/>
</branch>
<branch type="ELSE IF" condition="'${parcel_type}' == 'พัสดุควบคุมอุณหภมิ'">
<kw name="Click Temperature Controlled Parcel" owner="b2c_booking_delivery_page">
<status status="NOT RUN" start="2024-10-09T14:55:26.149106" elapsed="0.000034"/>
</kw>
<status status="NOT RUN" start="2024-10-09T14:55:26.148765" elapsed="0.000408"/>
</branch>
<status status="PASS" start="2024-10-09T14:55:23.109054" elapsed="3.040148"/>
</if>
<arg>${Booking_S004['parcel_type']}</arg>
<status status="PASS" start="2024-10-09T14:55:23.098812" elapsed="3.050445"/>
</kw>
<kw name="Verify Create Parcel Page Sender Step" owner="b2c_booking_delivery_page">
<kw name="Wait Until Element Is Visible" owner="SeleniumLibrary">
<arg>${title_create_parcel_page_txt}</arg>
<arg>timeout=30s</arg>
<doc>Waits until the element ``locator`` is visible.</doc>
<status status="PASS" start="2024-10-09T14:55:26.175915" elapsed="0.451083"/>
</kw>
<kw name="Wait Until Element Is Not Visible" owner="SeleniumLibrary">
<arg>${status_active_sender}</arg>
<arg>timeout=30s</arg>
<doc>Waits until the element ``locator`` is not visible.</doc>
<status status="PASS" start="2024-10-09T14:55:26.627454" elapsed="0.444700"/>
</kw>
<kw name="Get Text" owner="SeleniumLibrary">
<msg time="2024-10-09T14:55:27.535120" level="INFO">${actual_text_title} = สร้างพัสดุ</msg>
<var>${actual_text_title}</var>
<arg>${txt_title_create_parcel_page}</arg>
<doc>Returns the text value of the element identified by ``locator``.</doc>
<status status="PASS" start="2024-10-09T14:55:27.074339" elapsed="0.460975"/>
</kw>
<kw name="Should Be Equal" owner="BuiltIn">
<arg>${actual_text_title}</arg>
<arg>${title}</arg>
<doc>Fails if the given objects are unequal.</doc>
<status status="PASS" start="2024-10-09T14:55:27.536854" elapsed="0.000885"/>
</kw>
<kw name="Get Text" owner="SeleniumLibrary">
<msg time="2024-10-09T14:55:28.000209" level="INFO">${actual_text_parcel_sender_information} = ข้อมูลผู้ส่งพัสดุ</msg>
<var>${actual_text_parcel_sender_information}</var>
<arg>${txt_parcel_sender_information}</arg>
<doc>Returns the text value of the element identified by ``locator``.</doc>
<status status="PASS" start="2024-10-09T14:55:27.538288" elapsed="0.462179"/>
</kw>
<kw name="Should Be Equal" owner="BuiltIn">
<arg>${actual_text_parcel_sender_information}</arg>
<arg>${parcel_sender_information}</arg>
<doc>Fails if the given objects are unequal.</doc>
<status status="PASS" start="2024-10-09T14:55:28.002369" elapsed="0.001083"/>
</kw>
<kw name="Get Text" owner="SeleniumLibrary">
<msg time="2024-10-09T14:55:28.451004" level="INFO">${actual_text_phone} = เบอร์โทรศัพท์ *</msg>
<var>${actual_text_phone}</var>
<arg>${txt_phone_sender}</arg>
<doc>Returns the text value of the element identified by ``locator``.</doc>
<status status="PASS" start="2024-10-09T14:55:28.004235" elapsed="0.446968"/>
</kw>
<kw name="Should Be Equal" owner="BuiltIn">
<arg>${actual_text_phone}</arg>
<arg>${phone_sender}</arg>
<doc>Fails if the given objects are unequal.</doc>
<status status="PASS" start="2024-10-09T14:55:28.452575" elapsed="0.000917"/>
</kw>
<kw name="Get Text" owner="SeleniumLibrary">
<msg time="2024-10-09T14:55:28.890933" level="INFO">${actual_text_name_sender} = ชื่อ *</msg>
<var>${actual_text_name_sender}</var>
<arg>${txt_name_sender}</arg>
<doc>Returns the text value of the element identified by ``locator``.</doc>
<status status="PASS" start="2024-10-09T14:55:28.454134" elapsed="0.436852"/>
</kw>
<kw name="Should Be Equal" owner="BuiltIn">
<arg>${actual_text_name_sender}</arg>
<arg>${name_sender}</arg>
<doc>Fails if the given objects are unequal.</doc>
<status status="PASS" start="2024-10-09T14:55:28.891305" elapsed="0.000256"/>
</kw>
<kw name="Get Text" owner="SeleniumLibrary">
<msg time="2024-10-09T14:55:29.329392" level="INFO">${actual_text_address} = รายละเอียดที่อยู่ *</msg>
<var>${actual_text_address}</var>
<arg>${txt_address_sender}</arg>
<doc>Returns the text value of the element identified by ``locator``.</doc>
<status status="PASS" start="2024-10-09T14:55:28.891788" elapsed="0.437869"/>
</kw>
<kw name="Should Be Equal" owner="BuiltIn">
<arg>${actual_text_address}</arg>
<arg>${address_sender}</arg>
<doc>Fails if the given objects are unequal.</doc>
<status status="PASS" start="2024-10-09T14:55:29.331475" elapsed="0.001069"/>
</kw>
<kw name="Get Text" owner="SeleniumLibrary">
<msg time="2024-10-09T14:55:29.781200" level="INFO">${actual_text_postcode} = แขวงตำบล/ อำเภอ/ จังหวัด/ รหัสไปรษณีย์ *</msg>
<var>${actual_text_postcode}</var>
<arg>${txt_postcode_sender}</arg>
<doc>Returns the text value of the element identified by ``locator``.</doc>
<status status="PASS" start="2024-10-09T14:55:29.333220" elapsed="0.448244"/>
</kw>
<kw name="Should Be Equal" owner="BuiltIn">
<arg>${actual_text_postcode}</arg>
<arg>${postcode_sender}</arg>
<doc>Fails if the given objects are unequal.</doc>
<status status="PASS" start="2024-10-09T14:55:29.783473" elapsed="0.001287"/>
</kw>
<arg>${Booking['text_title']}</arg>
<arg>${Booking['text_parcel_sender_information']}</arg>
<arg>${Booking['text_phone_sender']}</arg>
<arg>${Booking['text_name_sender']}</arg>
<arg>${Booking['text_address_sender']}</arg>
<arg>${Booking['text_postcode_sender']}</arg>
<status status="PASS" start="2024-10-09T14:55:26.149622" elapsed="3.635476"/>
</kw>
<kw name="Verify Capture Screenshot" owner="common">
<kw name="Get Current Date" owner="DateTime">
<msg time="2024-10-09T14:55:29.788184" level="INFO">${date_YYYY_MM_DD} = 2024-10-09 14:55:29.788</msg>
<var>${date_YYYY_MM_DD}</var>
<doc>Returns current local or UTC time with an optional increment.</doc>
<status status="PASS" start="2024-10-09T14:55:29.787778" elapsed="0.000464"/>
</kw>
<kw name="Convert Date" owner="DateTime">
<msg time="2024-10-09T14:55:29.789322" level="INFO">${date_YYYY_MM_DD} = 2024-10-09</msg>
<var>${date_YYYY_MM_DD}</var>
<arg>${date_YYYY_MM_DD}</arg>
<arg>result_format=%Y-%m-%d</arg>
<doc>Converts between supported `date formats`.</doc>
<status status="PASS" start="2024-10-09T14:55:29.788709" elapsed="0.000666"/>
</kw>
<kw name="Evaluate" owner="BuiltIn">
<arg>os.makedirs('${FOlDER_RESULT}/${folder}', exist_ok=True)</arg>
<arg>modules=os</arg>
<doc>Evaluates the given expression in Python and returns the result.</doc>
<status status="PASS" start="2024-10-09T14:55:29.789786" elapsed="0.000936"/>
</kw>
<kw name="Capture Page Screenshot" owner="SeleniumLibrary">
<msg time="2024-10-09T14:55:30.345698" level="INFO" html="true">&lt;/td&gt;&lt;/tr&gt;&lt;tr&gt;&lt;td colspan="3"&gt;&lt;a href="../results/2024-10-09/Booking_S004/Verify%20Create%20Parcel%20Page%20Sender%20Step.png"&gt;&lt;img src="../results/2024-10-09/Booking_S004/Verify%20Create%20Parcel%20Page%20Sender%20Step.png" width="800px"&gt;&lt;/a&gt;</msg>
<arg>../results/${FOlDER_RESULT}/${folder}/${img_name}.png</arg>
<doc>Takes a screenshot of the current page and embeds it into a log file.</doc>
<status status="PASS" start="2024-10-09T14:55:29.791132" elapsed="0.554732"/>
</kw>
<arg>Booking_S004</arg>
<arg>Verify Create Parcel Page Sender Step</arg>
<status status="PASS" start="2024-10-09T14:55:29.786482" elapsed="0.559565"/>
</kw>
<kw name="Log" owner="BuiltIn">
<msg time="2024-10-09T14:55:30.346781" level="INFO">Step No.5 ขั้นตอนข้อมูลผู้ส่งพัสดุ</msg>
<arg>Step No.5 ขั้นตอนข้อมูลผู้ส่งพัสดุ</arg>
<doc>Logs the given message with the given level.</doc>
<status status="PASS" start="2024-10-09T14:55:30.346564" elapsed="0.000295"/>
</kw>
<kw name="Input Phone Sender" owner="b2c_booking_delivery_page">
<kw name="Wait Until Element Is Visible" owner="SeleniumLibrary">
<arg>${txtbox_phone_sender}</arg>
<arg>timeout=10s</arg>
<doc>Waits until the element ``locator`` is visible.</doc>
<status status="PASS" start="2024-10-09T14:55:30.355511" elapsed="0.442471"/>
</kw>
<kw name="Input Text" owner="SeleniumLibrary">
<msg time="2024-10-09T14:55:30.798807" level="INFO">Typing text '0899999999' into text field '//input[@id='create_parcel_form_sender_tel']'.</msg>
<arg>${txtbox_phone_sender}</arg>
<arg>${input_phone_sender}</arg>
<doc>Types the given ``text`` into the text field identified by ``locator``.</doc>
<status status="PASS" start="2024-10-09T14:55:30.798445" elapsed="0.777296"/>
</kw>
<arg>${Booking_S004['sender_phone']}</arg>
<status status="PASS" start="2024-10-09T14:55:30.347408" elapsed="1.228542"/>
</kw>
<kw name="Input Name Sender" owner="b2c_booking_delivery_page">
<kw name="Wait Until Element Is Visible" owner="SeleniumLibrary">
<arg>${txtbox_name_sender}</arg>
<arg>timeout=10s</arg>
<doc>Waits until the element ``locator`` is visible.</doc>
<status status="PASS" start="2024-10-09T14:55:31.581359" elapsed="0.439071"/>
</kw>
<kw name="Input Text" owner="SeleniumLibrary">
<msg time="2024-10-09T14:55:32.023490" level="INFO">Typing text 'สมชาย สายเสมอ' into text field '//input[@id='create_parcel_form_sender_name']'.</msg>
<arg>${txtbox_name_sender}</arg>
<arg>${input_name_sender}</arg>
<doc>Types the given ``text`` into the text field identified by ``locator``.</doc>
<status status="PASS" start="2024-10-09T14:55:32.022309" elapsed="0.782177"/>
</kw>
<arg>${Booking_S004['sender_name']}</arg>
<status status="PASS" start="2024-10-09T14:55:31.576429" elapsed="1.228303"/>
</kw>
<kw name="Input Address Sender" owner="b2c_booking_delivery_page">
<kw name="Input When Ready" owner="common">
<kw name="Wait Until Element Is Visible" owner="SeleniumLibrary">
<arg>${locator}</arg>
<arg>${DEFAULT_TIMEOUT}</arg>
<doc>Waits until the element ``locator`` is visible.</doc>
<status status="PASS" start="2024-10-09T14:55:32.812467" elapsed="0.438609"/>
</kw>
<kw name="Input Text" owner="SeleniumLibrary">
<msg time="2024-10-09T14:55:33.254529" level="INFO">Typing text '48/698' into text field '//textarea[@id='create_parcel_form_sender_address_info']'.</msg>
<arg>${locator}</arg>
<arg>${text}</arg>
<doc>Types the given ``text`` into the text field identified by ``locator``.</doc>
<status status="PASS" start="2024-10-09T14:55:33.253062" elapsed="0.751254"/>
</kw>
<kw name="Sleep" owner="BuiltIn">
<msg time="2024-10-09T14:55:36.006016" level="INFO">Slept 2 seconds.</msg>
<arg>2s</arg>
<doc>Pauses the test executed for the given time.</doc>
<status status="PASS" start="2024-10-09T14:55:34.004704" elapsed="2.002045"/>
</kw>
<arg>${txtbox_address_sender}</arg>
<arg>${input_address_sender}</arg>
<status status="PASS" start="2024-10-09T14:55:32.811803" elapsed="3.195668"/>
</kw>
<arg>${Booking_S004['sender_address']}</arg>
<status status="PASS" start="2024-10-09T14:55:32.805230" elapsed="3.202580"/>
</kw>
<kw name="Input Postcode Sender" owner="b2c_booking_delivery_page">
<kw name="Input When Ready" owner="common">
<kw name="Wait Until Element Is Visible" owner="SeleniumLibrary">
<arg>${locator}</arg>
<arg>${DEFAULT_TIMEOUT}</arg>
<doc>Waits until the element ``locator`` is visible.</doc>
<status status="PASS" start="2024-10-09T14:55:36.023211" elapsed="0.446312"/>
</kw>
<kw name="Input Text" owner="SeleniumLibrary">
<msg time="2024-10-09T14:55:36.472908" level="INFO">Typing text '10230' into text field '//input[@id='create_parcel_form_sender_address_full']'.</msg>
<arg>${locator}</arg>
<arg>${text}</arg>
<doc>Types the given ``text`` into the text field identified by ``locator``.</doc>
<status status="PASS" start="2024-10-09T14:55:36.471601" elapsed="0.793802"/>
</kw>
<kw name="Sleep" owner="BuiltIn">
<msg time="2024-10-09T14:55:39.267392" level="INFO">Slept 2 seconds.</msg>
<arg>2s</arg>
<doc>Pauses the test executed for the given time.</doc>
<status status="PASS" start="2024-10-09T14:55:37.265718" elapsed="2.002660"/>
</kw>
<arg>${txtbox_postcode_sender}</arg>
<arg>${input_postcode_sender}</arg>
<status status="PASS" start="2024-10-09T14:55:36.022143" elapsed="3.247151"/>
</kw>
<arg>${Booking_S004['sender_postcode_5_digits']}</arg>
<status status="PASS" start="2024-10-09T14:55:36.009698" elapsed="3.259941"/>
</kw>
<kw name="Click Postcode Sender Lists" owner="b2c_booking_delivery_page">
<kw name="Replace String" owner="String">
<msg time="2024-10-09T14:55:39.283462" level="INFO">${list} = //div[@title='ลาดพร้าว ลาดพร้าว กรุงเทพมหานคร 10230']</msg>
<var>${list}</var>
<arg>${cbo_postcode_sender}</arg>
<arg>{value}</arg>
<arg>${name}</arg>
<doc>Replaces ``search_for`` in the given ``string`` with ``replace_with``.</doc>
<status status="PASS" start="2024-10-09T14:55:39.282979" elapsed="0.000542"/>
</kw>
<kw name="Click Element" owner="SeleniumLibrary">
<msg time="2024-10-09T14:55:39.284308" level="INFO">Clicking element '//div[@title='ลาดพร้าว ลาดพร้าว กรุงเทพมหานคร 10230']'.</msg>
<arg>${list}</arg>
<doc>Click the element identified by ``locator``.</doc>
<status status="PASS" start="2024-10-09T14:55:39.283943" elapsed="0.493770"/>
</kw>
<arg>${Booking_S002['sender_postcode_full']}</arg>
<status status="PASS" start="2024-10-09T14:55:39.271886" elapsed="0.505979"/>
</kw>
<kw name="Verify Capture Screenshot" owner="common">
<kw name="Get Current Date" owner="DateTime">
<msg time="2024-10-09T14:55:39.778937" level="INFO">${date_YYYY_MM_DD} = 2024-10-09 14:55:39.779</msg>
<var>${date_YYYY_MM_DD}</var>
<doc>Returns current local or UTC time with an optional increment.</doc>
<status status="PASS" start="2024-10-09T14:55:39.778750" elapsed="0.000213"/>
</kw>
<kw name="Convert Date" owner="DateTime">
<msg time="2024-10-09T14:55:39.779435" level="INFO">${date_YYYY_MM_DD} = 2024-10-09</msg>
<var>${date_YYYY_MM_DD}</var>
<arg>${date_YYYY_MM_DD}</arg>
<arg>result_format=%Y-%m-%d</arg>
<doc>Converts between supported `date formats`.</doc>
<status status="PASS" start="2024-10-09T14:55:39.779171" elapsed="0.000288"/>
</kw>
<kw name="Evaluate" owner="BuiltIn">
<arg>os.makedirs('${FOlDER_RESULT}/${folder}', exist_ok=True)</arg>
<arg>modules=os</arg>
<doc>Evaluates the given expression in Python and returns the result.</doc>
<status status="PASS" start="2024-10-09T14:55:39.779664" elapsed="0.000417"/>
</kw>
<kw name="Capture Page Screenshot" owner="SeleniumLibrary">
<msg time="2024-10-09T14:55:40.338016" level="INFO" html="true">&lt;/td&gt;&lt;/tr&gt;&lt;tr&gt;&lt;td colspan="3"&gt;&lt;a href="../results/2024-10-09/Booking_S004/Verify%20After%20Create%20Parcel%20Page%20Sender%20Step.png"&gt;&lt;img src="../results/2024-10-09/Booking_S004/Verify%20After%20Create%20Parcel%20Page%20Sender%20Step.png" width="800px"&gt;&lt;/a&gt;</msg>
<arg>../results/${FOlDER_RESULT}/${folder}/${img_name}.png</arg>
<doc>Takes a screenshot of the current page and embeds it into a log file.</doc>
<status status="PASS" start="2024-10-09T14:55:39.780363" elapsed="0.557819"/>
</kw>
<arg>Booking_S004</arg>
<arg>Verify After Create Parcel Page Sender Step</arg>
<status status="PASS" start="2024-10-09T14:55:39.778272" elapsed="0.560092"/>
</kw>
<kw name="Log" owner="BuiltIn">
<msg time="2024-10-09T14:55:40.339112" level="INFO">Step No.6 กดปุ่ม "ถัดไป"</msg>
<arg>Step No.6 กดปุ่ม "ถัดไป"</arg>
<doc>Logs the given message with the given level.</doc>
<status status="PASS" start="2024-10-09T14:55:40.338899" elapsed="0.000290"/>
</kw>
<kw name="Click Next Button" owner="b2c_booking_delivery_page">
<kw name="Click When Ready" owner="common">
<kw name="Wait Until Element Is Visible" owner="SeleniumLibrary">
<arg>${locator}</arg>
<arg>${DEFAULT_TIMEOUT}</arg>
<doc>Waits until the element ``locator`` is visible.</doc>
<status status="PASS" start="2024-10-09T14:55:40.341069" elapsed="0.457094"/>
</kw>
<kw name="Click Element" owner="SeleniumLibrary">
<msg time="2024-10-09T14:55:40.800471" level="INFO">Clicking element '//div[@class='ant-space-item' and text()='ถัดไป']/../../../button'.</msg>
<arg>${locator}</arg>
<doc>Click the element identified by ``locator``.</doc>
<status status="PASS" start="2024-10-09T14:55:40.799564" elapsed="0.611439"/>
</kw>
<arg>${btn_next}</arg>
<status status="PASS" start="2024-10-09T14:55:40.340371" elapsed="1.070934"/>
</kw>
<status status="PASS" start="2024-10-09T14:55:40.339718" elapsed="1.071694"/>
</kw>
<kw name="Verify Create Parcel Page Receiver Step" owner="b2c_booking_delivery_page">
<kw name="Wait Until Element Is Visible" owner="SeleniumLibrary">
<arg>${title_create_parcel_page_txt}</arg>
<arg>timeout=30s</arg>
<doc>Waits until the element ``locator`` is visible.</doc>
<status status="PASS" start="2024-10-09T14:55:41.443967" elapsed="0.474698"/>
</kw>
<kw name="Wait Until Element Is Not Visible" owner="SeleniumLibrary">
<arg>${status_active_receiver}</arg>
<arg>timeout=30s</arg>
<doc>Waits until the element ``locator`` is not visible.</doc>
<status status="PASS" start="2024-10-09T14:55:41.919084" elapsed="0.537253"/>
</kw>
<kw name="Get Text" owner="SeleniumLibrary">
<msg time="2024-10-09T14:55:42.917606" level="INFO">${actual_text_title} = สร้างพัสดุ</msg>
<var>${actual_text_title}</var>
<arg>${txt_title_create_parcel_page}</arg>
<doc>Returns the text value of the element identified by ``locator``.</doc>
<status status="PASS" start="2024-10-09T14:55:42.458217" elapsed="0.459626"/>
</kw>
<kw name="Should Be Equal" owner="BuiltIn">
<arg>${actual_text_title}</arg>
<arg>${title}</arg>
<doc>Fails if the given objects are unequal.</doc>
<status status="PASS" start="2024-10-09T14:55:42.919439" elapsed="0.000910"/>
</kw>
<kw name="Get Text" owner="SeleniumLibrary">
<msg time="2024-10-09T14:55:44.212740" level="INFO">${actual_text_parcel_receiver_information} = ข้อมูลผู้รับพัสดุ</msg>
<var>${actual_text_parcel_receiver_information}</var>
<arg>${txt_parcel_receiver_information}</arg>
<doc>Returns the text value of the element identified by ``locator``.</doc>
<status status="PASS" start="2024-10-09T14:55:42.920984" elapsed="1.292131"/>
</kw>
<kw name="Should Be Equal" owner="BuiltIn">
<arg>${actual_text_parcel_receiver_information}</arg>
<arg>${parcel_receiver_information}</arg>
<doc>Fails if the given objects are unequal.</doc>
<status status="PASS" start="2024-10-09T14:55:44.215673" elapsed="0.001149"/>
</kw>
<kw name="Get Text" owner="SeleniumLibrary">
<msg time="2024-10-09T14:55:44.665269" level="INFO">${actual_text_phone} = เบอร์โทรศัพท์ *</msg>
<var>${actual_text_phone}</var>
<arg>${txt_phone_receiver}</arg>
<doc>Returns the text value of the element identified by ``locator``.</doc>
<status status="PASS" start="2024-10-09T14:55:44.217397" elapsed="0.447968"/>
</kw>
<kw name="Should Be Equal" owner="BuiltIn">
<arg>${actual_text_phone}</arg>
<arg>${phone_receiver}</arg>
<doc>Fails if the given objects are unequal.</doc>
<status status="PASS" start="2024-10-09T14:55:44.665923" elapsed="0.000430"/>
</kw>
<kw name="Get Text" owner="SeleniumLibrary">
<msg time="2024-10-09T14:55:45.172341" level="INFO">${actual_text_name} = ชื่อ *</msg>
<var>${actual_text_name}</var>
<arg>${txt_name_receiver}</arg>
<doc>Returns the text value of the element identified by ``locator``.</doc>
<status status="PASS" start="2024-10-09T14:55:44.666758" elapsed="0.505699"/>
</kw>
<kw name="Should Be Equal" owner="BuiltIn">
<arg>${actual_text_name}</arg>
<arg>${name_receiver}</arg>
<doc>Fails if the given objects are unequal.</doc>
<status status="PASS" start="2024-10-09T14:55:45.173043" elapsed="0.000463"/>
</kw>
<kw name="Get Text" owner="SeleniumLibrary">
<msg time="2024-10-09T14:55:45.640717" level="INFO">${actual_text_name} = ข้อมูลสถานที่รับพัสดุ</msg>
<var>${actual_text_name}</var>
<arg>${txt_location_receiver}</arg>
<doc>Returns the text value of the element identified by ``locator``.</doc>
<status status="PASS" start="2024-10-09T14:55:45.173858" elapsed="0.467114"/>
</kw>
<kw name="Should Be Equal" owner="BuiltIn">
<arg>${actual_text_name}</arg>
<arg>${location_receiver}</arg>
<doc>Fails if the given objects are unequal.</doc>
<status status="PASS" start="2024-10-09T14:55:45.642519" elapsed="0.001189"/>
</kw>
<kw name="Get Text" owner="SeleniumLibrary">
<msg time="2024-10-09T14:55:46.095027" level="INFO">${actual_text_address} = รายละเอียดที่อยู่ *</msg>
<var>${actual_text_address}</var>
<arg>${txt_address_receiver}</arg>
<doc>Returns the text value of the element identified by ``locator``.</doc>
<status status="PASS" start="2024-10-09T14:55:45.644523" elapsed="0.450761"/>
</kw>
<kw name="Should Be Equal" owner="BuiltIn">
<arg>${actual_text_address}</arg>
<arg>${address_receiver}</arg>
<doc>Fails if the given objects are unequal.</doc>
<status status="PASS" start="2024-10-09T14:55:46.097172" elapsed="0.001266"/>
</kw>
<kw name="Get Text" owner="SeleniumLibrary">
<msg time="2024-10-09T14:55:46.549998" level="INFO">${actual_text_postcode} = แขวงตำบล/ อำเภอ/ จังหวัด/ รหัสไปรษณีย์ *</msg>
<var>${actual_text_postcode}</var>
<arg>${txt_postcode_receiver}</arg>
<doc>Returns the text value of the element identified by ``locator``.</doc>
<status status="PASS" start="2024-10-09T14:55:46.099365" elapsed="0.450884"/>
</kw>
<kw name="Should Be Equal" owner="BuiltIn">
<arg>${actual_text_postcode}</arg>
<arg>${postcode_receiver}</arg>
<doc>Fails if the given objects are unequal.</doc>
<status status="PASS" start="2024-10-09T14:55:46.551947" elapsed="0.000924"/>
</kw>
<arg>${Booking['text_title']}</arg>
<arg>${Booking['text_parcel_receiver_information']}</arg>
<arg>${Booking['text_phone_receiver']}</arg>
<arg>${Booking['text_name_receiver']}</arg>
<arg>${Booking['text_location_receiver']}</arg>
<arg>${Booking['text_address_receiver']}</arg>
<arg>${Booking['text_postcode_receiver']}</arg>
<status status="PASS" start="2024-10-09T14:55:41.411900" elapsed="5.141283"/>
</kw>
<kw name="Verify Capture Screenshot" owner="common">
<kw name="Get Current Date" owner="DateTime">
<msg time="2024-10-09T14:55:46.556910" level="INFO">${date_YYYY_MM_DD} = 2024-10-09 14:55:46.557</msg>
<var>${date_YYYY_MM_DD}</var>
<doc>Returns current local or UTC time with an optional increment.</doc>
<status status="PASS" start="2024-10-09T14:55:46.556204" elapsed="0.000775"/>
</kw>
<kw name="Convert Date" owner="DateTime">
<msg time="2024-10-09T14:55:46.558085" level="INFO">${date_YYYY_MM_DD} = 2024-10-09</msg>
<var>${date_YYYY_MM_DD}</var>
<arg>${date_YYYY_MM_DD}</arg>
<arg>result_format=%Y-%m-%d</arg>
<doc>Converts between supported `date formats`.</doc>
<status status="PASS" start="2024-10-09T14:55:46.557499" elapsed="0.000631"/>
</kw>
<kw name="Evaluate" owner="BuiltIn">
<arg>os.makedirs('${FOlDER_RESULT}/${folder}', exist_ok=True)</arg>
<arg>modules=os</arg>
<doc>Evaluates the given expression in Python and returns the result.</doc>
<status status="PASS" start="2024-10-09T14:55:46.558513" elapsed="0.000911"/>
</kw>
<kw name="Capture Page Screenshot" owner="SeleniumLibrary">
<msg time="2024-10-09T14:55:47.110515" level="INFO" html="true">&lt;/td&gt;&lt;/tr&gt;&lt;tr&gt;&lt;td colspan="3"&gt;&lt;a href="../results/2024-10-09/Booking_S004/Verify%20Create%20Parcel%20Page%20Receiver%20Step.png"&gt;&lt;img src="../results/2024-10-09/Booking_S004/Verify%20Create%20Parcel%20Page%20Receiver%20Step.png" width="800px"&gt;&lt;/a&gt;</msg>
<arg>../results/${FOlDER_RESULT}/${folder}/${img_name}.png</arg>
<doc>Takes a screenshot of the current page and embeds it into a log file.</doc>
<status status="PASS" start="2024-10-09T14:55:46.559932" elapsed="0.551077"/>
</kw>
<arg>Booking_S004</arg>
<arg>Verify Create Parcel Page Receiver Step</arg>
<status status="PASS" start="2024-10-09T14:55:46.554787" elapsed="0.556599"/>
</kw>
<kw name="Log" owner="BuiltIn">
<msg time="2024-10-09T14:55:47.112839" level="INFO">Step No.7 กดปุ่ม "เลือกจากรายการโปรด"</msg>
<arg>Step No.7 กดปุ่ม "เลือกจากรายการโปรด"</arg>
<doc>Logs the given message with the given level.</doc>
<status status="PASS" start="2024-10-09T14:55:47.112392" elapsed="0.000587"/>
</kw>
<kw name="Click Choose Favorites" owner="b2c_booking_delivery_page">
<kw name="Wait Until Element Is Visible" owner="SeleniumLibrary">
<arg>${choose_favorites_btn}</arg>
<arg>timeout=30s</arg>
<doc>Waits until the element ``locator`` is visible.</doc>
<status status="PASS" start="2024-10-09T14:55:47.114980" elapsed="0.448618"/>
</kw>
<kw name="Click Element" owner="SeleniumLibrary">
<msg time="2024-10-09T14:55:47.567168" level="INFO">Clicking element '//button[span[text()='เลือกจากรายการโปรด']]'.</msg>
<arg>${choose_favorites_btn}</arg>
<doc>Click the element identified by ``locator``.</doc>
<status status="PASS" start="2024-10-09T14:55:47.565690" elapsed="0.913107"/>
</kw>
<kw name="Wait Until Element Is Visible" owner="SeleniumLibrary">
<arg>${favorites_defult_text}</arg>
<arg>timeout=30s</arg>
<doc>Waits until the element ``locator`` is visible.</doc>
<status status="PASS" start="2024-10-09T14:55:48.479183" elapsed="0.452667"/>
</kw>
<kw name="Get Text" owner="SeleniumLibrary">
<msg time="2024-10-09T14:55:49.381592" level="INFO">${title_text} = ค่าเริ่มต้น</msg>
<var>${title_text}</var>
<arg>${favorites_defult_text}</arg>
<doc>Returns the text value of the element identified by ``locator``.</doc>
<status status="PASS" start="2024-10-09T14:55:48.932211" elapsed="0.449548"/>
</kw>
<kw name="Should Be Equal" owner="BuiltIn">
<arg>${title_text}</arg>
<arg>${B2C_AddBooking_003_002['favorites_default_text']}</arg>
<doc>Fails if the given objects are unequal.</doc>
<status status="PASS" start="2024-10-09T14:55:49.382837" elapsed="0.009430"/>
</kw>
<status status="PASS" start="2024-10-09T14:55:47.114226" elapsed="2.278253"/>
</kw>
<kw name="Verify Favorites Receiver PopUp" owner="b2c_booking_delivery_page">
<kw name="Replace String" owner="String">
<msg time="2024-10-09T14:55:49.413602" level="INFO">${selected_favorites_list} = //strong[text()='0890000002' and text()='{value_phone}' ]/../../../../../div[2]/span[text()='{value_address}']/../../../../label</msg>
<var>${selected_favorites_list}</var>
<arg>${btn_choose_favorites_list}</arg>
<arg>{value_name}</arg>
<arg>${receiver_name}</arg>
<doc>Replaces ``search_for`` in the given ``string`` with ``replace_with``.</doc>
<status status="PASS" start="2024-10-09T14:55:49.413245" elapsed="0.000399"/>
</kw>
<kw name="Replace String" owner="String">
<msg time="2024-10-09T14:55:49.414169" level="INFO">${selected_favorites_list} = //strong[text()='0890000002' and text()='klong' ]/../../../../../div[2]/span[text()='{value_address}']/../../../../label</msg>
<var>${selected_favorites_list}</var>
<arg>${selected_favorites_list}</arg>
<arg>{value_phone}</arg>
<arg>${receiver_phone}</arg>
<doc>Replaces ``search_for`` in the given ``string`` with ``replace_with``.</doc>
<status status="PASS" start="2024-10-09T14:55:49.413932" elapsed="0.000268"/>
</kw>
<kw name="Replace String" owner="String">
<msg time="2024-10-09T14:55:49.414689" level="INFO">${selected_favorites_list} = //strong[text()='0890000002' and text()='klong' ]/../../../../../div[2]/span[text()='47 หมู่ 4']/../../../../label</msg>
<var>${selected_favorites_list}</var>
<arg>${selected_favorites_list}</arg>
<arg>{value_address}</arg>
<arg>${receiver_address}</arg>
<doc>Replaces ``search_for`` in the given ``string`` with ``replace_with``.</doc>
<status status="PASS" start="2024-10-09T14:55:49.414465" elapsed="0.000257"/>
</kw>
<kw name="Wait Until Element Is Visible" owner="SeleniumLibrary">
<arg>${selected_favorites_list}</arg>
<arg>timeout=30s</arg>
<doc>Waits until the element ``locator`` is visible.</doc>
<status status="PASS" start="2024-10-09T14:55:49.415003" elapsed="0.438784"/>
</kw>
<arg>${Booking_S004['receiver_name']}</arg>
<arg>${Booking_S004['receiver_phone']}</arg>
<arg>${Booking_S004['receiver_address']}</arg>
<status status="PASS" start="2024-10-09T14:55:49.393131" elapsed="0.460970"/>
</kw>
<kw name="Verify Capture Screenshot" owner="common">
<kw name="Get Current Date" owner="DateTime">
<msg time="2024-10-09T14:55:49.856669" level="INFO">${date_YYYY_MM_DD} = 2024-10-09 14:55:49.856</msg>
<var>${date_YYYY_MM_DD}</var>
<doc>Returns current local or UTC time with an optional increment.</doc>
<status status="PASS" start="2024-10-09T14:55:49.856224" elapsed="0.000502"/>
</kw>
<kw name="Convert Date" owner="DateTime">
<msg time="2024-10-09T14:55:49.857715" level="INFO">${date_YYYY_MM_DD} = 2024-10-09</msg>
<var>${date_YYYY_MM_DD}</var>
<arg>${date_YYYY_MM_DD}</arg>
<arg>result_format=%Y-%m-%d</arg>
<doc>Converts between supported `date formats`.</doc>
<status status="PASS" start="2024-10-09T14:55:49.857205" elapsed="0.000554"/>
</kw>
<kw name="Evaluate" owner="BuiltIn">
<arg>os.makedirs('${FOlDER_RESULT}/${folder}', exist_ok=True)</arg>
<arg>modules=os</arg>
<doc>Evaluates the given expression in Python and returns the result.</doc>
<status status="PASS" start="2024-10-09T14:55:49.858426" elapsed="0.001107"/>
</kw>
<kw name="Capture Page Screenshot" owner="SeleniumLibrary">
<msg time="2024-10-09T14:55:50.431747" level="INFO" html="true">&lt;/td&gt;&lt;/tr&gt;&lt;tr&gt;&lt;td colspan="3"&gt;&lt;a href="../results/2024-10-09/Booking_S004/Verify%20Favorites%20Receiver%20PopUp.png"&gt;&lt;img src="../results/2024-10-09/Booking_S004/Verify%20Favorites%20Receiver%20PopUp.png" width="800px"&gt;&lt;/a&gt;</msg>
<arg>../results/${FOlDER_RESULT}/${folder}/${img_name}.png</arg>
<doc>Takes a screenshot of the current page and embeds it into a log file.</doc>
<status status="PASS" start="2024-10-09T14:55:49.860127" elapsed="0.571793"/>
</kw>
<arg>Booking_S004</arg>
<arg>Verify Favorites Receiver PopUp</arg>
<status status="PASS" start="2024-10-09T14:55:49.855020" elapsed="0.577081"/>
</kw>
<kw name="Log" owner="BuiltIn">
<msg time="2024-10-09T14:55:50.433304" level="INFO">Step No.8 กดเลือกรายการ - สมใจ ดีดีดี 47 หมู่ 4 พ้อแดง หลังสวน ชุมพร 86110</msg>
<arg>Step No.8 กดเลือกรายการ - สมใจ ดีดีดี 47 หมู่ 4 พ้อแดง หลังสวน ชุมพร 86110</arg>
<doc>Logs the given message with the given level.</doc>
<status status="PASS" start="2024-10-09T14:55:50.432634" elapsed="0.000769"/>
</kw>
<kw name="Click Choose Favorites Receiver List" owner="b2c_booking_delivery_page">
<kw name="Replace String" owner="String">
<msg time="2024-10-09T14:55:50.455722" level="INFO">${selected_favorites_list} = //strong[text()='0890000002' and text()='{value_phone}' ]/../../../../../div[2]/span[text()='{value_address}']/../../../../label</msg>
<var>${selected_favorites_list}</var>
<arg>${btn_choose_favorites_list}</arg>
<arg>{value_name}</arg>
<arg>${receiver_name}</arg>
<doc>Replaces ``search_for`` in the given ``string`` with ``replace_with``.</doc>
<status status="PASS" start="2024-10-09T14:55:50.455420" elapsed="0.000340"/>
</kw>
<kw name="Replace String" owner="String">
<msg time="2024-10-09T14:55:50.456351" level="INFO">${selected_favorites_list} = //strong[text()='0890000002' and text()='klong' ]/../../../../../div[2]/span[text()='{value_address}']/../../../../label</msg>
<var>${selected_favorites_list}</var>
<arg>${selected_favorites_list}</arg>
<arg>{value_phone}</arg>
<arg>${receiver_phone}</arg>
<doc>Replaces ``search_for`` in the given ``string`` with ``replace_with``.</doc>
<status status="PASS" start="2024-10-09T14:55:50.456049" elapsed="0.000335"/>
</kw>
<kw name="Replace String" owner="String">
<msg time="2024-10-09T14:55:50.457050" level="INFO">${selected_favorites_list} = //strong[text()='0890000002' and text()='klong' ]/../../../../../div[2]/span[text()='47 หมู่ 4']/../../../../label</msg>
<var>${selected_favorites_list}</var>
<arg>${selected_favorites_list}</arg>
<arg>{value_address}</arg>
<arg>${receiver_address}</arg>
<doc>Replaces ``search_for`` in the given ``string`` with ``replace_with``.</doc>
<status status="PASS" start="2024-10-09T14:55:50.456669" elapsed="0.000445"/>
</kw>
<kw name="Wait Until Element Is Visible" owner="SeleniumLibrary">
<arg>${selected_favorites_list}</arg>
<arg>timeout=30s</arg>
<doc>Waits until the element ``locator`` is visible.</doc>
<status status="PASS" start="2024-10-09T14:55:50.457576" elapsed="0.440060"/>
</kw>
<kw name="Click Element" owner="SeleniumLibrary">
<msg time="2024-10-09T14:55:50.900451" level="INFO">Clicking element '//strong[text()='0890000002' and text()='klong' ]/../../../../../div[2]/span[text()='47 หมู่ 4']/../../../../label'.</msg>
<arg>${selected_favorites_list}</arg>
<doc>Click the element identified by ``locator``.</doc>
<status status="PASS" start="2024-10-09T14:55:50.899422" elapsed="0.603415"/>
</kw>
<arg>${Booking_S004['receiver_name']}</arg>
<arg>${Booking_S004['receiver_phone']}</arg>
<arg>${Booking_S004['receiver_address']}</arg>
<status status="PASS" start="2024-10-09T14:55:50.434029" elapsed="1.069005"/>
</kw>
<kw name="Click Accept Favorites List" owner="b2c_booking_delivery_page">
<kw name="Click Element" owner="SeleniumLibrary">
<msg time="2024-10-09T14:55:51.504136" level="INFO">Clicking element '//button[@class="ant-btn css-1hobygo ant-btn-round ant-btn-primary ant-btn-color-primary ant-btn-variant-solid bg-green-500 hover:bg-green-600 active:bg-green-700 focus:outline-none focus:ring focus:ring-green-300 text-white"]'.</msg>
<arg>${accept_favorites_btn}</arg>
<doc>Click the element identified by ``locator``.</doc>
<status status="PASS" start="2024-10-09T14:55:51.503934" elapsed="0.538001"/>
</kw>
<status status="PASS" start="2024-10-09T14:55:51.503503" elapsed="0.538585"/>
</kw>
<kw name="Verify Choose Receiver From Favorites" owner="b2c_booking_delivery_page">
<kw name="Wait Until Element Is Visible" owner="SeleniumLibrary">
<arg>${choose_favorites_btn}</arg>
<arg>timeout=30s</arg>
<doc>Waits until the element ``locator`` is visible.</doc>
<status status="PASS" start="2024-10-09T14:55:52.060410" elapsed="0.429133"/>
</kw>
<kw name="Wait Until Element Is Visible" owner="SeleniumLibrary">
<arg>${tab_send_to_home_verify}</arg>
<arg>timeout=30s</arg>
<doc>Waits until the element ``locator`` is visible.</doc>
<status status="PASS" start="2024-10-09T14:55:52.490219" elapsed="0.452833"/>
</kw>
<kw name="Get Value" owner="SeleniumLibrary">
<msg time="2024-10-09T14:55:53.391426" level="INFO">${phone_text} = 0890000002</msg>
<var>${phone_text}</var>
<arg>${txtbox_phone_receiver}</arg>
<doc>Returns the value attribute of the element identified by ``locator``.</doc>
<status status="PASS" start="2024-10-09T14:55:52.944876" elapsed="0.446617"/>
</kw>
<kw name="Should Be Equal" owner="BuiltIn">
<arg>${phone_text}</arg>
<arg>${receiver_phone}</arg>
<doc>Fails if the given objects are unequal.</doc>
<status status="PASS" start="2024-10-09T14:55:53.391964" elapsed="0.000347"/>
</kw>
<kw name="Get Value" owner="SeleniumLibrary">
<msg time="2024-10-09T14:55:53.830368" level="INFO">${name_text} = klong</msg>
<var>${name_text}</var>
<arg>${txtbox_name_receiver}</arg>
<doc>Returns the value attribute of the element identified by ``locator``.</doc>
<status status="PASS" start="2024-10-09T14:55:53.392642" elapsed="0.437992"/>
</kw>
<kw name="Should Be Equal" owner="BuiltIn">
<arg>${name_text}</arg>
<arg>${receiver_name}</arg>
<doc>Fails if the given objects are unequal.</doc>
<status status="PASS" start="2024-10-09T14:55:53.832611" elapsed="0.001288"/>
</kw>
<kw name="Get Value" owner="SeleniumLibrary">
<msg time="2024-10-09T14:55:54.281886" level="INFO">${address_text} = 47 หมู่ 4</msg>
<var>${address_text}</var>
<arg>${txtbox_address_receiver}</arg>
<doc>Returns the value attribute of the element identified by ``locator``.</doc>
<status status="PASS" start="2024-10-09T14:55:53.834841" elapsed="0.447304"/>
</kw>
<kw name="Should Be Equal" owner="BuiltIn">
<arg>${address_text}</arg>
<arg>${receiver_address}</arg>
<doc>Fails if the given objects are unequal.</doc>
<status status="PASS" start="2024-10-09T14:55:54.284103" elapsed="0.000869"/>
</kw>
<kw name="Get Text" owner="SeleniumLibrary">
<msg time="2024-10-09T14:55:54.739676" level="INFO">${postcode_text} = พ้อแดง หลังสวน ชุมพร 86110</msg>
<var>${postcode_text}</var>
<arg>${txtbox_postcode_receiver_select_text}</arg>
<doc>Returns the text value of the element identified by ``locator``.</doc>
<status status="PASS" start="2024-10-09T14:55:54.285545" elapsed="0.454761"/>
</kw>
<kw name="Should Be Equal" owner="BuiltIn">
<arg>${postcode_text}</arg>
<arg>${receiver_postcode}</arg>
<doc>Fails if the given objects are unequal.</doc>
<status status="PASS" start="2024-10-09T14:55:54.742045" elapsed="0.001057"/>
</kw>
<arg>${Booking_S004['receiver_name']}</arg>
<arg>${Booking_S004['receiver_phone']}</arg>
<arg>${Booking_S004['receiver_address']}</arg>
<arg>${Booking_S004['receiver_postcode_full']}</arg>
<status status="PASS" start="2024-10-09T14:55:52.042543" elapsed="2.700816"/>
</kw>
<kw name="Verify Capture Screenshot" owner="common">
<kw name="Get Current Date" owner="DateTime">
<msg time="2024-10-09T14:55:54.745818" level="INFO">${date_YYYY_MM_DD} = 2024-10-09 14:55:54.746</msg>
<var>${date_YYYY_MM_DD}</var>
<doc>Returns current local or UTC time with an optional increment.</doc>
<status status="PASS" start="2024-10-09T14:55:54.745474" elapsed="0.000390"/>
</kw>
<kw name="Convert Date" owner="DateTime">
<msg time="2024-10-09T14:55:54.746815" level="INFO">${date_YYYY_MM_DD} = 2024-10-09</msg>
<var>${date_YYYY_MM_DD}</var>
<arg>${date_YYYY_MM_DD}</arg>
<arg>result_format=%Y-%m-%d</arg>
<doc>Converts between supported `date formats`.</doc>
<status status="PASS" start="2024-10-09T14:55:54.746288" elapsed="0.000567"/>
</kw>
<kw name="Evaluate" owner="BuiltIn">
<arg>os.makedirs('${FOlDER_RESULT}/${folder}', exist_ok=True)</arg>
<arg>modules=os</arg>
<doc>Evaluates the given expression in Python and returns the result.</doc>
<status status="PASS" start="2024-10-09T14:55:54.747353" elapsed="0.001154"/>
</kw>
<kw name="Capture Page Screenshot" owner="SeleniumLibrary">
<msg time="2024-10-09T14:55:55.312004" level="INFO" html="true">&lt;/td&gt;&lt;/tr&gt;&lt;tr&gt;&lt;td colspan="3"&gt;&lt;a href="../results/2024-10-09/Booking_S004/Verify%20Choose%20Receiver%20From%20Favorites.png"&gt;&lt;img src="../results/2024-10-09/Booking_S004/Verify%20Choose%20Receiver%20From%20Favorites.png" width="800px"&gt;&lt;/a&gt;</msg>
<arg>../results/${FOlDER_RESULT}/${folder}/${img_name}.png</arg>
<doc>Takes a screenshot of the current page and embeds it into a log file.</doc>
<status status="PASS" start="2024-10-09T14:55:54.749200" elapsed="0.563032"/>
</kw>
<arg>Booking_S004</arg>
<arg>Verify Choose Receiver From Favorites</arg>
<status status="PASS" start="2024-10-09T14:55:54.744444" elapsed="0.568024"/>
</kw>
<kw name="Log" owner="BuiltIn">
<msg time="2024-10-09T14:55:55.313496" level="INFO">Step No.9 กดปุ่ม "ถัดไป"</msg>
<arg>Step No.9 กดปุ่ม "ถัดไป"</arg>
<doc>Logs the given message with the given level.</doc>
<status status="PASS" start="2024-10-09T14:55:55.313203" elapsed="0.000388"/>
</kw>
<kw name="Click Next Button" owner="b2c_booking_delivery_page">
<kw name="Click When Ready" owner="common">
<kw name="Wait Until Element Is Visible" owner="SeleniumLibrary">
<arg>${locator}</arg>
<arg>${DEFAULT_TIMEOUT}</arg>
<doc>Waits until the element ``locator`` is visible.</doc>
<status status="PASS" start="2024-10-09T14:55:55.316001" elapsed="0.456412"/>
</kw>
<kw name="Click Element" owner="SeleniumLibrary">
<msg time="2024-10-09T14:55:55.775212" level="INFO">Clicking element '//div[@class='ant-space-item' and text()='ถัดไป']/../../../button'.</msg>
<arg>${locator}</arg>
<doc>Click the element identified by ``locator``.</doc>
<status status="PASS" start="2024-10-09T14:55:55.774078" elapsed="0.688265"/>
</kw>
<arg>${btn_next}</arg>
<status status="PASS" start="2024-10-09T14:55:55.315198" elapsed="1.147464"/>
</kw>
<status status="PASS" start="2024-10-09T14:55:55.314317" elapsed="1.148429"/>
</kw>
<kw name="Verify Create Parcel Page Detail Step" owner="b2c_booking_delivery_page">
<kw name="Get Text" owner="SeleniumLibrary">
<msg time="2024-10-09T14:55:56.956467" level="INFO">${actual_detail_A4} = A4
ซอง A4
ขนาดวัดตามสายวัด
กว้าง + ยาว + สูง ไม่เกิน 51 ชม.</msg>
<var>${actual_detail_A4}</var>
<arg>${btn_parcel_select_A4}</arg>
<doc>Returns the text value of the element identified by ``locator``.</doc>
<status status="PASS" start="2024-10-09T14:55:56.514943" elapsed="0.441670"/>
</kw>
<kw name="Replace String" owner="String">
<msg time="2024-10-09T14:55:56.958500" level="INFO">${detail_A4_replace} = A4 ซอง A4 ขนาดวัดตามสายวัด กว้าง + ยาว + สูง ไม่เกิน 51 ชม.</msg>
<var>${detail_A4_replace}</var>
<arg>${actual_detail_A4}</arg>
<arg>\n</arg>
<arg>${SPACE}</arg>
<doc>Replaces ``search_for`` in the given ``string`` with ``replace_with``.</doc>
<status status="PASS" start="2024-10-09T14:55:56.957657" elapsed="0.000917"/>
</kw>
<kw name="Should Be Equal" owner="BuiltIn">
<arg>${detail_A4_replace}</arg>
<arg>${detail_A4}</arg>
<doc>Fails if the given objects are unequal.</doc>
<status status="PASS" start="2024-10-09T14:55:56.959149" elapsed="0.000515"/>
</kw>
<kw name="Get Text" owner="SeleniumLibrary">
<msg time="2024-10-09T14:55:57.412042" level="INFO">${actual_detail_A3} = A3
ซอง A3
ขนาดวัดตามสายวัด
กว้าง + ยาว + สูง ไม่เกิน 72 ชม.</msg>
<var>${actual_detail_A3}</var>
<arg>${btn_parcel_select_A3}</arg>
<doc>Returns the text value of the element identified by ``locator``.</doc>
<status status="PASS" start="2024-10-09T14:55:56.960155" elapsed="0.452078"/>
</kw>
<kw name="Replace String" owner="String">
<msg time="2024-10-09T14:55:57.414783" level="INFO">${detail_A3_replace} = A3 ซอง A3 ขนาดวัดตามสายวัด กว้าง + ยาว + สูง ไม่เกิน 72 ชม.</msg>
<var>${detail_A3_replace}</var>
<arg>${actual_detail_A3}</arg>
<arg>\n</arg>
<arg>${SPACE}</arg>
<doc>Replaces ``search_for`` in the given ``string`` with ``replace_with``.</doc>
<status status="PASS" start="2024-10-09T14:55:57.413750" elapsed="0.001124"/>
</kw>
<kw name="Should Be Equal" owner="BuiltIn">
<arg>${detail_A3_replace}</arg>
<arg>${detail_A3}</arg>
<doc>Fails if the given objects are unequal.</doc>
<status status="PASS" start="2024-10-09T14:55:57.415700" elapsed="0.000746"/>
</kw>
<kw name="Get Text" owner="SeleniumLibrary">
<msg time="2024-10-09T14:55:57.870220" level="INFO">${actual_detail_XS} = XS
กล่อง XS (เล็กพิเศษ)
ขนาดวัดตามสายวัด
กว้าง + ยาว + สูง ไม่เกิน 40 ชม.</msg>
<var>${actual_detail_XS}</var>
<arg>${btn_parcel_select_XS}</arg>
<doc>Returns the text value of the element identified by ``locator``.</doc>
<status status="PASS" start="2024-10-09T14:55:57.417217" elapsed="0.453173"/>
</kw>
<kw name="Replace String" owner="String">
<msg time="2024-10-09T14:55:57.871733" level="INFO">${detail_XS_replace} = XS กล่อง XS (เล็กพิเศษ) ขนาดวัดตามสายวัด กว้าง + ยาว + สูง ไม่เกิน 40 ชม.</msg>
<var>${detail_XS_replace}</var>
<arg>${actual_detail_XS}</arg>
<arg>\n</arg>
<arg>${SPACE}</arg>
<doc>Replaces ``search_for`` in the given ``string`` with ``replace_with``.</doc>
<status status="PASS" start="2024-10-09T14:55:57.871131" elapsed="0.000666"/>
</kw>
<kw name="Should Be Equal" owner="BuiltIn">
<arg>${detail_XS_replace}</arg>
<arg>${detail_XS}</arg>
<doc>Fails if the given objects are unequal.</doc>
<status status="PASS" start="2024-10-09T14:55:57.872352" elapsed="0.000479"/>
</kw>
<kw name="Get Text" owner="SeleniumLibrary">
<msg time="2024-10-09T14:55:58.325092" level="INFO">${actual_detail_S} = S
กล่อง S (เล็ก)
ขนาดวัดตามสายวัด
กว้าง + ยาว + สูง ไม่เกิน 60 ชม.</msg>
<var>${actual_detail_S}</var>
<arg>${btn_parcel_select_S}</arg>
<doc>Returns the text value of the element identified by ``locator``.</doc>
<status status="PASS" start="2024-10-09T14:55:57.873623" elapsed="0.451568"/>
</kw>
<kw name="Replace String" owner="String">
<msg time="2024-10-09T14:55:58.326370" level="INFO">${detail_S_replace} = S กล่อง S (เล็ก) ขนาดวัดตามสายวัด กว้าง + ยาว + สูง ไม่เกิน 60 ชม.</msg>
<var>${detail_S_replace}</var>
<arg>${actual_detail_S}</arg>
<arg>\n</arg>
<arg>${SPACE}</arg>
<doc>Replaces ``search_for`` in the given ``string`` with ``replace_with``.</doc>
<status status="PASS" start="2024-10-09T14:55:58.325839" elapsed="0.000592"/>
</kw>
<kw name="Should Be Equal" owner="BuiltIn">
<arg>${detail_S_replace}</arg>
<arg>${detail_S}</arg>
<doc>Fails if the given objects are unequal.</doc>
<status status="PASS" start="2024-10-09T14:55:58.326929" elapsed="0.000413"/>
</kw>
<kw name="Get Text" owner="SeleniumLibrary">
<msg time="2024-10-09T14:55:58.772883" level="INFO">${actual_detail_M} = M
กล่อง M (กลาง)
ขนาดวัดตามสายวัด
กว้าง + ยาว + สูง ไม่เกิน 90 ชม.</msg>
<var>${actual_detail_M}</var>
<arg>${btn_parcel_select_M}</arg>
<doc>Returns the text value of the element identified by ``locator``.</doc>
<status status="PASS" start="2024-10-09T14:55:58.327740" elapsed="0.445407"/>
</kw>
<kw name="Replace String" owner="String">
<msg time="2024-10-09T14:55:58.776028" level="INFO">${detail_M_replace} = M กล่อง M (กลาง) ขนาดวัดตามสายวัด กว้าง + ยาว + สูง ไม่เกิน 90 ชม.</msg>
<var>${detail_M_replace}</var>
<arg>${actual_detail_M}</arg>
<arg>\n</arg>
<arg>${SPACE}</arg>
<doc>Replaces ``search_for`` in the given ``string`` with ``replace_with``.</doc>
<status status="PASS" start="2024-10-09T14:55:58.775003" elapsed="0.001106"/>
</kw>
<kw name="Should Be Equal" owner="BuiltIn">
<arg>${detail_M_replace}</arg>
<arg>${detail_M}</arg>
<doc>Fails if the given objects are unequal.</doc>
<status status="PASS" start="2024-10-09T14:55:58.776865" elapsed="0.000618"/>
</kw>
<kw name="Get Text" owner="SeleniumLibrary">
<msg time="2024-10-09T14:55:59.234308" level="INFO">${actual_detail_L} = L
กล่อง L (ใหญ่)
ขนาดวัดตามสายวัด
กว้าง + ยาว + สูง ไม่เกิน 120 ชม.</msg>
<var>${actual_detail_L}</var>
<arg>${btn_parcel_select_L}</arg>
<doc>Returns the text value of the element identified by ``locator``.</doc>
<status status="PASS" start="2024-10-09T14:55:58.778190" elapsed="0.456387"/>
</kw>
<kw name="Replace String" owner="String">
<msg time="2024-10-09T14:55:59.237839" level="INFO">${detail_L_replace} = L กล่อง L (ใหญ่) ขนาดวัดตามสายวัด กว้าง + ยาว + สูง ไม่เกิน 120 ชม.</msg>
<var>${detail_L_replace}</var>
<arg>${actual_detail_L}</arg>
<arg>\n</arg>
<arg>${SPACE}</arg>
<doc>Replaces ``search_for`` in the given ``string`` with ``replace_with``.</doc>
<status status="PASS" start="2024-10-09T14:55:59.236612" elapsed="0.001317"/>
</kw>
<kw name="Should Be Equal" owner="BuiltIn">
<arg>${detail_L_replace}</arg>
<arg>${detail_L}</arg>
<doc>Fails if the given objects are unequal.</doc>
<status status="PASS" start="2024-10-09T14:55:59.238849" elapsed="0.000732"/>
</kw>
<kw name="Get Text" owner="SeleniumLibrary">
<msg time="2024-10-09T14:55:59.692863" level="INFO">${actual_detail_XL} = XL
กล่อง XL (ใหญ่มาก)
ขนาดวัดตามสายวัด
กว้าง + ยาว + สูง ไม่เกิน 150 ชม.</msg>
<var>${actual_detail_XL}</var>
<arg>${btn_parcel_select_XL}</arg>
<doc>Returns the text value of the element identified by ``locator``.</doc>
<status status="PASS" start="2024-10-09T14:55:59.240473" elapsed="0.452651"/>
</kw>
<kw name="Replace String" owner="String">
<msg time="2024-10-09T14:55:59.696360" level="INFO">${detail_XL_replace} = XL กล่อง XL (ใหญ่มาก) ขนาดวัดตามสายวัด กว้าง + ยาว + สูง ไม่เกิน 150 ชม.</msg>
<var>${detail_XL_replace}</var>
<arg>${actual_detail_XL}</arg>
<arg>\n</arg>
<arg>${SPACE}</arg>
<doc>Replaces ``search_for`` in the given ``string`` with ``replace_with``.</doc>
<status status="PASS" start="2024-10-09T14:55:59.695301" elapsed="0.001128"/>
</kw>
<kw name="Should Be Equal" owner="BuiltIn">
<arg>${detail_XL_replace}</arg>
<arg>${detail_XL}</arg>
<doc>Fails if the given objects are unequal.</doc>
<status status="PASS" start="2024-10-09T14:55:59.697091" elapsed="0.000609"/>
</kw>
<kw name="Get Text" owner="SeleniumLibrary">
<msg time="2024-10-09T14:56:00.150967" level="INFO">${actual_detail_XXL} = XXL
กล่อง XXL (ใหญ่พิเศษ)
ขนาดวัดตามสายวัด
กว้าง + ยาว + สูง ไม่เกิน 200 ชม.</msg>
<var>${actual_detail_XXL}</var>
<arg>${btn_parcel_select_XXL}</arg>
<doc>Returns the text value of the element identified by ``locator``.</doc>
<status status="PASS" start="2024-10-09T14:55:59.698327" elapsed="0.452895"/>
</kw>
<kw name="Replace String" owner="String">
<msg time="2024-10-09T14:56:00.154352" level="INFO">${detail_XXL_replace} = XXL กล่อง XXL (ใหญ่พิเศษ) ขนาดวัดตามสายวัด กว้าง + ยาว + สูง ไม่เกิน 200 ชม.</msg>
<var>${detail_XXL_replace}</var>
<arg>${actual_detail_XXL}</arg>
<arg>\n</arg>
<arg>${SPACE}</arg>
<doc>Replaces ``search_for`` in the given ``string`` with ``replace_with``.</doc>
<status status="PASS" start="2024-10-09T14:56:00.153137" elapsed="0.001307"/>
</kw>
<kw name="Should Be Equal" owner="BuiltIn">
<arg>${detail_XXL_replace}</arg>
<arg>${detail_XXL}</arg>
<doc>Fails if the given objects are unequal.</doc>
<status status="PASS" start="2024-10-09T14:56:00.155422" elapsed="0.000760"/>
</kw>
<kw name="Get Text" owner="SeleniumLibrary">
<msg time="2024-10-09T14:56:00.605444" level="INFO">${actual_insure_amount} = จำนวนเงินซื้อประกัน</msg>
<var>${actual_insure_amount}</var>
<arg>${txt_insure_amount}</arg>
<doc>Returns the text value of the element identified by ``locator``.</doc>
<status status="PASS" start="2024-10-09T14:56:00.157042" elapsed="0.448655"/>
</kw>
<kw name="Should Be Equal" owner="BuiltIn">
<arg>${actual_insure_amount}</arg>
<arg>${insure_amount}</arg>
<doc>Fails if the given objects are unequal.</doc>
<status status="PASS" start="2024-10-09T14:56:00.607653" elapsed="0.001240"/>
</kw>
<kw name="Get Text" owner="SeleniumLibrary">
<msg time="2024-10-09T14:56:01.057389" level="INFO">${actual_cod} = เก็บเงินปลายทาง</msg>
<var>${actual_cod}</var>
<arg>${txt_cod}</arg>
<doc>Returns the text value of the element identified by ``locator``.</doc>
<status status="PASS" start="2024-10-09T14:56:00.609488" elapsed="0.448153"/>
</kw>
<kw name="Should Be Equal" owner="BuiltIn">
<arg>${actual_cod}</arg>
<arg>${cod}</arg>
<doc>Fails if the given objects are unequal.</doc>
<status status="PASS" start="2024-10-09T14:56:01.059612" elapsed="0.001308"/>
</kw>
<kw name="Get Text" owner="SeleniumLibrary">
<msg time="2024-10-09T14:56:01.506235" level="INFO">${actual_remark} = หมายเหตุ</msg>
<var>${actual_remark}</var>
<arg>${txt_remark}</arg>
<doc>Returns the text value of the element identified by ``locator``.</doc>
<status status="PASS" start="2024-10-09T14:56:01.061878" elapsed="0.444616"/>
</kw>
<kw name="Should Be Equal" owner="BuiltIn">
<arg>${actual_remark}</arg>
<arg>${remark}</arg>
<doc>Fails if the given objects are unequal.</doc>
<status status="PASS" start="2024-10-09T14:56:01.508487" elapsed="0.001267"/>
</kw>
<arg>${Booking.general_parcel['parcel_detail_A4']}</arg>
<arg>${Booking.general_parcel['parcel_detail_A3']}</arg>
<arg>${Booking.general_parcel['parcel_detail_XS']}</arg>
<arg>${Booking.general_parcel['parcel_detail_S']}</arg>
<arg>${Booking.general_parcel['parcel_detail_M']}</arg>
<arg>${Booking.general_parcel['parcel_detail_L']}</arg>
<arg>${Booking.general_parcel['parcel_detail_XL']}</arg>
<arg>${Booking.general_parcel['parcel_detail_XXL']}</arg>
<arg>${Booking['parcel_detail_insure_amount']}</arg>
<arg>${Booking['parcel_detail_cod']}</arg>
<arg>${Booking['parcel_detail_remark']}</arg>
<status status="PASS" start="2024-10-09T14:55:56.464364" elapsed="5.045767"/>
</kw>
<kw name="Verify Capture Screenshot" owner="common">
<kw name="Get Current Date" owner="DateTime">
<msg time="2024-10-09T14:56:01.514491" level="INFO">${date_YYYY_MM_DD} = 2024-10-09 14:56:01.514</msg>
<var>${date_YYYY_MM_DD}</var>
<doc>Returns current local or UTC time with an optional increment.</doc>
<status status="PASS" start="2024-10-09T14:56:01.513797" elapsed="0.000787"/>
</kw>
<kw name="Convert Date" owner="DateTime">
<msg time="2024-10-09T14:56:01.516174" level="INFO">${date_YYYY_MM_DD} = 2024-10-09</msg>
<var>${date_YYYY_MM_DD}</var>
<arg>${date_YYYY_MM_DD}</arg>
<arg>result_format=%Y-%m-%d</arg>
<doc>Converts between supported `date formats`.</doc>
<status status="PASS" start="2024-10-09T14:56:01.515406" elapsed="0.000842"/>
</kw>
<kw name="Evaluate" owner="BuiltIn">
<arg>os.makedirs('${FOlDER_RESULT}/${folder}', exist_ok=True)</arg>
<arg>modules=os</arg>
<doc>Evaluates the given expression in Python and returns the result.</doc>
<status status="PASS" start="2024-10-09T14:56:01.516823" elapsed="0.000804"/>
</kw>
<kw name="Capture Page Screenshot" owner="SeleniumLibrary">
<msg time="2024-10-09T14:56:02.069204" level="INFO" html="true">&lt;/td&gt;&lt;/tr&gt;&lt;tr&gt;&lt;td colspan="3"&gt;&lt;a href="../results/2024-10-09/Booking_S004/Verify%20Create%20Parcel%20Page%20Detail%20Step.png"&gt;&lt;img src="../results/2024-10-09/Booking_S004/Verify%20Create%20Parcel%20Page%20Detail%20Step.png" width="800px"&gt;&lt;/a&gt;</msg>
<arg>../results/${FOlDER_RESULT}/${folder}/${img_name}.png</arg>
<doc>Takes a screenshot of the current page and embeds it into a log file.</doc>
<status status="PASS" start="2024-10-09T14:56:01.518181" elapsed="0.551305"/>
</kw>
<arg>Booking_S004</arg>
<arg>Verify Create Parcel Page Detail Step</arg>
<status status="PASS" start="2024-10-09T14:56:01.512107" elapsed="0.557645"/>
</kw>
<kw name="Log" owner="BuiltIn">
<msg time="2024-10-09T14:56:02.070794" level="INFO">Step No.10 "ขั้นตอนรายละเอียดพัสดุ กรอกข้อมูล ขนาดพัสดุ : กล่อง XS COD : 5,000.00"</msg>
<arg>Step No.10 "ขั้นตอนรายละเอียดพัสดุ กรอกข้อมูล ขนาดพัสดุ : กล่อง XS COD : 5,000.00"</arg>
<doc>Logs the given message with the given level.</doc>
<status status="PASS" start="2024-10-09T14:56:02.070526" elapsed="0.000339"/>
</kw>
<kw name="Select Parcel Size" owner="b2c_booking_delivery_page">
<kw name="Replace String" owner="String">
<msg time="2024-10-09T14:56:02.077334" level="INFO">${btn_parcel_size} = //*[@id="create_parcel_form"]//span//strong[text()='XS']</msg>
<var>${btn_parcel_size}</var>
<arg>${btn_parcel_size}</arg>
<arg>{value}</arg>
<arg>${value}</arg>
<doc>Replaces ``search_for`` in the given ``string`` with ``replace_with``.</doc>
<status status="PASS" start="2024-10-09T14:56:02.077069" elapsed="0.000303"/>
</kw>
<kw name="Click When Ready" owner="common">
<kw name="Wait Until Element Is Visible" owner="SeleniumLibrary">
<arg>${locator}</arg>
<arg>${DEFAULT_TIMEOUT}</arg>
<doc>Waits until the element ``locator`` is visible.</doc>
<status status="PASS" start="2024-10-09T14:56:02.078035" elapsed="0.446852"/>
</kw>
<kw name="Click Element" owner="SeleniumLibrary">
<msg time="2024-10-09T14:56:02.527360" level="INFO">Clicking element '//*[@id="create_parcel_form"]//span//strong[text()='XS']'.</msg>
<arg>${locator}</arg>
<doc>Click the element identified by ``locator``.</doc>
<status status="PASS" start="2024-10-09T14:56:02.526412" elapsed="0.562783"/>
</kw>
<arg>${btn_parcel_size}</arg>
<status status="PASS" start="2024-10-09T14:56:02.077644" elapsed="1.011707"/>
</kw>
<arg>${Booking_S004['parcel_size']}</arg>
<status status="PASS" start="2024-10-09T14:56:02.071471" elapsed="1.017941"/>
</kw>
<kw name="Input COD" owner="b2c_booking_delivery_page">
<kw name="Input When Ready" owner="common">
<kw name="Wait Until Element Is Visible" owner="SeleniumLibrary">
<arg>${locator}</arg>
<arg>${DEFAULT_TIMEOUT}</arg>
<doc>Waits until the element ``locator`` is visible.</doc>
<status status="PASS" start="2024-10-09T14:56:03.095327" elapsed="0.435599"/>
</kw>
<kw name="Input Text" owner="SeleniumLibrary">
<msg time="2024-10-09T14:56:03.532057" level="INFO">Typing text '5000' into text field '//input[@id='create_parcel_form_codValue']'.</msg>
<arg>${locator}</arg>
<arg>${text}</arg>
<doc>Types the given ``text`` into the text field identified by ``locator``.</doc>
<status status="PASS" start="2024-10-09T14:56:03.531577" elapsed="0.757130"/>
</kw>
<kw name="Sleep" owner="BuiltIn">
<msg time="2024-10-09T14:56:06.292118" level="INFO">Slept 2 seconds.</msg>
<arg>2s</arg>
<doc>Pauses the test executed for the given time.</doc>
<status status="PASS" start="2024-10-09T14:56:04.289172" elapsed="2.003502"/>
</kw>
<arg>${txtbox_cod}</arg>
<arg>${value}</arg>
<status status="PASS" start="2024-10-09T14:56:03.094880" elapsed="3.198379"/>
</kw>
<arg>${Booking_S004['cod_fee_amount']}</arg>
<status status="PASS" start="2024-10-09T14:56:03.089806" elapsed="3.203753"/>
</kw>
<kw name="Verify Capture Screenshot" owner="common">
<kw name="Get Current Date" owner="DateTime">
<msg time="2024-10-09T14:56:06.297414" level="INFO">${date_YYYY_MM_DD} = 2024-10-09 14:56:06.297</msg>
<var>${date_YYYY_MM_DD}</var>
<doc>Returns current local or UTC time with an optional increment.</doc>
[...]
<arg>${Booking['text_postcode_sender']}</arg>
<status status="PASS" start="2024-10-09T14:56:13.695187" elapsed="3.505939"/>
</kw>
<kw name="Verify Draft Parcel Sender" owner="b2c_booking_delivery_page">
<kw name="Wait Until Element Is Visible" owner="SeleniumLibrary">
<arg>${title_create_parcel_page_txt}</arg>
<arg>timeout=30s</arg>
<doc>Waits until the element ``locator`` is visible.</doc>
<status status="PASS" start="2024-10-09T14:56:17.231698" elapsed="0.432964"/>
</kw>
<kw name="Get Value" owner="SeleniumLibrary">
<msg time="2024-10-09T14:56:18.101778" level="INFO">${actual_text_phone_sender} = 0899999999</msg>
<var>${actual_text_phone_sender}</var>
<arg>${txtbox_phone_sender}</arg>
<doc>Returns the value attribute of the element identified by ``locator``.</doc>
<status status="PASS" start="2024-10-09T14:56:17.666686" elapsed="0.435306"/>
</kw>
<kw name="Should Be Equal" owner="BuiltIn">
<arg>${actual_text_phone_sender}</arg>
<arg>${phone_sender}</arg>
<doc>Fails if the given objects are unequal.</doc>
<status status="PASS" start="2024-10-09T14:56:18.103712" elapsed="0.001115"/>
</kw>
<kw name="Get Value" owner="SeleniumLibrary">
<msg time="2024-10-09T14:56:18.538910" level="INFO">${actual_text_name_sender} = สมชาย สายเสมอ</msg>
<var>${actual_text_name_sender}</var>
<arg>${txtbox_name_sender}</arg>
<doc>Returns the value attribute of the element identified by ``locator``.</doc>
<status status="PASS" start="2024-10-09T14:56:18.105631" elapsed="0.433458"/>
</kw>
<kw name="Should Be Equal" owner="BuiltIn">
<arg>${actual_text_name_sender}</arg>
<arg>${name_sender}</arg>
<doc>Fails if the given objects are unequal.</doc>
<status status="PASS" start="2024-10-09T14:56:18.540286" elapsed="0.000801"/>
</kw>
<kw name="Get Value" owner="SeleniumLibrary">
<msg time="2024-10-09T14:56:18.976505" level="INFO">${actual_text_address_sender} = 48/698</msg>
<var>${actual_text_address_sender}</var>
<arg>${txtbox_address_sender}</arg>
<doc>Returns the value attribute of the element identified by ``locator``.</doc>
<status status="PASS" start="2024-10-09T14:56:18.541678" elapsed="0.435010"/>
</kw>
<kw name="Should Be Equal" owner="BuiltIn">
<arg>${actual_text_address_sender}</arg>
<arg>${address_sender}</arg>
<doc>Fails if the given objects are unequal.</doc>
<status status="PASS" start="2024-10-09T14:56:18.977731" elapsed="0.000773"/>
</kw>
<kw name="Get Text" owner="SeleniumLibrary">
<msg time="2024-10-09T14:56:19.413601" level="INFO">${actual_text_full_postcode_sender} = ลาดพร้าว ลาดพร้าว กรุงเทพมหานคร 10230</msg>
<var>${actual_text_full_postcode_sender}</var>
<arg>${txtbox_full_postcode_sender}</arg>
<doc>Returns the text value of the element identified by ``locator``.</doc>
<status status="PASS" start="2024-10-09T14:56:18.979035" elapsed="0.434749"/>
</kw>
<kw name="Should Be Equal" owner="BuiltIn">
<arg>${actual_text_full_postcode_sender}</arg>
<arg>${full_postcode_sender}</arg>
<doc>Fails if the given objects are unequal.</doc>
<status status="PASS" start="2024-10-09T14:56:19.415095" elapsed="0.000823"/>
</kw>
<arg>${Booking_S004['sender_phone']}</arg>
<arg>${Booking_S004['sender_name']}</arg>
<arg>${Booking_S004['sender_address']}</arg>
<arg>${Booking_S004['sender_postcode_full']}</arg>
<status status="PASS" start="2024-10-09T14:56:17.202284" elapsed="2.213836"/>
</kw>
<kw name="Verify Capture Screenshot" owner="common">
<kw name="Get Current Date" owner="DateTime">
<msg time="2024-10-09T14:56:19.418500" level="INFO">${date_YYYY_MM_DD} = 2024-10-09 14:56:19.418</msg>
<var>${date_YYYY_MM_DD}</var>
<doc>Returns current local or UTC time with an optional increment.</doc>
<status status="PASS" start="2024-10-09T14:56:19.418118" elapsed="0.000434"/>
</kw>
<kw name="Convert Date" owner="DateTime">
<msg time="2024-10-09T14:56:19.419701" level="INFO">${date_YYYY_MM_DD} = 2024-10-09</msg>
<var>${date_YYYY_MM_DD}</var>
<arg>${date_YYYY_MM_DD}</arg>
<arg>result_format=%Y-%m-%d</arg>
<doc>Converts between supported `date formats`.</doc>
<status status="PASS" start="2024-10-09T14:56:19.419016" elapsed="0.000796"/>
</kw>
<kw name="Evaluate" owner="BuiltIn">
<arg>os.makedirs('${FOlDER_RESULT}/${folder}', exist_ok=True)</arg>
<arg>modules=os</arg>
<doc>Evaluates the given expression in Python and returns the result.</doc>
<status status="PASS" start="2024-10-09T14:56:19.420414" elapsed="0.001147"/>
</kw>
<kw name="Capture Page Screenshot" owner="SeleniumLibrary">
<msg time="2024-10-09T14:56:19.970989" level="INFO" html="true">&lt;/td&gt;&lt;/tr&gt;&lt;tr&gt;&lt;td colspan="3"&gt;&lt;a href="../results/2024-10-09/Booking_S004/Verify%20Draft%20Parcel%20Sender.png"&gt;&lt;img src="../results/2024-10-09/Booking_S004/Verify%20Draft%20Parcel%20Sender.png" width="800px"&gt;&lt;/a&gt;</msg>
<arg>../results/${FOlDER_RESULT}/${folder}/${img_name}.png</arg>
<doc>Takes a screenshot of the current page and embeds it into a log file.</doc>
<status status="PASS" start="2024-10-09T14:56:19.422102" elapsed="0.549415"/>
</kw>
<arg>Booking_S004</arg>
<arg>Verify Draft Parcel Sender</arg>
<status status="PASS" start="2024-10-09T14:56:19.417154" elapsed="0.554904"/>
</kw>
<kw name="Log" owner="BuiltIn">
<msg time="2024-10-09T14:56:19.973167" level="INFO">Step No.13 กดปุ่ม "ถัดไป"</msg>
<arg>Step No.13 กดปุ่ม "ถัดไป"</arg>
<doc>Logs the given message with the given level.</doc>
<status status="PASS" start="2024-10-09T14:56:19.972875" elapsed="0.000397"/>
</kw>
<kw name="Click Next Button" owner="b2c_booking_delivery_page">
<kw name="Click When Ready" owner="common">
<kw name="Wait Until Element Is Visible" owner="SeleniumLibrary">
<arg>${locator}</arg>
<arg>${DEFAULT_TIMEOUT}</arg>
<doc>Waits until the element ``locator`` is visible.</doc>
<status status="PASS" start="2024-10-09T14:56:19.975629" elapsed="0.432196"/>
</kw>
<kw name="Click Element" owner="SeleniumLibrary">
<msg time="2024-10-09T14:56:20.411293" level="INFO">Clicking element '//div[@class='ant-space-item' and text()='ถัดไป']/../../../button'.</msg>
<arg>${locator}</arg>
<doc>Click the element identified by ``locator``.</doc>
<status status="PASS" start="2024-10-09T14:56:20.409995" elapsed="0.573190"/>
</kw>
<arg>${btn_next}</arg>
<status status="PASS" start="2024-10-09T14:56:19.974783" elapsed="1.008551"/>
</kw>
<status status="PASS" start="2024-10-09T14:56:19.973961" elapsed="1.009436"/>
</kw>
<kw name="Select Send To Home Tab" owner="b2c_booking_delivery_page">
<kw name="Click When Ready" owner="common">
<kw name="Wait Until Element Is Visible" owner="SeleniumLibrary">
<arg>${locator}</arg>
<arg>${DEFAULT_TIMEOUT}</arg>
<doc>Waits until the element ``locator`` is visible.</doc>
<status status="PASS" start="2024-10-09T14:56:20.984571" elapsed="0.425840"/>
</kw>
<kw name="Click Element" owner="SeleniumLibrary">
<msg time="2024-10-09T14:56:21.413263" level="INFO">Clicking element '//div[@data-node-key='home']'.</msg>
<arg>${locator}</arg>
<doc>Click the element identified by ``locator``.</doc>
<status status="PASS" start="2024-10-09T14:56:21.412084" elapsed="0.466244"/>
</kw>
<arg>${tab_send_to_home}</arg>
<status status="PASS" start="2024-10-09T14:56:20.984198" elapsed="0.894906"/>
</kw>
<status status="PASS" start="2024-10-09T14:56:20.983781" elapsed="0.895608"/>
</kw>
<kw name="Verify Create Parcel Page Receiver Step" owner="b2c_booking_delivery_page">
<kw name="Wait Until Element Is Visible" owner="SeleniumLibrary">
<arg>${title_create_parcel_page_txt}</arg>
<arg>timeout=30s</arg>
<doc>Waits until the element ``locator`` is visible.</doc>
<status status="PASS" start="2024-10-09T14:56:21.928371" elapsed="0.429008"/>
</kw>
<kw name="Wait Until Element Is Not Visible" owner="SeleniumLibrary">
<arg>${status_active_receiver}</arg>
<arg>timeout=30s</arg>
<doc>Waits until the element ``locator`` is not visible.</doc>
<status status="PASS" start="2024-10-09T14:56:22.359469" elapsed="0.453777"/>
</kw>
<kw name="Get Text" owner="SeleniumLibrary">
<msg time="2024-10-09T14:56:23.249608" level="INFO">${actual_text_title} = สร้างพัสดุ</msg>
<var>${actual_text_title}</var>
<arg>${txt_title_create_parcel_page}</arg>
<doc>Returns the text value of the element identified by ``locator``.</doc>
<status status="PASS" start="2024-10-09T14:56:22.815093" elapsed="0.434641"/>
</kw>
<kw name="Should Be Equal" owner="BuiltIn">
<arg>${actual_text_title}</arg>
<arg>${title}</arg>
<doc>Fails if the given objects are unequal.</doc>
<status status="PASS" start="2024-10-09T14:56:23.250552" elapsed="0.000631"/>
</kw>
<kw name="Get Text" owner="SeleniumLibrary">
<msg time="2024-10-09T14:56:23.682098" level="INFO">${actual_text_parcel_receiver_information} = ข้อมูลผู้รับพัสดุ</msg>
<var>${actual_text_parcel_receiver_information}</var>
<arg>${txt_parcel_receiver_information}</arg>
<doc>Returns the text value of the element identified by ``locator``.</doc>
<status status="PASS" start="2024-10-09T14:56:23.251716" elapsed="0.430489"/>
</kw>
<kw name="Should Be Equal" owner="BuiltIn">
<arg>${actual_text_parcel_receiver_information}</arg>
<arg>${parcel_receiver_information}</arg>
<doc>Fails if the given objects are unequal.</doc>
<status status="PASS" start="2024-10-09T14:56:23.682927" elapsed="0.000574"/>
</kw>
<kw name="Get Text" owner="SeleniumLibrary">
<msg time="2024-10-09T14:56:24.116180" level="INFO">${actual_text_phone} = เบอร์โทรศัพท์ *</msg>
<var>${actual_text_phone}</var>
<arg>${txt_phone_receiver}</arg>
<doc>Returns the text value of the element identified by ``locator``.</doc>
<status status="PASS" start="2024-10-09T14:56:23.684007" elapsed="0.432391"/>
</kw>
<kw name="Should Be Equal" owner="BuiltIn">
<arg>${actual_text_phone}</arg>
<arg>${phone_receiver}</arg>
<doc>Fails if the given objects are unequal.</doc>
<status status="PASS" start="2024-10-09T14:56:24.118046" elapsed="0.001006"/>
</kw>
<kw name="Get Text" owner="SeleniumLibrary">
<msg time="2024-10-09T14:56:24.553660" level="INFO">${actual_text_name} = ชื่อ *</msg>
<var>${actual_text_name}</var>
<arg>${txt_name_receiver}</arg>
<doc>Returns the text value of the element identified by ``locator``.</doc>
<status status="PASS" start="2024-10-09T14:56:24.119748" elapsed="0.434160"/>
</kw>
<kw name="Should Be Equal" owner="BuiltIn">
<arg>${actual_text_name}</arg>
<arg>${name_receiver}</arg>
<doc>Fails if the given objects are unequal.</doc>
<status status="PASS" start="2024-10-09T14:56:24.555849" elapsed="0.001237"/>
</kw>
<kw name="Get Text" owner="SeleniumLibrary">
<msg time="2024-10-09T14:56:24.995697" level="INFO">${actual_text_name} = ข้อมูลสถานที่รับพัสดุ</msg>
<var>${actual_text_name}</var>
<arg>${txt_location_receiver}</arg>
<doc>Returns the text value of the element identified by ``locator``.</doc>
<status status="PASS" start="2024-10-09T14:56:24.558028" elapsed="0.437915"/>
</kw>
<kw name="Should Be Equal" owner="BuiltIn">
<arg>${actual_text_name}</arg>
<arg>${location_receiver}</arg>
<doc>Fails if the given objects are unequal.</doc>
<status status="PASS" start="2024-10-09T14:56:24.997853" elapsed="0.001037"/>
</kw>
<kw name="Get Text" owner="SeleniumLibrary">
<msg time="2024-10-09T14:56:25.432040" level="INFO">${actual_text_address} = รายละเอียดที่อยู่ *</msg>
<var>${actual_text_address}</var>
<arg>${txt_address_receiver}</arg>
<doc>Returns the text value of the element identified by ``locator``.</doc>
<status status="PASS" start="2024-10-09T14:56:24.999621" elapsed="0.432673"/>
</kw>
<kw name="Should Be Equal" owner="BuiltIn">
<arg>${actual_text_address}</arg>
<arg>${address_receiver}</arg>
<doc>Fails if the given objects are unequal.</doc>
<status status="PASS" start="2024-10-09T14:56:25.434310" elapsed="0.001271"/>
</kw>
<kw name="Get Text" owner="SeleniumLibrary">
<msg time="2024-10-09T14:56:25.868619" level="INFO">${actual_text_postcode} = แขวงตำบล/ อำเภอ/ จังหวัด/ รหัสไปรษณีย์ *</msg>
<var>${actual_text_postcode}</var>
<arg>${txt_postcode_receiver}</arg>
<doc>Returns the text value of the element identified by ``locator``.</doc>
<status status="PASS" start="2024-10-09T14:56:25.436473" elapsed="0.432341"/>
</kw>
<kw name="Should Be Equal" owner="BuiltIn">
<arg>${actual_text_postcode}</arg>
<arg>${postcode_receiver}</arg>
<doc>Fails if the given objects are unequal.</doc>
<status status="PASS" start="2024-10-09T14:56:25.870327" elapsed="0.000889"/>
</kw>
<arg>${Booking['text_title']}</arg>
<arg>${Booking['text_parcel_receiver_information']}</arg>
<arg>${Booking['text_phone_receiver']}</arg>
<arg>${Booking['text_name_receiver']}</arg>
<arg>${Booking['text_location_receiver']}</arg>
<arg>${Booking['text_address_receiver']}</arg>
<arg>${Booking['text_postcode_receiver']}</arg>
<status status="PASS" start="2024-10-09T14:56:21.881673" elapsed="3.989758"/>
</kw>
<kw name="Verify Draft Paecel Receiver" owner="b2c_booking_delivery_page">
<kw name="Wait Until Element Is Visible" owner="SeleniumLibrary">
<arg>${title_create_parcel_page_txt}</arg>
<arg>timeout=30s</arg>
<doc>Waits until the element ``locator`` is visible.</doc>
<status status="PASS" start="2024-10-09T14:56:25.902538" elapsed="0.431063"/>
</kw>
<kw name="Get Value" owner="SeleniumLibrary">
<msg time="2024-10-09T14:56:26.769938" level="INFO">${actual_text_phone_receiver} = 0890000002</msg>
<var>${actual_text_phone_receiver}</var>
<arg>${txtbox_phone_receiver}</arg>
<doc>Returns the value attribute of the element identified by ``locator``.</doc>
<status status="PASS" start="2024-10-09T14:56:26.336548" elapsed="0.433694"/>
</kw>
<kw name="Get Value" owner="SeleniumLibrary">
<msg time="2024-10-09T14:56:27.206367" level="INFO">${actual_text_name_receiver} = klong</msg>
<var>${actual_text_name_receiver}</var>
<arg>${txtbox_name_receiver}</arg>
<doc>Returns the value attribute of the element identified by ``locator``.</doc>
<status status="PASS" start="2024-10-09T14:56:26.772236" elapsed="0.434384"/>
</kw>
<kw name="Get Value" owner="SeleniumLibrary">
<msg time="2024-10-09T14:56:27.644167" level="INFO">${actual_text_address_receiver} = 47 หมู่ 4</msg>
<var>${actual_text_address_receiver}</var>
<arg>${txtbox_address_receiver}</arg>
<doc>Returns the value attribute of the element identified by ``locator``.</doc>
<status status="PASS" start="2024-10-09T14:56:27.208390" elapsed="0.436041"/>
</kw>
<kw name="Get Text" owner="SeleniumLibrary">
<msg time="2024-10-09T14:56:28.083542" level="INFO">${actual_text_full_postcode_receiver} = พ้อแดง หลังสวน ชุมพร 86110</msg>
<var>${actual_text_full_postcode_receiver}</var>
<arg>${txtbox_full_postcode_receiver}</arg>
<doc>Returns the text value of the element identified by ``locator``.</doc>
<status status="PASS" start="2024-10-09T14:56:27.646479" elapsed="0.437250"/>
</kw>
<kw name="Should Be Equal" owner="BuiltIn">
<arg>${actual_text_phone_receiver}</arg>
<arg>${phone_receiver}</arg>
<doc>Fails if the given objects are unequal.</doc>
<status status="PASS" start="2024-10-09T14:56:28.085105" elapsed="0.000849"/>
</kw>
<kw name="Should Be Equal" owner="BuiltIn">
<arg>${actual_text_name_receiver}</arg>
<arg>${name_receiver}</arg>
<doc>Fails if the given objects are unequal.</doc>
<status status="PASS" start="2024-10-09T14:56:28.086538" elapsed="0.000537"/>
</kw>
<kw name="Should Be Equal" owner="BuiltIn">
<arg>${actual_text_address_receiver}</arg>
<arg>${address_receiver}</arg>
<doc>Fails if the given objects are unequal.</doc>
<status status="PASS" start="2024-10-09T14:56:28.087667" elapsed="0.000423"/>
</kw>
<kw name="Should Be Equal" owner="BuiltIn">
<arg>${actual_text_full_postcode_receiver}</arg>
<arg>${full_postcode_receiver}</arg>
<doc>Fails if the given objects are unequal.</doc>
<status status="PASS" start="2024-10-09T14:56:28.088476" elapsed="0.000358"/>
</kw>
<arg>${Booking_S004['receiver_phone']}</arg>
<arg>${Booking_S004['receiver_name']}</arg>
<arg>${Booking_S004['receiver_address']}</arg>
<arg>${Booking_S004['receiver_postcode_full']}</arg>
<status status="PASS" start="2024-10-09T14:56:25.872846" elapsed="2.216153"/>
</kw>
<kw name="Verify Capture Screenshot" owner="common">
<kw name="Get Current Date" owner="DateTime">
<msg time="2024-10-09T14:56:28.091384" level="INFO">${date_YYYY_MM_DD} = 2024-10-09 14:56:28.091</msg>
<var>${date_YYYY_MM_DD}</var>
<doc>Returns current local or UTC time with an optional increment.</doc>
<status status="PASS" start="2024-10-09T14:56:28.090892" elapsed="0.000563"/>
</kw>
<kw name="Convert Date" owner="DateTime">
<msg time="2024-10-09T14:56:28.092383" level="INFO">${date_YYYY_MM_DD} = 2024-10-09</msg>
<var>${date_YYYY_MM_DD}</var>
<arg>${date_YYYY_MM_DD}</arg>
<arg>result_format=%Y-%m-%d</arg>
<doc>Converts between supported `date formats`.</doc>
<status status="PASS" start="2024-10-09T14:56:28.091941" elapsed="0.000482"/>
</kw>
<kw name="Evaluate" owner="BuiltIn">
<arg>os.makedirs('${FOlDER_RESULT}/${folder}', exist_ok=True)</arg>
<arg>modules=os</arg>
<doc>Evaluates the given expression in Python and returns the result.</doc>
<status status="PASS" start="2024-10-09T14:56:28.092794" elapsed="0.000898"/>
</kw>
<kw name="Capture Page Screenshot" owner="SeleniumLibrary">
<msg time="2024-10-09T14:56:28.645279" level="INFO" html="true">&lt;/td&gt;&lt;/tr&gt;&lt;tr&gt;&lt;td colspan="3"&gt;&lt;a href="../results/2024-10-09/Booking_S003/Verify%20Create%20Parcel%20Page%20Receiver%20Step.png"&gt;&lt;img src="../results/2024-10-09/Booking_S003/Verify%20Create%20Parcel%20Page%20Receiver%20Step.png" width="800px"&gt;&lt;/a&gt;</msg>
<arg>../results/${FOlDER_RESULT}/${folder}/${img_name}.png</arg>
<doc>Takes a screenshot of the current page and embeds it into a log file.</doc>
<status status="PASS" start="2024-10-09T14:56:28.094081" elapsed="0.551361"/>
</kw>
<arg>Booking_S003</arg>
<arg>Verify Create Parcel Page Receiver Step</arg>
<status status="PASS" start="2024-10-09T14:56:28.089693" elapsed="0.555897"/>
</kw>
<kw name="Log" owner="BuiltIn">
<msg time="2024-10-09T14:56:28.646169" level="INFO">Step No.14 กดปุ่ม "ถัดไป"</msg>
<arg>Step No.14 กดปุ่ม "ถัดไป"</arg>
<doc>Logs the given message with the given level.</doc>
<status status="PASS" start="2024-10-09T14:56:28.645997" elapsed="0.000226"/>
</kw>
<kw name="Click Next Button" owner="b2c_booking_delivery_page">
<kw name="Click When Ready" owner="common">
<kw name="Wait Until Element Is Visible" owner="SeleniumLibrary">
<arg>${locator}</arg>
<arg>${DEFAULT_TIMEOUT}</arg>
<doc>Waits until the element ``locator`` is visible.</doc>
<status status="PASS" start="2024-10-09T14:56:28.647559" elapsed="0.430158"/>
</kw>
<kw name="Click Element" owner="SeleniumLibrary">
<msg time="2024-10-09T14:56:29.081102" level="INFO">Clicking element '//div[@class='ant-space-item' and text()='ถัดไป']/../../../button'.</msg>
<arg>${locator}</arg>
<doc>Click the element identified by ``locator``.</doc>
<status status="PASS" start="2024-10-09T14:56:29.079827" elapsed="0.561096"/>
</kw>
<arg>${btn_next}</arg>
<status status="PASS" start="2024-10-09T14:56:28.647103" elapsed="0.994124"/>
</kw>
<status status="PASS" start="2024-10-09T14:56:28.646639" elapsed="0.994668"/>
</kw>
<kw name="Close Browser" owner="SeleniumLibrary" type="TEARDOWN">
<doc>Closes the current browser.</doc>
<status status="PASS" start="2024-10-09T14:56:29.642061" elapsed="0.272965"/>
</kw>
<doc>"ลูกค้า B - สร้างพัสดุ (ทั่วไป) - ข้อมูลผู้ส่ง (ไม่เพิ่มเป็นรายการโปรด) - ข้อมูลผู้รับพัสดุ (ส่งที่บ้าน &gt; เลือกจากรายการโปรด) - รายละเอียดพัสดุ เลือก XS (ไม่มีประกัน มี COD เเละไม่ใส่หมายเหตุ)(บันทึกร่าง) - Promotion (ไม่มี)"</doc>
<tag>Booking</tag>
<tag>Run</tag>
<tag>UAT</tag>
<status status="PASS" start="2024-10-09T14:54:12.361910" elapsed="137.553283"/>
</test>
<status status="PASS" start="2024-10-09T14:54:11.924894" elapsed="137.990875"/>
</suite>
<statistics>
<total>
<stat pass="1" fail="0" skip="0">All Tests</stat>
</total>
<tag>
<stat pass="1" fail="0" skip="0">Booking</stat>
<stat pass="1" fail="0" skip="0">Run</stat>
<stat pass="1" fail="0" skip="0">UAT</stat>
</tag>
<suite>
<stat pass="1" fail="0" skip="0" id="s1" name="booking S004">booking S004</stat>
</suite>
</statistics>
<errors>
</errors>
</robot>
