<?xml version="1.0" encoding="UTF-8"?>
<robot generator="Robot 7.0 (Python 3.12.1 on darwin)" generated="2024-09-06T10:04:19.087730" rpa="false" schemaversion="5">
<suite id="s1" name="Allspeedy-Dps-001" source="/Users/yffoaz/Downloads/Gitlab/all-speedy-automated/testcases/dps/allspeedy-dps-001.robot">
<kw name="Run Keywords" owner="BuiltIn" type="SETUP">
<kw name="Open Browser And Go To Allspeedy DPS Website" owner="common">
<kw name="Evaluate" owner="BuiltIn">
<msg time="2024-09-06T10:04:19.261546" level="INFO">${chrome_options} = &lt;selenium.webdriver.chrome.options.Options object at 0x1073eb980&gt;</msg>
<var>${chrome_options}</var>
<arg>sys.modules['selenium.webdriver'].ChromeOptions()</arg>
<arg>sys, selenium.webdriver</arg>
<doc>Evaluates the given expression in Python and returns the result.</doc>
<status status="PASS" start="2024-09-06T10:04:19.261308" elapsed="0.000271"/>
</kw>
<kw name="Call Method" owner="BuiltIn">
<arg>${chrome_options}</arg>
<arg>add_argument</arg>
<arg>--disable-extensions</arg>
<doc>Calls the named method of the given object with the provided arguments.</doc>
<status status="PASS" start="2024-09-06T10:04:19.261694" elapsed="0.000099"/>
</kw>
<kw name="Call Method" owner="BuiltIn">
<arg>${chrome_options}</arg>
<arg>add_argument</arg>
<arg>--headless</arg>
<doc>Calls the named method of the given object with the provided arguments.</doc>
<status status="PASS" start="2024-09-06T10:04:19.262105" elapsed="0.000148"/>
</kw>
<kw name="Call Method" owner="BuiltIn">
<arg>${chrome_options}</arg>
<arg>add_argument</arg>
<arg>--disable-gpu</arg>
<doc>Calls the named method of the given object with the provided arguments.</doc>
<status status="PASS" start="2024-09-06T10:04:19.262377" elapsed="0.000115"/>
</kw>
<kw name="Call Method" owner="BuiltIn">
<arg>${chrome_options}</arg>
<arg>add_argument</arg>
<arg>--no-sandbox</arg>
<doc>Calls the named method of the given object with the provided arguments.</doc>
<status status="PASS" start="2024-09-06T10:04:19.262598" elapsed="0.000080"/>
</kw>
<kw name="Call Method" owner="BuiltIn">
<arg>${chrome_options}</arg>
<arg>add_argument</arg>
<arg>--window-size\=1920,1080</arg>
<doc>Calls the named method of the given object with the provided arguments.</doc>
<status status="PASS" start="2024-09-06T10:04:19.262754" elapsed="0.000086"/>
</kw>
<kw name="Open Browser" owner="SeleniumLibrary">
<msg time="2024-09-06T10:04:19.263115" level="INFO">Opening browser 'Chrome' to base url 'about:blank'.</msg>
<arg>about:blank</arg>
<arg>Chrome</arg>
<arg>options=${chrome_options}</arg>
<doc>Opens a new browser instance to the optional ``url``.</doc>
<status status="PASS" start="2024-09-06T10:04:19.262947" elapsed="1.203439"/>
</kw>
<kw name="Set Selenium Speed" owner="SeleniumLibrary">
<arg>0.2</arg>
<doc>Sets the delay that is waited after each Selenium command.</doc>
<status status="PASS" start="2024-09-06T10:04:20.467410" elapsed="0.000557"/>
</kw>
<status status="PASS" start="2024-09-06T10:04:19.261101" elapsed="1.207011"/>
</kw>
<kw name="Set Folder Result with date" owner="common">
<kw name="Get Current Date" owner="DateTime">
<msg time="2024-09-06T10:04:20.469911" level="INFO">${date_YYYY_MM_DD} = 2024-09-06 10:04:20.469</msg>
<var>${date_YYYY_MM_DD}</var>
<doc>Returns current local or UTC time with an optional increment.</doc>
<status status="PASS" start="2024-09-06T10:04:20.469183" elapsed="0.000779"/>
</kw>
<kw name="Convert Date" owner="DateTime">
<msg time="2024-09-06T10:04:20.474549" level="INFO">${date_YYYY_MM_DD} = 2024-09-06</msg>
<var>${date_YYYY_MM_DD}</var>
<arg>${date_YYYY_MM_DD}</arg>
<arg>result_format=%Y-%m-%d</arg>
<doc>Converts between supported `date formats`.</doc>
<status status="PASS" start="2024-09-06T10:04:20.470189" elapsed="0.004396"/>
</kw>
<kw name="Set Variable" owner="BuiltIn">
<msg time="2024-09-06T10:04:20.475638" level="INFO">${FOlDER_RESULT} = ../result/2024-09-06</msg>
<var>${FOlDER_RESULT}</var>
<arg>..${/}result${/}${date_YYYY_MM_DD}</arg>
<doc>Returns the given values which can then be assigned to a variables.</doc>
<status status="PASS" start="2024-09-06T10:04:20.474815" elapsed="0.000908"/>
</kw>
<kw name="Set Global Variable" owner="BuiltIn">
<msg time="2024-09-06T10:04:20.476417" level="INFO">${FOlDER_RESULT} = ../result/2024-09-06</msg>
<arg>${FOlDER_RESULT}</arg>
<doc>Makes a variable available globally in all tests and suites.</doc>
<status status="PASS" start="2024-09-06T10:04:20.475955" elapsed="0.000503"/>
</kw>
<status status="PASS" start="2024-09-06T10:04:20.468604" elapsed="0.007924"/>
</kw>
<arg>Open Browser And Go To Allspeedy DPS Website</arg>
<arg>AND</arg>
<arg>Set Folder Result with date</arg>
<doc>Executes all the given keywords in a sequence.</doc>
<status status="PASS" start="2024-09-06T10:04:19.260772" elapsed="1.215820"/>
</kw>
<test id="s1-t1" name="AllSpeedy-DPS-001-ID-1" line="10">
<kw name="Open URL" owner="common">
<kw name="Go To" owner="SeleniumLibrary">
<msg time="2024-09-06T10:04:20.479126" level="INFO">Opening url 'https://dps-uat.allspeedy.co.th/'</msg>
<arg>${url}</arg>
<doc>Navigates the current browser window to the provided ``url``.</doc>
<status status="PASS" start="2024-09-06T10:04:20.478927" elapsed="0.961055"/>
</kw>
<arg>${DPS_UAT_URL}</arg>
<status status="PASS" start="2024-09-06T10:04:20.478620" elapsed="0.961581"/>
</kw>
<kw name="dps.landing_page.Click Go Login Button">
<msg time="2024-09-06T10:04:21.448114" level="FAIL">No keyword with name 'dps.landing_page.Click Go Login Button' found.</msg>
<status status="FAIL" start="2024-09-06T10:04:21.447962" elapsed="0.000239">No keyword with name 'dps.landing_page.Click Go Login Button' found.</status>
</kw>
<kw name="login_dps.Input Email">
<arg>${dps_login_user_01['username']}</arg>
<status status="NOT RUN" start="2024-09-06T10:04:21.462092" elapsed="0.000110"/>
</kw>
<kw name="login_dps.Input Password">
<arg>${dps_login_user_01['password']}</arg>
<status status="NOT RUN" start="2024-09-06T10:04:21.477373" elapsed="0.000117"/>
</kw>
<kw name="login_dps.Click Log On Button">
<status status="NOT RUN" start="2024-09-06T10:04:21.487688" elapsed="0.006184"/>
</kw>
<doc>[หน้าล็อกอินเข้าสู่ระบบจัดการงานขนส่งพัสดุAll Speedy] กรอกบัญชีผู้ใช้งานไม่ถูกต้อง</doc>
<tag>AllSpeedy-DPS-001-ID-1</tag>
<status status="FAIL" start="2024-09-06T10:04:20.476722" elapsed="1.017669">No keyword with name 'dps.landing_page.Click Go Login Button' found.</status>
</test>
<test id="s1-t2" name="AllSpeedy-DPS-001-ID-2" line="21">
<kw name="Open URL" owner="common">
<kw name="Go To" owner="SeleniumLibrary">
<msg time="2024-09-06T10:04:21.513285" level="INFO">Opening url 'https://dps-uat.allspeedy.co.th/'</msg>
<arg>${url}</arg>
<doc>Navigates the current browser window to the provided ``url``.</doc>
<status status="PASS" start="2024-09-06T10:04:21.512964" elapsed="0.457558"/>
</kw>
<arg>${DPS_UAT_URL}</arg>
<status status="PASS" start="2024-09-06T10:04:21.512187" elapsed="0.458491"/>
</kw>
<kw name="dps.landing_page.Click Go Login Button">
<msg time="2024-09-06T10:04:21.989054" level="FAIL">No keyword with name 'dps.landing_page.Click Go Login Button' found.</msg>
<status status="FAIL" start="2024-09-06T10:04:21.988966" elapsed="0.000415">No keyword with name 'dps.landing_page.Click Go Login Button' found.</status>
</kw>
<kw name="login_dps.Input Email">
<arg>${dps_login_user_02['username']}</arg>
<status status="NOT RUN" start="2024-09-06T10:04:21.992753" elapsed="0.000049"/>
</kw>
<kw name="login_dps.Input Password">
<arg>${dps_login_user_02['password']}</arg>
<status status="NOT RUN" start="2024-09-06T10:04:22.002004" elapsed="0.000133"/>
</kw>
<kw name="login_dps.Click Log On Button">
<status status="NOT RUN" start="2024-09-06T10:04:22.007694" elapsed="0.000077"/>
</kw>
<doc>[หน้าล็อกอินเข้าสู่ระบบจัดการงานขนส่งพัสดุAll Speedy] กรอกรหัสผ่านไม่ถูกต้อง</doc>
<tag>AllSpeedy-DPS-001-ID-2</tag>
<status status="FAIL" start="2024-09-06T10:04:21.495436" elapsed="0.512610">No keyword with name 'dps.landing_page.Click Go Login Button' found.</status>
</test>
<kw name="Close Browser" owner="SeleniumLibrary" type="TEARDOWN">
<doc>Closes the current browser.</doc>
<status status="PASS" start="2024-09-06T10:04:22.008833" elapsed="0.275912"/>
</kw>
<status status="FAIL" start="2024-09-06T10:04:19.088553" elapsed="3.196316"/>
</suite>
<statistics>
<total>
<stat pass="0" fail="2" skip="0">All Tests</stat>
</total>
<tag>
<stat pass="0" fail="1" skip="0">AllSpeedy-DPS-001-ID-1</stat>
<stat pass="0" fail="1" skip="0">AllSpeedy-DPS-001-ID-2</stat>
</tag>
<suite>
<stat pass="0" fail="2" skip="0" id="s1" name="Allspeedy-Dps-001">Allspeedy-Dps-001</stat>
</suite>
</statistics>
<errors>
<msg time="2024-09-06T10:04:19.255589" level="ERROR">Error in file '/Users/yffoaz/Downloads/Gitlab/all-speedy-automated/resourses/import.robot' on line 6: Resource file '../keywords/pages/dps/dps.landing_page.robot' does not exist.</msg>
<msg time="2024-09-06T10:04:19.255723" level="ERROR">Error in file '/Users/yffoaz/Downloads/Gitlab/all-speedy-automated/resourses/import.robot' on line 8: Resource file '../keywords/pages/dps/login_dps.robot' does not exist.</msg>
<msg time="2024-09-06T10:04:19.255811" level="ERROR">Error in file '/Users/yffoaz/Downloads/Gitlab/all-speedy-automated/resourses/import.robot' on line 9: Resource file '../keywords/pages/b2c/login_b2c.robot' does not exist.</msg>
<msg time="2024-09-06T10:04:19.257153" level="ERROR">Error in file '/Users/yffoaz/Downloads/Gitlab/all-speedy-automated/resourses/import.robot' on line 12: Resource file 'locators/dps/login_dps.robot' does not exist.</msg>
<msg time="2024-09-06T10:04:19.257261" level="ERROR">Error in file '/Users/yffoaz/Downloads/Gitlab/all-speedy-automated/resourses/import.robot' on line 13: Resource file 'locators/b2c/login_b2c.robot' does not exist.</msg>
</errors>
</robot>
