<?xml version="1.0" encoding="UTF-8"?>
<robot generator="Robot 7.0 (Python 3.12.3 on win32)" generated="2024-09-16T18:02:00.790216" rpa="false" schemaversion="5">
<suite id="s1" name="Allspeedy Register 008" source="D:\aaVasup\Allspeedy\Automate\all-speedy-automated\result\..\testcases\register\allspeedy_register_008.robot">
<kw name="Run Keywords" owner="BuiltIn" type="SETUP">
<kw name="Open Chrome Browser" owner="common">
<kw name="Evaluate" owner="BuiltIn">
<msg time="2024-09-16T18:02:01.590205" level="INFO">${chrome_options} = &lt;selenium.webdriver.chrome.options.Options object at 0x0000015467CE1D00&gt;</msg>
<var>${chrome_options}</var>
<arg>sys.modules['selenium.webdriver'].ChromeOptions()</arg>
<arg>sys, selenium.webdriver</arg>
<doc>Evaluates the given expression in Python and returns the result.</doc>
<status status="PASS" start="2024-09-16T18:02:01.589209" elapsed="0.000996"/>
</kw>
<kw name="Call Method" owner="BuiltIn">
<arg>${chrome_options}</arg>
<arg>add_argument</arg>
<arg>--disable-gpu</arg>
<doc>Calls the named method of the given object with the provided arguments.</doc>
<status status="PASS" start="2024-09-16T18:02:01.590205" elapsed="0.000000"/>
</kw>
<kw name="Call Method" owner="BuiltIn">
<arg>${chrome_options}</arg>
<arg>add_argument</arg>
<arg>--no-sandbox</arg>
<doc>Calls the named method of the given object with the provided arguments.</doc>
<status status="PASS" start="2024-09-16T18:02:01.590205" elapsed="0.000000"/>
</kw>
<kw name="Open Browser" owner="SeleniumLibrary">
<msg time="2024-09-16T18:02:01.590205" level="INFO">Opening browser 'chrome' to base url 'about:blank'.</msg>
<arg>about:blank</arg>
<arg>${chrome}</arg>
<arg>options=${chrome_options}</arg>
<doc>Opens a new browser instance to the optional ``url``.</doc>
<status status="PASS" start="2024-09-16T18:02:01.590205" elapsed="1.534458"/>
</kw>
<kw name="Set Selenium Speed" owner="SeleniumLibrary">
<arg>0.2</arg>
<doc>Sets the delay that is waited after each Selenium command.</doc>
<status status="PASS" start="2024-09-16T18:02:03.125724" elapsed="0.000000"/>
</kw>
<arg>chrome</arg>
<status status="PASS" start="2024-09-16T18:02:01.589209" elapsed="1.536515"/>
</kw>
<kw name="Set Folder Result with date" owner="common">
<kw name="Get Current Date" owner="DateTime">
<msg time="2024-09-16T18:02:03.126723" level="INFO">${date_YYYY_MM_DD} = 2024-09-16 18:02:03.127</msg>
<var>${date_YYYY_MM_DD}</var>
<doc>Returns current local or UTC time with an optional increment.</doc>
<status status="PASS" start="2024-09-16T18:02:03.126723" elapsed="0.000000"/>
</kw>
<kw name="Convert Date" owner="DateTime">
<msg time="2024-09-16T18:02:03.129729" level="INFO">${date_YYYY_MM_DD} = 2024-09-16</msg>
<var>${date_YYYY_MM_DD}</var>
<arg>${date_YYYY_MM_DD}</arg>
<arg>result_format=%Y-%m-%d</arg>
<doc>Converts between supported `date formats`.</doc>
<status status="PASS" start="2024-09-16T18:02:03.127733" elapsed="0.001996"/>
</kw>
<kw name="Set Variable" owner="BuiltIn">
<msg time="2024-09-16T18:02:03.130729" level="INFO">${FOlDER_RESULT} = ../results/2024-09-16</msg>
<var>${FOlDER_RESULT}</var>
<arg>../results/${date_YYYY_MM_DD}</arg>
<doc>Returns the given values which can then be assigned to a variables.</doc>
<status status="PASS" start="2024-09-16T18:02:03.129729" elapsed="0.001000"/>
</kw>
<kw name="Set Global Variable" owner="BuiltIn">
<msg time="2024-09-16T18:02:03.130729" level="INFO">${FOlDER_RESULT} = ../results/2024-09-16</msg>
<arg>${FOlDER_RESULT}</arg>
<doc>Makes a variable available globally in all tests and suites.</doc>
<status status="PASS" start="2024-09-16T18:02:03.130729" elapsed="0.000000"/>
</kw>
<status status="PASS" start="2024-09-16T18:02:03.126723" elapsed="0.004006"/>
</kw>
<arg>Open Chrome Browser</arg>
<arg>chrome</arg>
<arg>AND</arg>
<arg>Set Folder Result with date</arg>
<doc>Executes all the given keywords in a sequence.</doc>
<status status="PASS" start="2024-09-16T18:02:01.589209" elapsed="1.541520"/>
</kw>
<test id="s1-t1" name="AllSpeedy_Register_008_ID_18" line="10">
<kw name="Open URL" owner="common">
<kw name="Go To" owner="SeleniumLibrary">
<msg time="2024-09-16T18:02:03.134733" level="INFO">Opening url 'https://www-uat.allspeedy.co.th/auth/login'</msg>
<arg>${url}</arg>
<doc>Navigates the current browser window to the provided ``url``.</doc>
<status status="PASS" start="2024-09-16T18:02:03.134733" elapsed="1.076105"/>
</kw>
<arg>${B2C_UAT_URL}</arg>
<status status="PASS" start="2024-09-16T18:02:03.134733" elapsed="1.076614"/>
</kw>
<kw name="Click Go business Tab" owner="register_landing_page">
<kw name="Wait Until Element Is Visible" owner="SeleniumLibrary">
<arg>${register_btn_business_tab}</arg>
<doc>Waits until the element ``locator`` is visible.</doc>
<status status="PASS" start="2024-09-16T18:02:04.212356" elapsed="0.864799"/>
</kw>
<kw name="Click Element" owner="SeleniumLibrary">
<msg time="2024-09-16T18:02:05.077155" level="INFO">Clicking element '//div[@id='rc-tabs-2-tab-business']'.</msg>
<arg>${register_btn_business_tab}</arg>
<doc>Click the element identified by ``locator``.</doc>
<status status="PASS" start="2024-09-16T18:02:05.077155" elapsed="0.470253"/>
</kw>
<status status="PASS" start="2024-09-16T18:02:04.211347" elapsed="1.336061"/>
</kw>
<kw name="Click Register On Button" owner="register">
<kw name="Wait Until Element Is Visible" owner="SeleniumLibrary">
<arg>${register_btn_business}</arg>
<doc>Waits until the element ``locator`` is visible.</doc>
<status status="PASS" start="2024-09-16T18:02:05.548417" elapsed="0.421128"/>
</kw>
<kw name="Click Element" owner="SeleniumLibrary">
<msg time="2024-09-16T18:02:05.969545" level="INFO">Clicking element '//a[@href='/business-register']//u[text()="ลงทะเบียนลูกค้าธุรกิจ"]'.</msg>
<arg>${register_btn_business}</arg>
<doc>Click the element identified by ``locator``.</doc>
<status status="PASS" start="2024-09-16T18:02:05.969545" elapsed="0.446651"/>
</kw>
<status status="PASS" start="2024-09-16T18:02:05.548417" elapsed="0.867779"/>
</kw>
<kw name="Click Checkbox Partner Types Legal" owner="business_register_page">
<kw name="Wait Until Element Is Visible" owner="SeleniumLibrary">
<arg>//span[text()='${Partner_Types}']/../..//label[@class='ant-radio-wrapper ant-radio-wrapper-checked css-1x1kih3']</arg>
<doc>Waits until the element ``locator`` is visible.</doc>
<status status="PASS" start="2024-09-16T18:02:06.417204" elapsed="0.438481"/>
</kw>
<kw name="Click Element" owner="SeleniumLibrary">
<msg time="2024-09-16T18:02:06.855685" level="INFO">Clicking element '//span[text()='นิติบุคคล']/../..//label[@class='ant-radio-wrapper ant-radio-wrapper-checked css-1x1kih3']'.</msg>
<arg>//span[text()='${Partner_Types}']/../..//label[@class='ant-radio-wrapper ant-radio-wrapper-checked css-1x1kih3']</arg>
<doc>Click the element identified by ``locator``.</doc>
<status status="PASS" start="2024-09-16T18:02:06.855685" elapsed="0.433430"/>
</kw>
<arg>${AllSpeedy_Register_008_ID_18['checkbox_partner_types']}</arg>
<status status="PASS" start="2024-09-16T18:02:06.416196" elapsed="0.872919"/>
</kw>
<kw name="Verify PartnerType LegalEntity" owner="register">
<kw name="Wait Until Element Is Visible" owner="SeleniumLibrary">
<arg>${partnertype_txt}</arg>
<arg>timeout=10s</arg>
<doc>Waits until the element ``locator`` is visible.</doc>
<status status="PASS" start="2024-09-16T18:02:07.292497" elapsed="0.421281"/>
</kw>
<kw name="Element Should Be Visible" owner="SeleniumLibrary">
<msg time="2024-09-16T18:02:08.128642" level="INFO">Element '//h5[text()="ประเภทคู่ค้า"]' is displayed.</msg>
<arg>${partnertype_txt}</arg>
<arg>${menu_txt}</arg>
<doc>Verifies that the element identified by ``locator`` is visible.</doc>
<status status="PASS" start="2024-09-16T18:02:07.713778" elapsed="0.414864"/>
</kw>
<kw name="Check Checkbox State" owner="register">
<kw name="Get Element Attribute" owner="SeleniumLibrary">
<msg time="2024-09-16T18:02:08.549708" level="INFO">${checked} = None</msg>
<var>${checked}</var>
<arg>${checkbox_locator}</arg>
<arg>checked</arg>
<doc>Returns the value of ``attribute`` from the element ``locator``.</doc>
<status status="PASS" start="2024-09-16T18:02:08.128642" elapsed="0.421066"/>
</kw>
<return>
<value>${checked} == 'true'</value>
<status status="PASS" start="2024-09-16T18:02:08.549708" elapsed="0.000000"/>
</return>
<status status="PASS" start="2024-09-16T18:02:08.128642" elapsed="0.421066"/>
</kw>
<arg>${AllSpeedy_Register_008_ID_18['checkbox_partner_types_expected']}</arg>
<status status="PASS" start="2024-09-16T18:02:07.289115" elapsed="1.260593"/>
</kw>
<kw name="Select Company registration prefix" owner="business_register_page">
<kw name="Wait Until Element Is Visible" owner="SeleniumLibrary">
<arg>${register_dropdown_company_registration_prefix_register_page}</arg>
<doc>Waits until the element ``locator`` is visible.</doc>
<status status="PASS" start="2024-09-16T18:02:08.551717" elapsed="0.417927"/>
</kw>
<kw name="Click Element" owner="SeleniumLibrary">
<msg time="2024-09-16T18:02:08.970188" level="INFO">Clicking element '//span[text()='คำนำหน้าประเภทจดทะเบียนบริษัท']/../../..//span[@title='เลือก..']'.</msg>
<arg>${register_dropdown_company_registration_prefix_register_page}</arg>
<doc>Click the element identified by ``locator``.</doc>
<status status="PASS" start="2024-09-16T18:02:08.969644" elapsed="0.451394"/>
</kw>
<kw name="Wait Until Element Is Visible" owner="SeleniumLibrary">
<arg>//div[text()='${Prefix}'][@class='ant-select-item-option-content']</arg>
<doc>Waits until the element ``locator`` is visible.</doc>
<status status="PASS" start="2024-09-16T18:02:09.421038" elapsed="0.419003"/>
</kw>
<kw name="Click Element" owner="SeleniumLibrary">
<msg time="2024-09-16T18:02:09.840041" level="INFO">Clicking element '//div[text()='หสน.(ห้างหุ้นส่วนสามัญนิติบุคคล)'][@class='ant-select-item-option-content']'.</msg>
<arg>//div[text()='${Prefix}'][@class='ant-select-item-option-content']</arg>
<doc>Click the element identified by ``locator``.</doc>
<status status="PASS" start="2024-09-16T18:02:09.840041" elapsed="0.446754"/>
</kw>
<arg>${AllSpeedy_Register_008_ID_18['company_registration_prefix']}</arg>
<status status="PASS" start="2024-09-16T18:02:08.550717" elapsed="1.736078"/>
</kw>
<kw name="Verify Company registration prefix" owner="business_register_page">
<kw name="Wait Until Element Is Visible" owner="SeleniumLibrary">
<arg>${register_select_company_registration_prefix_register_page}</arg>
<arg>timeout=10s</arg>
<doc>Waits until the element ``locator`` is visible.</doc>
<status status="PASS" start="2024-09-16T18:02:10.288308" elapsed="0.418852"/>
</kw>
<kw name="Element Should Be Visible" owner="SeleniumLibrary">
<msg time="2024-09-16T18:02:11.122141" level="INFO">Element '//span[text()='คำนำหน้าประเภทจดทะเบียนบริษัท']/../../..//span[@class='ant-select-selection-item']' is displayed.</msg>
<arg>${register_select_company_registration_prefix_register_page}</arg>
<arg>${Prefix}</arg>
<doc>Verifies that the element identified by ``locator`` is visible.</doc>
<status status="PASS" start="2024-09-16T18:02:10.707160" elapsed="0.414981"/>
</kw>
<arg>${AllSpeedy_Register_008_ID_18['company_registration_prefix_expected']}</arg>
<status status="PASS" start="2024-09-16T18:02:10.287300" elapsed="0.834841"/>
</kw>
<kw name="Input Company Name" owner="business_register_page">
<kw name="Input Text Register" owner="business_register_page">
<kw name="Wait Until Element Is Visible" owner="SeleniumLibrary">
<arg>${TextBox}</arg>
<doc>Waits until the element ``locator`` is visible.</doc>
<status status="PASS" start="2024-09-16T18:02:11.130801" elapsed="0.429101"/>
</kw>
<kw name="Input Text" owner="SeleniumLibrary">
<msg time="2024-09-16T18:02:11.560923" level="INFO">Typing text 'company888' into text field '//input[@id='companyName']'.</msg>
<arg>${TextBox}</arg>
<arg>${Value}</arg>
<doc>Types the given ``text`` into the text field identified by ``locator``.</doc>
<status status="PASS" start="2024-09-16T18:02:11.559902" elapsed="0.733103"/>
</kw>
<arg>${register_textbox_company_name_register_page}</arg>
<arg>${Value}</arg>
<status status="PASS" start="2024-09-16T18:02:11.129853" elapsed="1.163152"/>
</kw>
<arg>${AllSpeedy_Register_008_ID_18['company_name']}</arg>
<status status="PASS" start="2024-09-16T18:02:11.123214" elapsed="1.169791"/>
</kw>
<kw name="Verify Input Company Name" owner="business_register_page">
<kw name="Verify Input Text Box" owner="business_register_page">
<kw name="Wait Until Element Is Visible" owner="SeleniumLibrary">
<arg>${TextBox}</arg>
<doc>Waits until the element ``locator`` is visible.</doc>
<status status="PASS" start="2024-09-16T18:02:12.294517" elapsed="0.415225"/>
</kw>
<kw name="Element Should Be Visible" owner="SeleniumLibrary">
<msg time="2024-09-16T18:02:13.122988" level="INFO">Element '//input[@id='companyName']' is displayed.</msg>
<arg>${TextBox}</arg>
<arg>${Value}</arg>
<doc>Verifies that the element identified by ``locator`` is visible.</doc>
<status status="PASS" start="2024-09-16T18:02:12.709742" elapsed="0.413246"/>
</kw>
<arg>${register_textbox_company_name_register_page}</arg>
<arg>${Value}</arg>
<status status="PASS" start="2024-09-16T18:02:12.294517" elapsed="0.828471"/>
</kw>
<arg>${AllSpeedy_Register_008_ID_18['company_name']}</arg>
<status status="PASS" start="2024-09-16T18:02:12.293510" elapsed="0.829478"/>
</kw>
<kw name="Input Id Number" owner="business_register_page">
<kw name="Input Text Register" owner="business_register_page">
<kw name="Wait Until Element Is Visible" owner="SeleniumLibrary">
<arg>${TextBox}</arg>
<doc>Waits until the element ``locator`` is visible.</doc>
<status status="PASS" start="2024-09-16T18:02:13.125516" elapsed="0.418105"/>
</kw>
<kw name="Input Text" owner="SeleniumLibrary">
<msg time="2024-09-16T18:02:13.544150" level="INFO">Typing text '1234567891234' into text field '//input[@id='idNumber']'.</msg>
<arg>${TextBox}</arg>
<arg>${Value}</arg>
<doc>Types the given ``text`` into the text field identified by ``locator``.</doc>
<status status="PASS" start="2024-09-16T18:02:13.543621" elapsed="0.800800"/>
</kw>
<arg>${register_textbox_id_number_register_page}</arg>
<arg>${Value}</arg>
<status status="PASS" start="2024-09-16T18:02:13.124509" elapsed="1.219912"/>
</kw>
<arg>${AllSpeedy_Register_008_ID_18['id_number']}</arg>
<status status="PASS" start="2024-09-16T18:02:13.122988" elapsed="1.221433"/>
</kw>
<kw name="Verify Input Id Number" owner="business_register_page">
<kw name="Verify Input Text Box" owner="business_register_page">
<kw name="Wait Until Element Is Visible" owner="SeleniumLibrary">
<arg>${TextBox}</arg>
<doc>Waits until the element ``locator`` is visible.</doc>
<status status="PASS" start="2024-09-16T18:02:14.346427" elapsed="0.415854"/>
</kw>
<kw name="Element Should Be Visible" owner="SeleniumLibrary">
<msg time="2024-09-16T18:02:15.179627" level="INFO">Element '//input[@id='idNumber']' is displayed.</msg>
<arg>${TextBox}</arg>
<arg>${Value}</arg>
<doc>Verifies that the element identified by ``locator`` is visible.</doc>
<status status="PASS" start="2024-09-16T18:02:14.762281" elapsed="0.417346"/>
</kw>
<arg>${register_textbox_id_number_register_page}</arg>
<arg>${Value}</arg>
<status status="PASS" start="2024-09-16T18:02:14.345428" elapsed="0.834199"/>
</kw>
<arg>${AllSpeedy_Register_008_ID_18['id_number']}</arg>
<status status="PASS" start="2024-09-16T18:02:14.344421" elapsed="0.835206"/>
</kw>
<kw name="Input Company Address" owner="business_register_page">
<kw name="Input Text Register" owner="business_register_page">
<kw name="Wait Until Element Is Visible" owner="SeleniumLibrary">
<arg>${TextBox}</arg>
<doc>Waits until the element ``locator`` is visible.</doc>
<status status="PASS" start="2024-09-16T18:02:15.181631" elapsed="0.416584"/>
</kw>
<kw name="Input Text" owner="SeleniumLibrary">
<msg time="2024-09-16T18:02:15.598215" level="INFO">Typing text '991/1 ถนนพระรามที่ 1' into text field '//input[@id='companyAddress_addressInfo']'.</msg>
<arg>${TextBox}</arg>
<arg>${Value}</arg>
<doc>Types the given ``text`` into the text field identified by ``locator``.</doc>
<status status="PASS" start="2024-09-16T18:02:15.598215" elapsed="0.790021"/>
</kw>
<arg>${register_textbox_company_address_register_page}</arg>
<arg>${Value}</arg>
<status status="PASS" start="2024-09-16T18:02:15.180636" elapsed="1.207600"/>
</kw>
<arg>${AllSpeedy_Register_008_ID_18['company_address']}</arg>
<status status="PASS" start="2024-09-16T18:02:15.179627" elapsed="1.208609"/>
</kw>
<kw name="Verify Input Company Address" owner="business_register_page">
<kw name="Verify Input Text Box" owner="business_register_page">
<kw name="Wait Until Element Is Visible" owner="SeleniumLibrary">
<arg>${TextBox}</arg>
<doc>Waits until the element ``locator`` is visible.</doc>
<status status="PASS" start="2024-09-16T18:02:16.391243" elapsed="0.418319"/>
</kw>
<kw name="Element Should Be Visible" owner="SeleniumLibrary">
<msg time="2024-09-16T18:02:17.243236" level="INFO">Element '//input[@id='companyAddress_addressInfo']' is displayed.</msg>
<arg>${TextBox}</arg>
<arg>${Value}</arg>
<doc>Verifies that the element identified by ``locator`` is visible.</doc>
<status status="PASS" start="2024-09-16T18:02:16.810585" elapsed="0.432651"/>
</kw>
<arg>${register_textbox_company_address_register_page}</arg>
<arg>${Value}</arg>
<status status="PASS" start="2024-09-16T18:02:16.390243" elapsed="0.852993"/>
</kw>
<arg>${AllSpeedy_Register_008_ID_18['company_address']}</arg>
<status status="PASS" start="2024-09-16T18:02:16.388236" elapsed="0.855525"/>
</kw>
<kw name="Input Company Address" owner="business_register_page">
<kw name="Input Text Register" owner="business_register_page">
<kw name="Wait Until Element Is Visible" owner="SeleniumLibrary">
<arg>${TextBox}</arg>
<doc>Waits until the element ``locator`` is visible.</doc>
<status status="PASS" start="2024-09-16T18:02:17.245298" elapsed="0.417300"/>
</kw>
<kw name="Input Text" owner="SeleniumLibrary">
<msg time="2024-09-16T18:02:17.662598" level="INFO">Typing text '991/1 ถนนพระรามที่ 1' into text field '//input[@id='companyAddress_addressInfo']'.</msg>
<arg>${TextBox}</arg>
<arg>${Value}</arg>
<doc>Types the given ``text`` into the text field identified by ``locator``.</doc>
<status status="PASS" start="2024-09-16T18:02:17.662598" elapsed="0.755455"/>
</kw>
<arg>${register_textbox_company_address_register_page}</arg>
<arg>${Value}</arg>
<status status="PASS" start="2024-09-16T18:02:17.245298" elapsed="1.172755"/>
</kw>
<arg>${AllSpeedy_Register_008_ID_18['company_address']}</arg>
<status status="PASS" start="2024-09-16T18:02:17.244266" elapsed="1.173787"/>
</kw>
<kw name="Verify Input Company Address" owner="business_register_page">
<kw name="Verify Input Text Box" owner="business_register_page">
<kw name="Wait Until Element Is Visible" owner="SeleniumLibrary">
<arg>${TextBox}</arg>
<doc>Waits until the element ``locator`` is visible.</doc>
<status status="PASS" start="2024-09-16T18:02:18.420058" elapsed="0.414274"/>
</kw>
<kw name="Element Should Be Visible" owner="SeleniumLibrary">
<msg time="2024-09-16T18:02:19.248803" level="INFO">Element '//input[@id='companyAddress_addressInfo']' is displayed.</msg>
<arg>${TextBox}</arg>
<arg>${Value}</arg>
<doc>Verifies that the element identified by ``locator`` is visible.</doc>
<status status="PASS" start="2024-09-16T18:02:18.834996" elapsed="0.413807"/>
</kw>
<arg>${register_textbox_company_address_register_page}</arg>
<arg>${Value}</arg>
<status status="PASS" start="2024-09-16T18:02:18.419058" elapsed="0.829745"/>
</kw>
<arg>${AllSpeedy_Register_008_ID_18['company_address']}</arg>
<status status="PASS" start="2024-09-16T18:02:18.418053" elapsed="0.830750"/>
</kw>
<kw name="Verify Capture Screenshot" owner="common">
<kw name="Get Current Date" owner="DateTime">
<msg time="2024-09-16T18:02:19.249817" level="INFO">${date_YYYY_MM_DD} = 2024-09-16 18:02:19.250</msg>
<var>${date_YYYY_MM_DD}</var>
<doc>Returns current local or UTC time with an optional increment.</doc>
<status status="PASS" start="2024-09-16T18:02:19.249817" elapsed="0.000000"/>
</kw>
<kw name="Convert Date" owner="DateTime">
<msg time="2024-09-16T18:02:19.249817" level="INFO">${date_YYYY_MM_DD} = 2024-09-16</msg>
<var>${date_YYYY_MM_DD}</var>
<arg>${date_YYYY_MM_DD}</arg>
<arg>result_format=%Y-%m-%d</arg>
<doc>Converts between supported `date formats`.</doc>
<status status="PASS" start="2024-09-16T18:02:19.249817" elapsed="0.000000"/>
</kw>
<kw name="Capture Page Screenshot" owner="SeleniumLibrary">
<msg time="2024-09-16T18:02:19.511631" level="INFO" html="true">&lt;/td&gt;&lt;/tr&gt;&lt;tr&gt;&lt;td colspan="3"&gt;&lt;a href="../results/2024-09-16/AllSpeedy_Register_008_ID_18/Pre%20Register%20Success.png"&gt;&lt;img src="../results/2024-09-16/AllSpeedy_Register_008_ID_18/Pre%20Register%20Success.png" width="800px"&gt;&lt;/a&gt;</msg>
<arg>../results/${FOlDER_RESULT}/${folder}/${img_name}.png</arg>
<doc>Takes a screenshot of the current page and embeds it into a log file.</doc>
<status status="PASS" start="2024-09-16T18:02:19.249817" elapsed="0.261814"/>
</kw>
<kw name="Capture Fullpage Screenshot" owner="CustomSeleniumLibrary">
<msg time="2024-09-16T18:02:21.718062" level="INFO">Slept 2 seconds.</msg>
<msg time="2024-09-16T18:02:24.757392" level="INFO" html="true">&lt;/td&gt;&lt;/tr&gt;&lt;tr&gt;&lt;td colspan="3"&gt;https://www-uat.allspeedy.co.th/business-register&lt;/td&gt;&lt;/tr&gt;&lt;tr&gt;&lt;td colspan="3"&gt;&lt;a href="../results/2024-09-16/AllSpeedy_Register_008_ID_18/Pre%20Register%20Success_fullpage1.png"&gt;&lt;img src="../results/2024-09-16/AllSpeedy_Register_008_ID_18/Pre%20Register%20Success_fullpage1.png" width="800px"&gt;&lt;/a&gt;</msg>
<arg>../results/${FOlDER_RESULT}/${folder}/${img_name}_fullpage1.png</arg>
<status status="PASS" start="2024-09-16T18:02:19.511631" elapsed="5.246299"/>
</kw>
<arg>AllSpeedy_Register_008_ID_18</arg>
<arg>Pre Register Success</arg>
<status status="PASS" start="2024-09-16T18:02:19.248803" elapsed="5.509127"/>
</kw>
<doc>[ลงทะเบียน (Pre Register) ในส่วนของข้อมูลบริษัท (ข้อมูลทั่วไป) สำหรับลูกค้าธุรกิจ ] ขั้นตอนการระบุข้อมูลบริษัท (ข้อมูลทั่วไป) ประเภทคู่ค้า นิติบุคคล: กรอกข้อมูลถูกต้องครบถ้วน</doc>
<tag>AllSpeedy_Register_008</tag>
<tag>Medium</tag>
<tag>Regression</tag>
<tag>UAT</tag>
<status status="PASS" start="2024-09-16T18:02:03.130729" elapsed="21.628210"/>
</test>
<kw name="Close Browser" owner="SeleniumLibrary" type="TEARDOWN">
<doc>Closes the current browser.</doc>
<status status="PASS" start="2024-09-16T18:02:24.759938" elapsed="2.448031"/>
</kw>
<status status="PASS" start="2024-09-16T18:02:00.791216" elapsed="26.416753"/>
</suite>
<statistics>
<total>
<stat pass="1" fail="0" skip="0">All Tests</stat>
</total>
<tag>
<stat pass="1" fail="0" skip="0">AllSpeedy_Register_008</stat>
<stat pass="1" fail="0" skip="0">Medium</stat>
<stat pass="1" fail="0" skip="0">Regression</stat>
<stat pass="1" fail="0" skip="0">UAT</stat>
</tag>
<suite>
<stat pass="1" fail="0" skip="0" id="s1" name="Allspeedy Register 008">Allspeedy Register 008</stat>
</suite>
</statistics>
<errors>
</errors>
</robot>
