<?xml version="1.0" encoding="UTF-8"?>
<robot generator="Robot 7.0 (Python 3.12.3 on win32)" generated="2024-09-17T14:40:14.349151" rpa="false" schemaversion="5">
<suite id="s1" name="Allspeedy Register 008" source="D:\aaVasup\Allspeedy\Automate\all-speedy-automated\result\..\testcases\register\allspeedy_register_008.robot">
<kw name="Run Keywords" owner="BuiltIn" type="SETUP">
<kw name="Open Chrome Browser" owner="common">
<kw name="Evaluate" owner="BuiltIn">
<msg time="2024-09-17T14:40:15.317770" level="INFO">${chrome_options} = &lt;selenium.webdriver.chrome.options.Options object at 0x0000023EE2ACEAB0&gt;</msg>
<var>${chrome_options}</var>
<arg>sys.modules['selenium.webdriver'].ChromeOptions()</arg>
<arg>sys, selenium.webdriver</arg>
<doc>Evaluates the given expression in Python and returns the result.</doc>
<status status="PASS" start="2024-09-17T14:40:15.317770" elapsed="0.000000"/>
</kw>
<kw name="Call Method" owner="BuiltIn">
<arg>${chrome_options}</arg>
<arg>add_argument</arg>
<arg>--disable-gpu</arg>
<doc>Calls the named method of the given object with the provided arguments.</doc>
<status status="PASS" start="2024-09-17T14:40:15.317770" elapsed="0.000000"/>
</kw>
<kw name="Call Method" owner="BuiltIn">
<arg>${chrome_options}</arg>
<arg>add_argument</arg>
<arg>--no-sandbox</arg>
<doc>Calls the named method of the given object with the provided arguments.</doc>
<status status="PASS" start="2024-09-17T14:40:15.318770" elapsed="0.000000"/>
</kw>
<kw name="Open Browser" owner="SeleniumLibrary">
<msg time="2024-09-17T14:40:15.318770" level="INFO">Opening browser 'chrome' to base url 'about:blank'.</msg>
<arg>about:blank</arg>
<arg>${chrome}</arg>
<arg>options=${chrome_options}</arg>
<doc>Opens a new browser instance to the optional ``url``.</doc>
<status status="PASS" start="2024-09-17T14:40:15.318770" elapsed="1.590051"/>
</kw>
<kw name="Set Selenium Speed" owner="SeleniumLibrary">
<arg>0.2</arg>
<doc>Sets the delay that is waited after each Selenium command.</doc>
<status status="PASS" start="2024-09-17T14:40:16.908821" elapsed="0.000000"/>
</kw>
<arg>chrome</arg>
<status status="PASS" start="2024-09-17T14:40:15.317770" elapsed="1.591051"/>
</kw>
<kw name="Set Folder Result with date" owner="common">
<kw name="Get Current Date" owner="DateTime">
<msg time="2024-09-17T14:40:16.909817" level="INFO">${date_YYYY_MM_DD} = 2024-09-17 14:40:16.910</msg>
<var>${date_YYYY_MM_DD}</var>
<doc>Returns current local or UTC time with an optional increment.</doc>
<status status="PASS" start="2024-09-17T14:40:16.909817" elapsed="0.000000"/>
</kw>
<kw name="Convert Date" owner="DateTime">
<msg time="2024-09-17T14:40:16.912813" level="INFO">${date_YYYY_MM_DD} = 2024-09-17</msg>
<var>${date_YYYY_MM_DD}</var>
<arg>${date_YYYY_MM_DD}</arg>
<arg>result_format=%Y-%m-%d</arg>
<doc>Converts between supported `date formats`.</doc>
<status status="PASS" start="2024-09-17T14:40:16.910817" elapsed="0.001996"/>
</kw>
<kw name="Set Variable" owner="BuiltIn">
<msg time="2024-09-17T14:40:16.912813" level="INFO">${FOlDER_RESULT} = ../results/2024-09-17</msg>
<var>${FOlDER_RESULT}</var>
<arg>../results/${date_YYYY_MM_DD}</arg>
<doc>Returns the given values which can then be assigned to a variables.</doc>
<status status="PASS" start="2024-09-17T14:40:16.912813" elapsed="0.000999"/>
</kw>
<kw name="Set Global Variable" owner="BuiltIn">
<msg time="2024-09-17T14:40:16.913812" level="INFO">${FOlDER_RESULT} = ../results/2024-09-17</msg>
<arg>${FOlDER_RESULT}</arg>
<doc>Makes a variable available globally in all tests and suites.</doc>
<status status="PASS" start="2024-09-17T14:40:16.913812" elapsed="0.000000"/>
</kw>
<status status="PASS" start="2024-09-17T14:40:16.909817" elapsed="0.003995"/>
</kw>
<arg>Open Chrome Browser</arg>
<arg>chrome</arg>
<arg>AND</arg>
<arg>Set Folder Result with date</arg>
<doc>Executes all the given keywords in a sequence.</doc>
<status status="PASS" start="2024-09-17T14:40:15.316765" elapsed="1.597047"/>
</kw>
<test id="s1-t1" name="AllSpeedy_Register_008_ID_18" line="10">
<kw name="Open URL" owner="common">
<kw name="Go To" owner="SeleniumLibrary">
<msg time="2024-09-17T14:40:16.919337" level="INFO">Opening url 'https://www-uat.allspeedy.co.th/auth/login'</msg>
<arg>${url}</arg>
<doc>Navigates the current browser window to the provided ``url``.</doc>
<status status="PASS" start="2024-09-17T14:40:16.918345" elapsed="1.033251"/>
</kw>
<arg>${B2C_UAT_URL}</arg>
<status status="PASS" start="2024-09-17T14:40:16.918345" elapsed="1.033251"/>
</kw>
<kw name="Click Go business Tab" owner="register_landing_page">
<kw name="Wait Until Element Is Visible" owner="SeleniumLibrary">
<arg>${register_btn_business_tab}</arg>
<doc>Waits until the element ``locator`` is visible.</doc>
<status status="PASS" start="2024-09-17T14:40:17.952106" elapsed="0.827206"/>
</kw>
<kw name="Click Element" owner="SeleniumLibrary">
<msg time="2024-09-17T14:40:18.779312" level="INFO">Clicking element '//div[@id='rc-tabs-2-tab-business']'.</msg>
<arg>${register_btn_business_tab}</arg>
<doc>Click the element identified by ``locator``.</doc>
<status status="PASS" start="2024-09-17T14:40:18.779312" elapsed="0.472981"/>
</kw>
<status status="PASS" start="2024-09-17T14:40:17.952106" elapsed="1.300187"/>
</kw>
<kw name="Click Register On Button" owner="register">
<kw name="Wait Until Element Is Visible" owner="SeleniumLibrary">
<arg>${register_btn_business}</arg>
<doc>Waits until the element ``locator`` is visible.</doc>
<status status="PASS" start="2024-09-17T14:40:19.252293" elapsed="0.425967"/>
</kw>
<kw name="Click Element" owner="SeleniumLibrary">
<msg time="2024-09-17T14:40:19.678260" level="INFO">Clicking element '//a[@href='/business-register']//u[text()="ลงทะเบียนลูกค้าธุรกิจ"]'.</msg>
<arg>${register_btn_business}</arg>
<doc>Click the element identified by ``locator``.</doc>
<status status="PASS" start="2024-09-17T14:40:19.678260" elapsed="0.439445"/>
</kw>
<status status="PASS" start="2024-09-17T14:40:19.252293" elapsed="0.865412"/>
</kw>
<kw name="Click Checkbox Partner Types Legal" owner="business_register_page">
<kw name="Wait Until Element Is Visible" owner="SeleniumLibrary">
<arg>//span[text()='${Partner_Types}']/../..//label[@class='ant-radio-wrapper ant-radio-wrapper-checked css-1x1kih3']</arg>
<doc>Waits until the element ``locator`` is visible.</doc>
<status status="PASS" start="2024-09-17T14:40:20.120220" elapsed="0.445251"/>
</kw>
<kw name="Click Element" owner="SeleniumLibrary">
<msg time="2024-09-17T14:40:20.565471" level="INFO">Clicking element '//span[text()='นิติบุคคล']/../..//label[@class='ant-radio-wrapper ant-radio-wrapper-checked css-1x1kih3']'.</msg>
<arg>//span[text()='${Partner_Types}']/../..//label[@class='ant-radio-wrapper ant-radio-wrapper-checked css-1x1kih3']</arg>
<doc>Click the element identified by ``locator``.</doc>
<status status="PASS" start="2024-09-17T14:40:20.565471" elapsed="0.431894"/>
</kw>
<arg>${AllSpeedy_Register_008_ID_18['checkbox_partner_types']}</arg>
<status status="PASS" start="2024-09-17T14:40:20.118211" elapsed="0.879154"/>
</kw>
<kw name="Verify PartnerType LegalEntity" owner="register">
<kw name="Wait Until Element Is Visible" owner="SeleniumLibrary">
<arg>${partnertype_txt}</arg>
<arg>timeout=10s</arg>
<doc>Waits until the element ``locator`` is visible.</doc>
<status status="PASS" start="2024-09-17T14:40:20.998370" elapsed="0.416658"/>
</kw>
<kw name="Element Should Be Visible" owner="SeleniumLibrary">
<msg time="2024-09-17T14:40:21.833832" level="INFO">Element '//h5[text()="ประเภทคู่ค้า"]' is displayed.</msg>
<arg>${partnertype_txt}</arg>
<arg>${menu_txt}</arg>
<doc>Verifies that the element identified by ``locator`` is visible.</doc>
<status status="PASS" start="2024-09-17T14:40:21.415028" elapsed="0.418804"/>
</kw>
<kw name="Check Checkbox State" owner="register">
<kw name="Get Element Attribute" owner="SeleniumLibrary">
<msg time="2024-09-17T14:40:22.279187" level="INFO">${checked} = None</msg>
<var>${checked}</var>
<arg>${checkbox_locator}</arg>
<arg>checked</arg>
<doc>Returns the value of ``attribute`` from the element ``locator``.</doc>
<status status="PASS" start="2024-09-17T14:40:21.835126" elapsed="0.444061"/>
</kw>
<return>
<value>${checked} == 'true'</value>
<status status="PASS" start="2024-09-17T14:40:22.279187" elapsed="0.000000"/>
</return>
<status status="PASS" start="2024-09-17T14:40:21.834978" elapsed="0.444209"/>
</kw>
<arg>${AllSpeedy_Register_008_ID_18['checkbox_partner_types_expected']}</arg>
<status status="PASS" start="2024-09-17T14:40:20.997365" elapsed="1.281822"/>
</kw>
<kw name="Select Company Title Name" owner="business_register_page">
<kw name="Wait Until Element Is Visible" owner="SeleniumLibrary">
<arg>${register_dropdown_company_title_name_register_page}</arg>
<arg>timeout=10s</arg>
<doc>Waits until the element ``locator`` is visible.</doc>
<status status="PASS" start="2024-09-17T14:40:22.281206" elapsed="0.416774"/>
</kw>
<kw name="Click Element" owner="SeleniumLibrary">
<msg time="2024-09-17T14:40:22.699576" level="INFO">Clicking element '//span[text()='คำนำหน้าประเภทจดทะเบียนบริษัท']/../../..//span[@title='เลือก..']'.</msg>
<arg>${register_dropdown_company_title_name_register_page}</arg>
<doc>Click the element identified by ``locator``.</doc>
<status status="PASS" start="2024-09-17T14:40:22.698554" elapsed="0.465931"/>
</kw>
<kw name="Wait Until Element Is Visible" owner="SeleniumLibrary">
<arg>//div[text()='${Title}'][@class='ant-select-item-option-content']</arg>
<doc>Waits until the element ``locator`` is visible.</doc>
<status status="PASS" start="2024-09-17T14:40:23.164485" elapsed="0.416894"/>
</kw>
<kw name="Click Element" owner="SeleniumLibrary">
<msg time="2024-09-17T14:40:23.581379" level="INFO">Clicking element '//div[text()='หสน.(ห้างหุ้นส่วนสามัญนิติบุคคล)'][@class='ant-select-item-option-content']'.</msg>
<arg>//div[text()='${Title}'][@class='ant-select-item-option-content']</arg>
<doc>Click the element identified by ``locator``.</doc>
<status status="PASS" start="2024-09-17T14:40:23.581379" elapsed="0.452114"/>
</kw>
<arg>${AllSpeedy_Register_008_ID_18['company_title_name']}</arg>
<status status="PASS" start="2024-09-17T14:40:22.280208" elapsed="1.753285"/>
</kw>
<kw name="Verify Company Title Name" owner="business_register_page">
<kw name="Wait Until Element Is Visible" owner="SeleniumLibrary">
<arg>${register_select_company_title_name_register_page}</arg>
<arg>timeout=10s</arg>
<doc>Waits until the element ``locator`` is visible.</doc>
<status status="PASS" start="2024-09-17T14:40:24.033493" elapsed="0.419417"/>
</kw>
<kw name="Element Should Be Visible" owner="SeleniumLibrary">
<msg time="2024-09-17T14:40:24.868408" level="INFO">Element '//span[text()='คำนำหน้าประเภทจดทะเบียนบริษัท']/../../..//span[@class='ant-select-selection-item']' is displayed.</msg>
<arg>${register_select_company_title_name_register_page}</arg>
<arg>${Title}</arg>
<doc>Verifies that the element identified by ``locator`` is visible.</doc>
<status status="PASS" start="2024-09-17T14:40:24.452910" elapsed="0.415498"/>
</kw>
<arg>${AllSpeedy_Register_008_ID_18['company_title_name_expected']}</arg>
<status status="PASS" start="2024-09-17T14:40:24.033493" elapsed="0.835453"/>
</kw>
<kw name="Input Company Name" owner="business_register_page">
<kw name="Input Text Register" owner="business_register_page">
<kw name="Wait Until Element Is Visible" owner="SeleniumLibrary">
<arg>${TextBox}</arg>
<doc>Waits until the element ``locator`` is visible.</doc>
<status status="PASS" start="2024-09-17T14:40:24.873963" elapsed="0.424727"/>
</kw>
<kw name="Input Text" owner="SeleniumLibrary">
<msg time="2024-09-17T14:40:25.298690" level="INFO">Typing text 'company888' into text field '//input[@id='companyName']'.</msg>
<arg>${TextBox}</arg>
<arg>${Value}</arg>
<doc>Types the given ``text`` into the text field identified by ``locator``.</doc>
<status status="PASS" start="2024-09-17T14:40:25.298690" elapsed="0.723970"/>
</kw>
<arg>${register_textbox_company_name_register_page}</arg>
<arg>${Value}</arg>
<status status="PASS" start="2024-09-17T14:40:24.873008" elapsed="1.149893"/>
</kw>
<arg>${AllSpeedy_Register_008_ID_18['company_name']}</arg>
<status status="PASS" start="2024-09-17T14:40:24.869978" elapsed="1.152923"/>
</kw>
<kw name="Verify Input Company Name" owner="business_register_page">
<kw name="Verify Input Text Box" owner="business_register_page">
<kw name="Wait Until Element Is Visible" owner="SeleniumLibrary">
<arg>${TextBox}</arg>
<doc>Waits until the element ``locator`` is visible.</doc>
<status status="PASS" start="2024-09-17T14:40:26.025923" elapsed="0.414262"/>
</kw>
<kw name="Element Should Be Visible" owner="SeleniumLibrary">
<msg time="2024-09-17T14:40:26.865071" level="INFO">Element '//input[@id='companyName']' is displayed.</msg>
<arg>${TextBox}</arg>
<arg>${Value}</arg>
<doc>Verifies that the element identified by ``locator`` is visible.</doc>
<status status="PASS" start="2024-09-17T14:40:26.440185" elapsed="0.424886"/>
</kw>
<arg>${register_textbox_company_name_register_page}</arg>
<arg>${Value}</arg>
<status status="PASS" start="2024-09-17T14:40:26.024987" elapsed="0.840084"/>
</kw>
<arg>${AllSpeedy_Register_008_ID_18['company_name_expected']}</arg>
<status status="PASS" start="2024-09-17T14:40:26.023406" elapsed="0.841665"/>
</kw>
<kw name="Input Id Number" owner="business_register_page">
<kw name="Input Text Register" owner="business_register_page">
<kw name="Wait Until Element Is Visible" owner="SeleniumLibrary">
<arg>${TextBox}</arg>
<doc>Waits until the element ``locator`` is visible.</doc>
<status status="PASS" start="2024-09-17T14:40:26.866579" elapsed="0.416407"/>
</kw>
<kw name="Input Text" owner="SeleniumLibrary">
<msg time="2024-09-17T14:40:27.282986" level="INFO">Typing text '1234567891234' into text field '//input[@id='idNumber']'.</msg>
<arg>${TextBox}</arg>
<arg>${Value}</arg>
<doc>Types the given ``text`` into the text field identified by ``locator``.</doc>
<status status="PASS" start="2024-09-17T14:40:27.282986" elapsed="0.759792"/>
</kw>
<arg>${register_textbox_id_number_register_page}</arg>
<arg>${Value}</arg>
<status status="PASS" start="2024-09-17T14:40:26.866579" elapsed="1.176199"/>
</kw>
<arg>${AllSpeedy_Register_008_ID_18['id_number']}</arg>
<status status="PASS" start="2024-09-17T14:40:26.865575" elapsed="1.177203"/>
</kw>
<kw name="Verify Input Id Number" owner="business_register_page">
<kw name="Verify Input Text Box" owner="business_register_page">
<kw name="Wait Until Element Is Visible" owner="SeleniumLibrary">
<arg>${TextBox}</arg>
<doc>Waits until the element ``locator`` is visible.</doc>
<status status="PASS" start="2024-09-17T14:40:28.044816" elapsed="0.416534"/>
</kw>
<kw name="Element Should Be Visible" owner="SeleniumLibrary">
<msg time="2024-09-17T14:40:28.875565" level="INFO">Element '//input[@id='idNumber']' is displayed.</msg>
<arg>${TextBox}</arg>
<arg>${Value}</arg>
<doc>Verifies that the element identified by ``locator`` is visible.</doc>
<status status="PASS" start="2024-09-17T14:40:28.461350" elapsed="0.414215"/>
</kw>
<arg>${register_textbox_id_number_register_page}</arg>
<arg>${Value}</arg>
<status status="PASS" start="2024-09-17T14:40:28.043293" elapsed="0.832272"/>
</kw>
<arg>${AllSpeedy_Register_008_ID_18['id_number_expected']}</arg>
<status status="PASS" start="2024-09-17T14:40:28.043293" elapsed="0.832272"/>
</kw>
<kw name="Input Company Address" owner="business_register_page">
<kw name="Input Text Register" owner="business_register_page">
<kw name="Wait Until Element Is Visible" owner="SeleniumLibrary">
<arg>${TextBox}</arg>
<doc>Waits until the element ``locator`` is visible.</doc>
<status status="PASS" start="2024-09-17T14:40:28.876572" elapsed="0.419328"/>
</kw>
<kw name="Input Text" owner="SeleniumLibrary">
<msg time="2024-09-17T14:40:29.296429" level="INFO">Typing text '991/1 ถนนพระรามที่ 1' into text field '//input[@id='companyAddress_addressInfo']'.</msg>
<arg>${TextBox}</arg>
<arg>${Value}</arg>
<doc>Types the given ``text`` into the text field identified by ``locator``.</doc>
<status status="PASS" start="2024-09-17T14:40:29.295900" elapsed="0.798699"/>
</kw>
<arg>${register_textbox_company_address_register_page}</arg>
<arg>${Value}</arg>
<status status="PASS" start="2024-09-17T14:40:28.876572" elapsed="1.218632"/>
</kw>
<arg>${AllSpeedy_Register_008_ID_18['company_address']}</arg>
<status status="PASS" start="2024-09-17T14:40:28.875565" elapsed="1.219639"/>
</kw>
<kw name="Verify Input Company Address" owner="business_register_page">
<kw name="Verify Input Text Box" owner="business_register_page">
<kw name="Wait Until Element Is Visible" owner="SeleniumLibrary">
<arg>${TextBox}</arg>
<doc>Waits until the element ``locator`` is visible.</doc>
<status status="PASS" start="2024-09-17T14:40:30.105178" elapsed="0.426043"/>
</kw>
<kw name="Element Should Be Visible" owner="SeleniumLibrary">
<msg time="2024-09-17T14:40:30.947213" level="INFO">Element '//input[@id='companyAddress_addressInfo']' is displayed.</msg>
<arg>${TextBox}</arg>
<arg>${Value}</arg>
<doc>Verifies that the element identified by ``locator`` is visible.</doc>
<status status="PASS" start="2024-09-17T14:40:30.531221" elapsed="0.415992"/>
</kw>
<arg>${register_textbox_company_address_register_page}</arg>
<arg>${Value}</arg>
<status status="PASS" start="2024-09-17T14:40:30.103179" elapsed="0.844034"/>
</kw>
<arg>${AllSpeedy_Register_008_ID_18['company_address_expected']}</arg>
<status status="PASS" start="2024-09-17T14:40:30.097160" elapsed="0.850053"/>
</kw>
<kw name="Select Title Name" owner="business_register_page">
<kw name="Wait Until Element Is Visible" owner="SeleniumLibrary">
<arg>${register_dropdown_title_name_register_page}</arg>
<doc>Waits until the element ``locator`` is visible.</doc>
<status status="PASS" start="2024-09-17T14:40:30.948719" elapsed="0.420335"/>
</kw>
<kw name="Click Element" owner="SeleniumLibrary">
<msg time="2024-09-17T14:40:31.369562" level="INFO">Clicking element '//span[text()='คำนำหน้าชื่อ ']/../../..//span[@title='เลือก..']'.</msg>
<arg>${register_dropdown_title_name_register_page}</arg>
<doc>Click the element identified by ``locator``.</doc>
<status status="PASS" start="2024-09-17T14:40:31.369054" elapsed="0.454948"/>
</kw>
<kw name="Wait Until Element Is Visible" owner="SeleniumLibrary">
<arg>//div[text()='${Title}'][@class='ant-select-item-option-content']</arg>
<doc>Waits until the element ``locator`` is visible.</doc>
<status status="PASS" start="2024-09-17T14:40:31.824508" elapsed="0.417179"/>
</kw>
<kw name="Click Element" owner="SeleniumLibrary">
<msg time="2024-09-17T14:40:32.241687" level="INFO">Clicking element '//div[text()='นาง'][@class='ant-select-item-option-content']'.</msg>
<arg>//div[text()='${Title}'][@class='ant-select-item-option-content']</arg>
<doc>Click the element identified by ``locator``.</doc>
<status status="PASS" start="2024-09-17T14:40:32.241687" elapsed="0.479686"/>
</kw>
<arg>${AllSpeedy_Register_008_ID_18['title_name']}</arg>
<status status="PASS" start="2024-09-17T14:40:30.947715" elapsed="1.773658"/>
</kw>
<kw name="Verify Title Name" owner="business_register_page">
<kw name="Wait Until Element Is Visible" owner="SeleniumLibrary">
<arg>${register_select_title_name_register_page}</arg>
<arg>timeout=10s</arg>
<doc>Waits until the element ``locator`` is visible.</doc>
<status status="PASS" start="2024-09-17T14:40:32.723382" elapsed="0.417826"/>
</kw>
<kw name="Element Should Be Visible" owner="SeleniumLibrary">
<msg time="2024-09-17T14:40:33.557225" level="INFO">Element '//span[text()='คำนำหน้าชื่อ ']/../../..//span[@class='ant-select-selection-item']' is displayed.</msg>
<arg>${register_select_title_name_register_page}</arg>
<arg>${Title}</arg>
<doc>Verifies that the element identified by ``locator`` is visible.</doc>
<status status="PASS" start="2024-09-17T14:40:33.141208" elapsed="0.416017"/>
</kw>
<arg>${AllSpeedy_Register_008_ID_18['title_name_expected']}</arg>
<status status="PASS" start="2024-09-17T14:40:32.721373" elapsed="0.835852"/>
</kw>
<kw name="Input First Name" owner="business_register_page">
<kw name="Input Text Register" owner="business_register_page">
<kw name="Wait Until Element Is Visible" owner="SeleniumLibrary">
<arg>${TextBox}</arg>
<doc>Waits until the element ``locator`` is visible.</doc>
<status status="PASS" start="2024-09-17T14:40:33.558733" elapsed="0.417117"/>
</kw>
<kw name="Input Text" owner="SeleniumLibrary">
<msg time="2024-09-17T14:40:33.975850" level="INFO">Typing text 'สปีดดี' into text field '//input[@id='firstName']'.</msg>
<arg>${TextBox}</arg>
<arg>${Value}</arg>
<doc>Types the given ``text`` into the text field identified by ``locator``.</doc>
<status status="PASS" start="2024-09-17T14:40:33.975850" elapsed="0.689392"/>
</kw>
<arg>${register_textbox_first_name_register_page}</arg>
<arg>${Value}</arg>
<status status="PASS" start="2024-09-17T14:40:33.558733" elapsed="1.106509"/>
</kw>
<arg>${AllSpeedy_Register_008_ID_18['first_name']}</arg>
<status status="PASS" start="2024-09-17T14:40:33.557729" elapsed="1.107513"/>
</kw>
<kw name="Verify Input First Name" owner="business_register_page">
<kw name="Verify Input Text Box" owner="business_register_page">
<kw name="Wait Until Element Is Visible" owner="SeleniumLibrary">
<arg>${TextBox}</arg>
<doc>Waits until the element ``locator`` is visible.</doc>
<status status="PASS" start="2024-09-17T14:40:34.666713" elapsed="0.415204"/>
</kw>
<kw name="Element Should Be Visible" owner="SeleniumLibrary">
<msg time="2024-09-17T14:40:35.496774" level="INFO">Element '//input[@id='firstName']' is displayed.</msg>
<arg>${TextBox}</arg>
<arg>${Value}</arg>
<doc>Verifies that the element identified by ``locator`` is visible.</doc>
<status status="PASS" start="2024-09-17T14:40:35.081917" elapsed="0.414857"/>
</kw>
<arg>${register_textbox_first_name_register_page}</arg>
<arg>${Value}</arg>
<status status="PASS" start="2024-09-17T14:40:34.666713" elapsed="0.830061"/>
</kw>
<arg>${AllSpeedy_Register_008_ID_18['first_name_expected']}</arg>
<status status="PASS" start="2024-09-17T14:40:34.665673" elapsed="0.831101"/>
</kw>
<kw name="Input Last Name" owner="business_register_page">
<kw name="Input Text Register" owner="business_register_page">
<kw name="Wait Until Element Is Visible" owner="SeleniumLibrary">
<arg>${TextBox}</arg>
<doc>Waits until the element ``locator`` is visible.</doc>
<status status="PASS" start="2024-09-17T14:40:35.498779" elapsed="0.421523"/>
</kw>
<kw name="Input Text" owner="SeleniumLibrary">
<msg time="2024-09-17T14:40:35.920846" level="INFO">Typing text 'สปีดดี' into text field '//input[@id='lastName']'.</msg>
<arg>${TextBox}</arg>
<arg>${Value}</arg>
<doc>Types the given ``text`` into the text field identified by ``locator``.</doc>
<status status="PASS" start="2024-09-17T14:40:35.920302" elapsed="0.684315"/>
</kw>
<arg>${register_textbox_last_name_register_page}</arg>
<arg>${Value}</arg>
<status status="PASS" start="2024-09-17T14:40:35.498779" elapsed="1.105838"/>
</kw>
<arg>${AllSpeedy_Register_008_ID_18['first_name']}</arg>
<status status="PASS" start="2024-09-17T14:40:35.496774" elapsed="1.108348"/>
</kw>
<kw name="Verify Input Last Name" owner="business_register_page">
<kw name="Verify Input Text Box" owner="business_register_page">
<kw name="Wait Until Element Is Visible" owner="SeleniumLibrary">
<arg>${TextBox}</arg>
<doc>Waits until the element ``locator`` is visible.</doc>
<status status="PASS" start="2024-09-17T14:40:36.607127" elapsed="0.437754"/>
</kw>
<kw name="Element Should Be Visible" owner="SeleniumLibrary">
<msg time="2024-09-17T14:40:37.462595" level="INFO">Element '//input[@id='lastName']' is displayed.</msg>
<arg>${TextBox}</arg>
<arg>${Value}</arg>
<doc>Verifies that the element identified by ``locator`` is visible.</doc>
<status status="PASS" start="2024-09-17T14:40:37.044881" elapsed="0.417714"/>
</kw>
<arg>${register_textbox_last_name_register_page}</arg>
<arg>${Value}</arg>
<status status="PASS" start="2024-09-17T14:40:36.606128" elapsed="0.856467"/>
</kw>
<arg>${AllSpeedy_Register_008_ID_18['first_name_expected']}</arg>
<status status="PASS" start="2024-09-17T14:40:36.605122" elapsed="0.857473"/>
</kw>
<kw name="Input Email" owner="business_register_page">
<kw name="Input Text Register" owner="business_register_page">
<kw name="Wait Until Element Is Visible" owner="SeleniumLibrary">
<arg>${TextBox}</arg>
<doc>Waits until the element ``locator`` is visible.</doc>
<status status="PASS" start="2024-09-17T14:40:37.463604" elapsed="0.416836"/>
</kw>
<kw name="Input Text" owner="SeleniumLibrary">
<msg time="2024-09-17T14:40:37.880947" level="INFO">Typing text 'testregister.business@yopmail.com' into text field '//input[@id='email']'.</msg>
<arg>${TextBox}</arg>
<arg>${Value}</arg>
<doc>Types the given ``text`` into the text field identified by ``locator``.</doc>
<status status="PASS" start="2024-09-17T14:40:37.880440" elapsed="0.960758"/>
</kw>
<arg>${register_textbox_email_register_page}</arg>
<arg>${Value}</arg>
<status status="PASS" start="2024-09-17T14:40:37.463604" elapsed="1.377594"/>
</kw>
<arg>${AllSpeedy_Register_008_ID_18['email']}</arg>
<status status="PASS" start="2024-09-17T14:40:37.462595" elapsed="1.378603"/>
</kw>
<kw name="Verify Input Email" owner="business_register_page">
<kw name="Verify Input Text Box" owner="business_register_page">
<kw name="Wait Until Element Is Visible" owner="SeleniumLibrary">
<arg>${TextBox}</arg>
<doc>Waits until the element ``locator`` is visible.</doc>
<status status="PASS" start="2024-09-17T14:40:38.843103" elapsed="0.415446"/>
</kw>
<kw name="Element Should Be Visible" owner="SeleniumLibrary">
<msg time="2024-09-17T14:40:39.673015" level="INFO">Element '//input[@id='email']' is displayed.</msg>
<arg>${TextBox}</arg>
<arg>${Value}</arg>
<doc>Verifies that the element identified by ``locator`` is visible.</doc>
<status status="PASS" start="2024-09-17T14:40:39.258549" elapsed="0.414466"/>
</kw>
<arg>${register_textbox_email_register_page}</arg>
<arg>${Value}</arg>
<status status="PASS" start="2024-09-17T14:40:38.843103" elapsed="0.829912"/>
</kw>
<arg>${AllSpeedy_Register_008_ID_18['email_expected']}</arg>
<status status="PASS" start="2024-09-17T14:40:38.842097" elapsed="0.830918"/>
</kw>
<kw name="Input Mobile No" owner="business_register_page">
<kw name="Input Text Register" owner="business_register_page">
<kw name="Wait Until Element Is Visible" owner="SeleniumLibrary">
<arg>${TextBox}</arg>
<doc>Waits until the element ``locator`` is visible.</doc>
<status status="PASS" start="2024-09-17T14:40:39.675054" elapsed="0.422969"/>
</kw>
<kw name="Input Text" owner="SeleniumLibrary">
<msg time="2024-09-17T14:40:40.098023" level="INFO">Typing text '0981234567' into text field '//input[@id='mobileNo']'.</msg>
<arg>${TextBox}</arg>
<arg>${Value}</arg>
<doc>Types the given ``text`` into the text field identified by ``locator``.</doc>
<status status="PASS" start="2024-09-17T14:40:40.098023" elapsed="0.715375"/>
</kw>
<arg>${register_textbox_mobile_no_register_page}</arg>
<arg>${Value}</arg>
<status status="PASS" start="2024-09-17T14:40:39.675054" elapsed="1.138344"/>
</kw>
<arg>${AllSpeedy_Register_008_ID_18['mobile_no']}</arg>
<status status="PASS" start="2024-09-17T14:40:39.674024" elapsed="1.139374"/>
</kw>
<kw name="Verify Input Mobile No" owner="business_register_page">
<kw name="Verify Input Text Box" owner="business_register_page">
<kw name="Wait Until Element Is Visible" owner="SeleniumLibrary">
<arg>${TextBox}</arg>
<doc>Waits until the element ``locator`` is visible.</doc>
<status status="PASS" start="2024-09-17T14:40:40.814925" elapsed="0.444905"/>
</kw>
<kw name="Element Should Be Visible" owner="SeleniumLibrary">
<msg time="2024-09-17T14:40:41.672725" level="INFO">Element '//input[@id='mobileNo']' is displayed.</msg>
<arg>${TextBox}</arg>
<arg>${Value}</arg>
<doc>Verifies that the element identified by ``locator`` is visible.</doc>
<status status="PASS" start="2024-09-17T14:40:41.259830" elapsed="0.412895"/>
</kw>
<arg>${register_textbox_mobile_no_register_page}</arg>
<arg>${Value}</arg>
<status status="PASS" start="2024-09-17T14:40:40.814925" elapsed="0.857800"/>
</kw>
<arg>${AllSpeedy_Register_008_ID_18['mobile_no_expected']}</arg>
<status status="PASS" start="2024-09-17T14:40:40.813398" elapsed="0.859327"/>
</kw>
<kw name="Input Mobile Ext" owner="business_register_page">
<kw name="Input Text Register" owner="business_register_page">
<kw name="Wait Until Element Is Visible" owner="SeleniumLibrary">
<arg>${TextBox}</arg>
<doc>Waits until the element ``locator`` is visible.</doc>
<status status="PASS" start="2024-09-17T14:40:41.673734" elapsed="0.422782"/>
</kw>
<kw name="Input Text" owner="SeleniumLibrary">
<msg time="2024-09-17T14:40:42.096516" level="INFO">Typing text '890' into text field '//input[@id='mobileExt']'.</msg>
<arg>${TextBox}</arg>
<arg>${Value}</arg>
<doc>Types the given ``text`` into the text field identified by ``locator``.</doc>
<status status="PASS" start="2024-09-17T14:40:42.096516" elapsed="0.662639"/>
</kw>
<arg>${register_textbox_mobile_ext_register_page}</arg>
<arg>${Value}</arg>
<status status="PASS" start="2024-09-17T14:40:41.673734" elapsed="1.085421"/>
</kw>
<arg>${AllSpeedy_Register_008_ID_18['mobile_ext']}</arg>
<status status="PASS" start="2024-09-17T14:40:41.672725" elapsed="1.086430"/>
</kw>
<kw name="Verify Input Mobile Ext" owner="business_register_page">
<kw name="Verify Input Text Box" owner="business_register_page">
<kw name="Wait Until Element Is Visible" owner="SeleniumLibrary">
<arg>${TextBox}</arg>
<doc>Waits until the element ``locator`` is visible.</doc>
<status status="PASS" start="2024-09-17T14:40:42.760613" elapsed="0.413801"/>
</kw>
<kw name="Element Should Be Visible" owner="SeleniumLibrary">
<msg time="2024-09-17T14:40:43.589889" level="INFO">Element '//input[@id='mobileExt']' is displayed.</msg>
<arg>${TextBox}</arg>
<arg>${Value}</arg>
<doc>Verifies that the element identified by ``locator`` is visible.</doc>
<status status="PASS" start="2024-09-17T14:40:43.174414" elapsed="0.415475"/>
</kw>
<arg>${register_textbox_mobile_ext_register_page}</arg>
<arg>${Value}</arg>
<status status="PASS" start="2024-09-17T14:40:42.760613" elapsed="0.829276"/>
</kw>
<arg>${AllSpeedy_Register_008_ID_18['mobile_ext']}</arg>
<status status="PASS" start="2024-09-17T14:40:42.759155" elapsed="0.830734"/>
</kw>
<kw name="Verify Capture Screenshot" owner="common">
<kw name="Get Current Date" owner="DateTime">
<msg time="2024-09-17T14:40:43.590926" level="INFO">${date_YYYY_MM_DD} = 2024-09-17 14:40:43.591</msg>
<var>${date_YYYY_MM_DD}</var>
<doc>Returns current local or UTC time with an optional increment.</doc>
<status status="PASS" start="2024-09-17T14:40:43.590409" elapsed="0.000517"/>
</kw>
<kw name="Convert Date" owner="DateTime">
<msg time="2024-09-17T14:40:43.590926" level="INFO">${date_YYYY_MM_DD} = 2024-09-17</msg>
<var>${date_YYYY_MM_DD}</var>
<arg>${date_YYYY_MM_DD}</arg>
<arg>result_format=%Y-%m-%d</arg>
<doc>Converts between supported `date formats`.</doc>
<status status="PASS" start="2024-09-17T14:40:43.590926" elapsed="0.000000"/>
</kw>
<kw name="Capture Page Screenshot" owner="SeleniumLibrary">
<msg time="2024-09-17T14:40:43.857387" level="INFO" html="true">&lt;/td&gt;&lt;/tr&gt;&lt;tr&gt;&lt;td colspan="3"&gt;&lt;a href="../results/2024-09-17/AllSpeedy_Register_008_ID_18/filled%20in%20contact%20information%20success.png"&gt;&lt;img src="../results/2024-09-17/AllSpeedy_Register_008_ID_18/filled%20in%20contact%20information%20success.png" width="800px"&gt;&lt;/a&gt;</msg>
<arg>../results/${FOlDER_RESULT}/${folder}/${img_name}.png</arg>
<doc>Takes a screenshot of the current page and embeds it into a log file.</doc>
<status status="PASS" start="2024-09-17T14:40:43.591444" elapsed="0.265943"/>
</kw>
<kw name="Capture Fullpage Screenshot" owner="CustomSeleniumLibrary">
<msg time="2024-09-17T14:40:46.064780" level="INFO">Slept 2 seconds.</msg>
<msg time="2024-09-17T14:40:49.129069" level="INFO" html="true">&lt;/td&gt;&lt;/tr&gt;&lt;tr&gt;&lt;td colspan="3"&gt;https://www-uat.allspeedy.co.th/business-register&lt;/td&gt;&lt;/tr&gt;&lt;tr&gt;&lt;td colspan="3"&gt;&lt;a href="../results/2024-09-17/AllSpeedy_Register_008_ID_18/filled%20in%20contact%20information%20success_fullpage1.png"&gt;&lt;img src="../results/2024-09-17/AllSpeedy_Register_008_ID_18/filled%20in%20contact%20information%20success_fullpage1.png" width="800px"&gt;&lt;/a&gt;</msg>
<arg>../results/${FOlDER_RESULT}/${folder}/${img_name}_fullpage1.png</arg>
<status status="PASS" start="2024-09-17T14:40:43.857387" elapsed="5.272198"/>
</kw>
<arg>AllSpeedy_Register_008_ID_18</arg>
<arg>filled in contact information success</arg>
<status status="PASS" start="2024-09-17T14:40:43.590409" elapsed="5.539176"/>
</kw>
<doc>[ลงทะเบียน (Pre Register) ในส่วนของข้อมูลบริษัท (ข้อมูลทั่วไป) สำหรับลูกค้าธุรกิจ ] ขั้นตอนการระบุข้อมูลบริษัท (ข้อมูลทั่วไป) ประเภทคู่ค้า นิติบุคคล: กรอกข้อมูลถูกต้องครบถ้วน</doc>
<tag>AllSpeedy_Register_008</tag>
<tag>Medium</tag>
<tag>Regression</tag>
<tag>UAT</tag>
<status status="PASS" start="2024-09-17T14:40:16.913812" elapsed="32.216787"/>
</test>
<kw name="Close Browser" owner="SeleniumLibrary" type="TEARDOWN">
<doc>Closes the current browser.</doc>
<status status="PASS" start="2024-09-17T14:40:49.131591" elapsed="2.382151"/>
</kw>
<status status="PASS" start="2024-09-17T14:40:14.351154" elapsed="37.162588"/>
</suite>
<statistics>
<total>
<stat pass="1" fail="0" skip="0">All Tests</stat>
</total>
<tag>
<stat pass="1" fail="0" skip="0">AllSpeedy_Register_008</stat>
<stat pass="1" fail="0" skip="0">Medium</stat>
<stat pass="1" fail="0" skip="0">Regression</stat>
<stat pass="1" fail="0" skip="0">UAT</stat>
</tag>
<suite>
<stat pass="1" fail="0" skip="0" id="s1" name="Allspeedy Register 008">Allspeedy Register 008</stat>
</suite>
</statistics>
<errors>
</errors>
</robot>
